{"meta": {"format": 3, "version": "7.13.5", "timestamp": "2026-05-12T18:15:17.480050", "branch_coverage": true, "show_contexts": false}, "files": {"dashboard\\__init__.py": {"executed_lines": [], "summary": {"covered_lines": 0, "num_statements": 0, "percent_covered": 100.0, "percent_covered_display": "100", "missing_lines": 0, "excluded_lines": 0, "percent_statements_covered": 100.0, "percent_statements_covered_display": "100", "num_branches": 0, "num_partial_branches": 0, "covered_branches": 0, "missing_branches": 0, "percent_branches_covered": 100.0, "percent_branches_covered_display": "100"}, "missing_lines": [], "excluded_lines": [], "executed_branches": [], "missing_branches": [], "functions": {"": {"executed_lines": [], "summary": {"covered_lines": 0, "num_statements": 0, "percent_covered": 100.0, "percent_covered_display": "100", "missing_lines": 0, "excluded_lines": 0, "percent_statements_covered": 100.0, "percent_statements_covered_display": "100", "num_branches": 0, "num_partial_branches": 0, "covered_branches": 0, "missing_branches": 0, "percent_branches_covered": 100.0, "percent_branches_covered_display": "100"}, "missing_lines": [], "excluded_lines": [], "start_line": 1, "executed_branches": [], "missing_branches": []}}, "classes": {"": {"executed_lines": [], "summary": {"covered_lines": 0, "num_statements": 0, "percent_covered": 100.0, "percent_covered_display": "100", "missing_lines": 0, "excluded_lines": 0, "percent_statements_covered": 100.0, "percent_statements_covered_display": "100", "num_branches": 0, "num_partial_branches": 0, "covered_branches": 0, "missing_branches": 0, "percent_branches_covered": 100.0, "percent_branches_covered_display": "100"}, "missing_lines": [], "excluded_lines": [], "start_line": 1, "executed_branches": [], "missing_branches": []}}}, "dashboard\\classifiers.py": {"executed_lines": [3, 5, 9, 11, 15, 60, 61, 62, 63, 64, 65, 67, 68, 69, 71, 75, 104, 109, 110, 111, 112, 113, 114, 115, 116, 120, 137, 145, 164, 169, 170, 171, 172, 173, 174, 175, 179, 190, 191, 192, 193, 197, 209, 210, 211, 212], "summary": {"covered_lines": 46, "num_statements": 50, "percent_covered": 90.78947368421052, "percent_covered_display": "91", "missing_lines": 4, "excluded_lines": 0, "percent_statements_covered": 92.0, "percent_statements_covered_display": "92", "num_branches": 26, "num_partial_branches": 1, "covered_branches": 23, "missing_branches": 3, "percent_branches_covered": 88.46153846153847, "percent_branches_covered_display": "88"}, "missing_lines": [70, 139, 140, 141], "excluded_lines": [], "executed_branches": [[61, 62], [61, 63], [64, 65], [64, 67], [67, 68], [67, 71], [69, 67], [110, 111], [110, 112], [113, 114], [113, 116], [114, 113], [114, 115], [170, 171], [170, 172], [172, 173], [172, 175], [173, 172], [173, 174], [191, 192], [191, 193], [210, 211], [210, 212]], "missing_branches": [[69, 70], [139, 140], [139, 141]], "functions": {"cpv_label": {"executed_lines": [61, 62, 63, 64, 65, 67, 68, 69, 71], "summary": {"covered_lines": 9, "num_statements": 10, "percent_covered": 88.88888888888889, "percent_covered_display": "89", "missing_lines": 1, "excluded_lines": 0, "percent_statements_covered": 90.0, "percent_statements_covered_display": "90", "num_branches": 8, "num_partial_branches": 1, "covered_branches": 7, "missing_branches": 1, "percent_branches_covered": 87.5, "percent_branches_covered_display": "88"}, "missing_lines": [70], "excluded_lines": [], "start_line": 60, "executed_branches": [[61, 62], [61, 63], [64, 65], [64, 67], [67, 68], [67, 71], [69, 67]], "missing_branches": [[69, 70]]}, "detect_modules": {"executed_lines": [110, 111, 112, 113, 114, 115, 116], "summary": {"covered_lines": 7, "num_statements": 7, "percent_covered": 100.0, "percent_covered_display": "100", "missing_lines": 0, "excluded_lines": 0, "percent_statements_covered": 100.0, "percent_statements_covered_display": "100", "num_branches": 6, "num_partial_branches": 0, "covered_branches": 6, "missing_branches": 0, "percent_branches_covered": 100.0, "percent_branches_covered_display": "100"}, "missing_lines": [], "excluded_lines": [], "start_line": 109, "executed_branches": [[110, 111], [110, 112], [113, 114], [113, 116], [114, 113], [114, 115]], "missing_branches": []}, "tecnologia_label": {"executed_lines": [], "summary": {"covered_lines": 0, "num_statements": 3, "percent_covered": 0.0, "percent_covered_display": "0", "missing_lines": 3, "excluded_lines": 0, "percent_statements_covered": 0.0, "percent_statements_covered_display": "0", "num_branches": 2, "num_partial_branches": 0, "covered_branches": 0, "missing_branches": 2, "percent_branches_covered": 0.0, "percent_branches_covered_display": "0"}, "missing_lines": [139, 140, 141], "excluded_lines": [], "start_line": 137, "executed_branches": [], "missing_branches": [[139, 140], [139, 141]]}, "detect_project_type": {"executed_lines": [170, 171, 172, 173, 174, 175], "summary": {"covered_lines": 6, "num_statements": 6, "percent_covered": 100.0, "percent_covered_display": "100", "missing_lines": 0, "excluded_lines": 0, "percent_statements_covered": 100.0, "percent_statements_covered_display": "100", "num_branches": 6, "num_partial_branches": 0, "covered_branches": 6, "missing_branches": 0, "percent_branches_covered": 100.0, "percent_branches_covered_display": "100"}, "missing_lines": [], "excluded_lines": [], "start_line": 169, "executed_branches": [[170, 171], [170, 172], [172, 173], [172, 175], [173, 172], [173, 174]], "missing_branches": []}, "estado_label": {"executed_lines": [191, 192, 193], "summary": {"covered_lines": 3, "num_statements": 3, "percent_covered": 100.0, "percent_covered_display": "100", "missing_lines": 0, "excluded_lines": 0, "percent_statements_covered": 100.0, "percent_statements_covered_display": "100", "num_branches": 2, "num_partial_branches": 0, "covered_branches": 2, "missing_branches": 0, "percent_branches_covered": 100.0, "percent_branches_covered_display": "100"}, "missing_lines": [], "excluded_lines": [], "start_line": 190, "executed_branches": [[191, 192], [191, 193]], "missing_branches": []}, "tipo_contrato_label": {"executed_lines": [210, 211, 212], "summary": {"covered_lines": 3, "num_statements": 3, "percent_covered": 100.0, "percent_covered_display": "100", "missing_lines": 0, "excluded_lines": 0, "percent_statements_covered": 100.0, "percent_statements_covered_display": "100", "num_branches": 2, "num_partial_branches": 0, "covered_branches": 2, "missing_branches": 0, "percent_branches_covered": 100.0, "percent_branches_covered_display": "100"}, "missing_lines": [], "excluded_lines": [], "start_line": 209, "executed_branches": [[210, 211], [210, 212]], "missing_branches": []}, "": {"executed_lines": [3, 5, 9, 11, 15, 60, 75, 104, 109, 120, 137, 145, 164, 169, 179, 190, 197, 209], "summary": {"covered_lines": 18, "num_statements": 18, "percent_covered": 100.0, "percent_covered_display": "100", "missing_lines": 0, "excluded_lines": 0, "percent_statements_covered": 100.0, "percent_statements_covered_display": "100", "num_branches": 0, "num_partial_branches": 0, "covered_branches": 0, "missing_branches": 0, "percent_branches_covered": 100.0, "percent_branches_covered_display": "100"}, "missing_lines": [], "excluded_lines": [], "start_line": 1, "executed_branches": [], "missing_branches": []}}, "classes": {"": {"executed_lines": [3, 5, 9, 11, 15, 60, 61, 62, 63, 64, 65, 67, 68, 69, 71, 75, 104, 109, 110, 111, 112, 113, 114, 115, 116, 120, 137, 145, 164, 169, 170, 171, 172, 173, 174, 175, 179, 190, 191, 192, 193, 197, 209, 210, 211, 212], "summary": {"covered_lines": 46, "num_statements": 50, "percent_covered": 90.78947368421052, "percent_covered_display": "91", "missing_lines": 4, "excluded_lines": 0, "percent_statements_covered": 92.0, "percent_statements_covered_display": "92", "num_branches": 26, "num_partial_branches": 1, "covered_branches": 23, "missing_branches": 3, "percent_branches_covered": 88.46153846153847, "percent_branches_covered_display": "88"}, "missing_lines": [70, 139, 140, 141], "excluded_lines": [], "start_line": 1, "executed_branches": [[61, 62], [61, 63], [64, 65], [64, 67], [67, 68], [67, 71], [69, 67], [110, 111], [110, 112], [113, 114], [113, 116], [114, 113], [114, 115], [170, 171], [170, 172], [172, 173], [172, 175], [173, 172], [173, 174], [191, 192], [191, 193], [210, 211], [210, 212]], "missing_branches": [[69, 70], [139, 140], [139, 141]]}}}, "dashboard\\embeddings.py": {"executed_lines": [10, 12, 13, 14, 16, 18, 20, 22, 27, 28, 29, 32, 33, 36, 37, 45, 47, 53, 73, 75, 76, 77, 78, 79, 82, 111, 114, 120, 121, 123, 124, 125, 127, 128, 129, 130, 131, 132, 134, 135, 138, 144, 150], "summary": {"covered_lines": 43, "num_statements": 65, "percent_covered": 67.46987951807229, "percent_covered_display": "67", "missing_lines": 22, "excluded_lines": 0, "percent_statements_covered": 66.15384615384616, "percent_statements_covered_display": "66", "num_branches": 18, "num_partial_branches": 1, "covered_branches": 13, "missing_branches": 5, "percent_branches_covered": 72.22222222222223, "percent_branches_covered_display": "72"}, "missing_lines": [31, 39, 41, 42, 59, 60, 61, 63, 64, 70, 97, 98, 100, 101, 102, 104, 105, 106, 145, 146, 147, 148], "excluded_lines": [], "executed_branches": [[75, 76], [75, 77], [77, 78], [77, 79], [120, 121], [120, 123], [124, 125], [124, 127], [128, 129], [128, 134], [131, 128], [131, 132], [144, 150]], "missing_branches": [[59, 60], [59, 63], [97, 98], [97, 100], [144, 145]], "functions": {"_has_sentence_transformers": {"executed_lines": [28, 29, 32, 33], "summary": {"covered_lines": 4, "num_statements": 5, "percent_covered": 80.0, "percent_covered_display": "80", "missing_lines": 1, "excluded_lines": 0, "percent_statements_covered": 80.0, "percent_statements_covered_display": "80", "num_branches": 0, "num_partial_branches": 0, "covered_branches": 0, "missing_branches": 0, "percent_branches_covered": 100.0, "percent_branches_covered_display": "100"}, "missing_lines": [31], "excluded_lines": [], "start_line": 27, "executed_branches": [], "missing_branches": []}, "_load_model": {"executed_lines": [], "summary": {"covered_lines": 0, "num_statements": 3, "percent_covered": 0.0, "percent_covered_display": "0", "missing_lines": 3, "excluded_lines": 0, "percent_statements_covered": 0.0, "percent_statements_covered_display": "0", "num_branches": 0, "num_partial_branches": 0, "covered_branches": 0, "missing_branches": 0, "percent_branches_covered": 100.0, "percent_branches_covered_display": "100"}, "missing_lines": [39, 41, 42], "excluded_lines": [], "start_line": 37, "executed_branches": [], "missing_branches": []}, "embeddings_available": {"executed_lines": [47], "summary": {"covered_lines": 1, "num_statements": 1, "percent_covered": 100.0, "percent_covered_display": "100", "missing_lines": 0, "excluded_lines": 0, "percent_statements_covered": 100.0, "percent_statements_covered_display": "100", "num_branches": 0, "num_partial_branches": 0, "covered_branches": 0, "missing_branches": 0, "percent_branches_covered": 100.0, "percent_branches_covered_display": "100"}, "missing_lines": [], "excluded_lines": [], "start_line": 45, "executed_branches": [], "missing_branches": []}, "encode_texts": {"executed_lines": [], "summary": {"covered_lines": 0, "num_statements": 6, "percent_covered": 0.0, "percent_covered_display": "0", "missing_lines": 6, "excluded_lines": 0, "percent_statements_covered": 0.0, "percent_statements_covered_display": "0", "num_branches": 2, "num_partial_branches": 0, "covered_branches": 0, "missing_branches": 2, "percent_branches_covered": 0.0, "percent_branches_covered_display": "0"}, "missing_lines": [59, 60, 61, 63, 64, 70], "excluded_lines": [], "start_line": 53, "executed_branches": [], "missing_branches": [[59, 60], [59, 63]]}, "cosine_similarity": {"executed_lines": [75, 76, 77, 78, 79], "summary": {"covered_lines": 5, "num_statements": 5, "percent_covered": 100.0, "percent_covered_display": "100", "missing_lines": 0, "excluded_lines": 0, "percent_statements_covered": 100.0, "percent_statements_covered_display": "100", "num_branches": 4, "num_partial_branches": 0, "covered_branches": 4, "missing_branches": 0, "percent_branches_covered": 100.0, "percent_branches_covered_display": "100"}, "missing_lines": [], "excluded_lines": [], "start_line": 73, "executed_branches": [[75, 76], [75, 77], [77, 78], [77, 79]], "missing_branches": []}, "semantic_match": {"executed_lines": [], "summary": {"covered_lines": 0, "num_statements": 8, "percent_covered": 0.0, "percent_covered_display": "0", "missing_lines": 8, "excluded_lines": 0, "percent_statements_covered": 0.0, "percent_statements_covered_display": "0", "num_branches": 2, "num_partial_branches": 0, "covered_branches": 0, "missing_branches": 2, "percent_branches_covered": 0.0, "percent_branches_covered_display": "0"}, "missing_lines": [97, 98, 100, 101, 102, 104, 105, 106], "excluded_lines": [], "start_line": 82, "executed_branches": [], "missing_branches": [[97, 98], [97, 100]]}, "substring_match": {"executed_lines": [120, 121, 123, 124, 125, 127, 128, 129, 130, 131, 132, 134, 135], "summary": {"covered_lines": 13, "num_statements": 13, "percent_covered": 100.0, "percent_covered_display": "100", "missing_lines": 0, "excluded_lines": 0, "percent_statements_covered": 100.0, "percent_statements_covered_display": "100", "num_branches": 8, "num_partial_branches": 0, "covered_branches": 8, "missing_branches": 0, "percent_branches_covered": 100.0, "percent_branches_covered_display": "100"}, "missing_lines": [], "excluded_lines": [], "start_line": 114, "executed_branches": [[120, 121], [120, 123], [124, 125], [124, 127], [128, 129], [128, 134], [131, 128], [131, 132]], "missing_branches": []}, "smart_match": {"executed_lines": [144, 150], "summary": {"covered_lines": 2, "num_statements": 6, "percent_covered": 37.5, "percent_covered_display": "38", "missing_lines": 4, "excluded_lines": 0, "percent_statements_covered": 33.333333333333336, "percent_statements_covered_display": "33", "num_branches": 2, "num_partial_branches": 1, "covered_branches": 1, "missing_branches": 1, "percent_branches_covered": 50.0, "percent_branches_covered_display": "50"}, "missing_lines": [145, 146, 147, 148], "excluded_lines": [], "start_line": 138, "executed_branches": [[144, 150]], "missing_branches": [[144, 145]]}, "": {"executed_lines": [10, 12, 13, 14, 16, 18, 20, 22, 27, 36, 37, 45, 53, 73, 82, 111, 114, 138], "summary": {"covered_lines": 18, "num_statements": 18, "percent_covered": 100.0, "percent_covered_display": "100", "missing_lines": 0, "excluded_lines": 0, "percent_statements_covered": 100.0, "percent_statements_covered_display": "100", "num_branches": 0, "num_partial_branches": 0, "covered_branches": 0, "missing_branches": 0, "percent_branches_covered": 100.0, "percent_branches_covered_display": "100"}, "missing_lines": [], "excluded_lines": [], "start_line": 1, "executed_branches": [], "missing_branches": []}}, "classes": {"": {"executed_lines": [10, 12, 13, 14, 16, 18, 20, 22, 27, 28, 29, 32, 33, 36, 37, 45, 47, 53, 73, 75, 76, 77, 78, 79, 82, 111, 114, 120, 121, 123, 124, 125, 127, 128, 129, 130, 131, 132, 134, 135, 138, 144, 150], "summary": {"covered_lines": 43, "num_statements": 65, "percent_covered": 67.46987951807229, "percent_covered_display": "67", "missing_lines": 22, "excluded_lines": 0, "percent_statements_covered": 66.15384615384616, "percent_statements_covered_display": "66", "num_branches": 18, "num_partial_branches": 1, "covered_branches": 13, "missing_branches": 5, "percent_branches_covered": 72.22222222222223, "percent_branches_covered_display": "72"}, "missing_lines": [31, 39, 41, 42, 59, 60, 61, 63, 64, 70, 97, 98, 100, 101, 102, 104, 105, 106, 145, 146, 147, 148], "excluded_lines": [], "start_line": 1, "executed_branches": [[75, 76], [75, 77], [77, 78], [77, 79], [120, 121], [120, 123], [124, 125], [124, 127], [128, 129], [128, 134], [131, 128], [131, 132], [144, 150]], "missing_branches": [[59, 60], [59, 63], [97, 98], [97, 100], [144, 145]]}}}, "dashboard\\forecast.py": {"executed_lines": [3, 5, 8, 17, 18, 19, 20, 21, 22, 23, 24, 25, 26, 27, 28, 29, 32, 38, 39, 40, 41, 42, 43, 44, 47, 64, 65, 68, 69, 71, 72, 73, 75, 78, 79, 80, 83, 84, 95, 97, 98, 99, 100, 102, 103, 107, 108, 109, 110, 119, 120, 121, 122, 125, 126, 131, 132, 135, 136, 137, 140, 141, 142, 146, 151], "summary": {"covered_lines": 65, "num_statements": 65, "percent_covered": 97.75280898876404, "percent_covered_display": "98", "missing_lines": 0, "excluded_lines": 0, "percent_statements_covered": 100.0, "percent_statements_covered_display": "100", "num_branches": 24, "num_partial_branches": 2, "covered_branches": 22, "missing_branches": 2, "percent_branches_covered": 91.66666666666667, "percent_branches_covered_display": "92"}, "missing_lines": [], "excluded_lines": [], "executed_branches": [[18, 19], [18, 20], [24, 25], [24, 26], [27, 28], [27, 29], [38, 39], [38, 40], [40, 41], [40, 42], [42, 43], [42, 44], [64, 65], [64, 68], [68, 69], [68, 71], [72, 73], [72, 75], [83, 84], [83, 97], [108, 109], [121, 122]], "missing_branches": [[108, 110], [121, 126]], "functions": {"to_months": {"executed_lines": [18, 19, 20, 21, 22, 23, 24, 25, 26, 27, 28, 29], "summary": {"covered_lines": 12, "num_statements": 12, "percent_covered": 100.0, "percent_covered_display": "100", "missing_lines": 0, "excluded_lines": 0, "percent_statements_covered": 100.0, "percent_statements_covered_display": "100", "num_branches": 6, "num_partial_branches": 0, "covered_branches": 6, "missing_branches": 0, "percent_branches_covered": 100.0, "percent_branches_covered_display": "100"}, "missing_lines": [], "excluded_lines": [], "start_line": 17, "executed_branches": [[18, 19], [18, 20], [24, 25], [24, 26], [27, 28], [27, 29]], "missing_branches": []}, "estimate_end_date": {"executed_lines": [38, 39, 40, 41, 42, 43, 44], "summary": {"covered_lines": 7, "num_statements": 7, "percent_covered": 100.0, "percent_covered_display": "100", "missing_lines": 0, "excluded_lines": 0, "percent_statements_covered": 100.0, "percent_statements_covered_display": "100", "num_branches": 6, "num_partial_branches": 0, "covered_branches": 6, "missing_branches": 0, "percent_branches_covered": 100.0, "percent_branches_covered_display": "100"}, "missing_lines": [], "excluded_lines": [], "start_line": 32, "executed_branches": [[38, 39], [38, 40], [40, 41], [40, 42], [42, 43], [42, 44]], "missing_branches": []}, "build_forecast_df": {"executed_lines": [64, 65, 68, 69, 71, 72, 73, 75, 78, 79, 80, 83, 84, 95, 97, 98, 99, 100, 102, 103, 107, 108, 109, 110, 119, 120, 121, 122, 125, 126, 131, 132, 135, 136, 137, 140, 141, 142, 146, 151], "summary": {"covered_lines": 40, "num_statements": 40, "percent_covered": 96.15384615384616, "percent_covered_display": "96", "missing_lines": 0, "excluded_lines": 0, "percent_statements_covered": 100.0, "percent_statements_covered_display": "100", "num_branches": 12, "num_partial_branches": 2, "covered_branches": 10, "missing_branches": 2, "percent_branches_covered": 83.33333333333333, "percent_branches_covered_display": "83"}, "missing_lines": [], "excluded_lines": [], "start_line": 47, "executed_branches": [[64, 65], [64, 68], [68, 69], [68, 71], [72, 73], [72, 75], [83, 84], [83, 97], [108, 109], [121, 122]], "missing_branches": [[108, 110], [121, 126]]}, "": {"executed_lines": [3, 5, 8, 17, 32, 47], "summary": {"covered_lines": 6, "num_statements": 6, "percent_covered": 100.0, "percent_covered_display": "100", "missing_lines": 0, "excluded_lines": 0, "percent_statements_covered": 100.0, "percent_statements_covered_display": "100", "num_branches": 0, "num_partial_branches": 0, "covered_branches": 0, "missing_branches": 0, "percent_branches_covered": 100.0, "percent_branches_covered_display": "100"}, "missing_lines": [], "excluded_lines": [], "start_line": 1, "executed_branches": [], "missing_branches": []}}, "classes": {"": {"executed_lines": [3, 5, 8, 17, 18, 19, 20, 21, 22, 23, 24, 25, 26, 27, 28, 29, 32, 38, 39, 40, 41, 42, 43, 44, 47, 64, 65, 68, 69, 71, 72, 73, 75, 78, 79, 80, 83, 84, 95, 97, 98, 99, 100, 102, 103, 107, 108, 109, 110, 119, 120, 121, 122, 125, 126, 131, 132, 135, 136, 137, 140, 141, 142, 146, 151], "summary": {"covered_lines": 65, "num_statements": 65, "percent_covered": 97.75280898876404, "percent_covered_display": "98", "missing_lines": 0, "excluded_lines": 0, "percent_statements_covered": 100.0, "percent_statements_covered_display": "100", "num_branches": 24, "num_partial_branches": 2, "covered_branches": 22, "missing_branches": 2, "percent_branches_covered": 91.66666666666667, "percent_branches_covered_display": "92"}, "missing_lines": [], "excluded_lines": [], "start_line": 1, "executed_branches": [[18, 19], [18, 20], [24, 25], [24, 26], [27, 28], [27, 29], [38, 39], [38, 40], [40, 41], [40, 42], [42, 43], [42, 44], [64, 65], [64, 68], [68, 69], [68, 71], [72, 73], [72, 75], [83, 84], [83, 97], [108, 109], [121, 122]], "missing_branches": [[108, 110], [121, 126]]}}}, "dashboard\\kpi_bar.py": {"executed_lines": [3, 5, 6, 8, 9, 10, 11, 14, 15, 26, 38, 40, 41, 42, 53, 54, 55, 56, 58, 59, 60, 62, 63, 64, 65, 68, 80, 81, 108, 109], "summary": {"covered_lines": 30, "num_statements": 64, "percent_covered": 43.421052631578945, "percent_covered_display": "43", "missing_lines": 34, "excluded_lines": 0, "percent_statements_covered": 46.875, "percent_statements_covered_display": "47", "num_branches": 12, "num_partial_branches": 1, "covered_branches": 3, "missing_branches": 9, "percent_branches_covered": 25.0, "percent_branches_covered_display": "25"}, "missing_lines": [61, 87, 88, 89, 90, 91, 92, 93, 94, 95, 96, 97, 98, 99, 101, 103, 104, 105, 111, 112, 113, 114, 115, 117, 118, 119, 131, 132, 142, 143, 152, 153, 162, 163], "excluded_lines": [], "executed_branches": [[41, 42], [41, 53], [60, 62]], "missing_branches": [[60, 61], [87, 88], [87, 89], [91, 92], [91, 93], [95, 96], [95, 97], [98, 99], [98, 101]], "functions": {"_compute_kpis_cached": {"executed_lines": [26], "summary": {"covered_lines": 1, "num_statements": 1, "percent_covered": 100.0, "percent_covered_display": "100", "missing_lines": 0, "excluded_lines": 0, "percent_statements_covered": 100.0, "percent_statements_covered_display": "100", "num_branches": 0, "num_partial_branches": 0, "covered_branches": 0, "missing_branches": 0, "percent_branches_covered": 100.0, "percent_branches_covered_display": "100"}, "missing_lines": [], "excluded_lines": [], "start_line": 15, "executed_branches": [], "missing_branches": []}, "compute_kpis": {"executed_lines": [40, 41, 42, 53, 54, 55, 56, 58, 59, 60, 62, 63, 64, 65, 68], "summary": {"covered_lines": 15, "num_statements": 16, "percent_covered": 90.0, "percent_covered_display": "90", "missing_lines": 1, "excluded_lines": 0, "percent_statements_covered": 93.75, "percent_statements_covered_display": "94", "num_branches": 4, "num_partial_branches": 1, "covered_branches": 3, "missing_branches": 1, "percent_branches_covered": 75.0, "percent_branches_covered_display": "75"}, "missing_lines": [61], "excluded_lines": [], "start_line": 38, "executed_branches": [[41, 42], [41, 53], [60, 62]], "missing_branches": [[60, 61]]}, "_last_12m_series": {"executed_lines": [], "summary": {"covered_lines": 0, "num_statements": 17, "percent_covered": 0.0, "percent_covered_display": "0", "missing_lines": 17, "excluded_lines": 0, "percent_statements_covered": 0.0, "percent_statements_covered_display": "0", "num_branches": 8, "num_partial_branches": 0, "covered_branches": 0, "missing_branches": 8, "percent_branches_covered": 0.0, "percent_branches_covered_display": "0"}, "missing_lines": [87, 88, 89, 90, 91, 92, 93, 94, 95, 96, 97, 98, 99, 101, 103, 104, 105], "excluded_lines": [], "start_line": 81, "executed_branches": [], "missing_branches": [[87, 88], [87, 89], [91, 92], [91, 93], [95, 96], [95, 97], [98, 99], [98, 101]]}, "render_kpi_bar": {"executed_lines": [], "summary": {"covered_lines": 0, "num_statements": 16, "percent_covered": 0.0, "percent_covered_display": "0", "missing_lines": 16, "excluded_lines": 0, "percent_statements_covered": 0.0, "percent_statements_covered_display": "0", "num_branches": 0, "num_partial_branches": 0, "covered_branches": 0, "missing_branches": 0, "percent_branches_covered": 100.0, "percent_branches_covered_display": "100"}, "missing_lines": [111, 112, 113, 114, 115, 117, 118, 119, 131, 132, 142, 143, 152, 153, 162, 163], "excluded_lines": [], "start_line": 109, "executed_branches": [], "missing_branches": []}, "": {"executed_lines": [3, 5, 6, 8, 9, 10, 11, 14, 15, 38, 80, 81, 108, 109], "summary": {"covered_lines": 14, "num_statements": 14, "percent_covered": 100.0, "percent_covered_display": "100", "missing_lines": 0, "excluded_lines": 0, "percent_statements_covered": 100.0, "percent_statements_covered_display": "100", "num_branches": 0, "num_partial_branches": 0, "covered_branches": 0, "missing_branches": 0, "percent_branches_covered": 100.0, "percent_branches_covered_display": "100"}, "missing_lines": [], "excluded_lines": [], "start_line": 1, "executed_branches": [], "missing_branches": []}}, "classes": {"": {"executed_lines": [3, 5, 6, 8, 9, 10, 11, 14, 15, 26, 38, 40, 41, 42, 53, 54, 55, 56, 58, 59, 60, 62, 63, 64, 65, 68, 80, 81, 108, 109], "summary": {"covered_lines": 30, "num_statements": 64, "percent_covered": 43.421052631578945, "percent_covered_display": "43", "missing_lines": 34, "excluded_lines": 0, "percent_statements_covered": 46.875, "percent_statements_covered_display": "47", "num_branches": 12, "num_partial_branches": 1, "covered_branches": 3, "missing_branches": 9, "percent_branches_covered": 25.0, "percent_branches_covered_display": "25"}, "missing_lines": [61, 87, 88, 89, 90, 91, 92, 93, 94, 95, 96, 97, 98, 99, 101, 103, 104, 105, 111, 112, 113, 114, 115, 117, 118, 119, 131, 132, 142, 143, 152, 153, 162, 163], "excluded_lines": [], "start_line": 1, "executed_branches": [[41, 42], [41, 53], [60, 62]], "missing_branches": [[60, 61], [87, 88], [87, 89], [91, 92], [91, 93], [95, 96], [95, 97], [98, 99], [98, 101]]}}}, "dashboard\\kpi_config.py": {"executed_lines": [10, 15, 27, 97, 116, 117, 123, 135, 143], "summary": {"covered_lines": 9, "num_statements": 9, "percent_covered": 100.0, "percent_covered_display": "100", "missing_lines": 0, "excluded_lines": 0, "percent_statements_covered": 100.0, "percent_statements_covered_display": "100", "num_branches": 0, "num_partial_branches": 0, "covered_branches": 0, "missing_branches": 0, "percent_branches_covered": 100.0, "percent_branches_covered_display": "100"}, "missing_lines": [], "excluded_lines": [], "executed_branches": [], "missing_branches": [], "functions": {"": {"executed_lines": [10, 15, 27, 97, 116, 117, 123, 135, 143], "summary": {"covered_lines": 9, "num_statements": 9, "percent_covered": 100.0, "percent_covered_display": "100", "missing_lines": 0, "excluded_lines": 0, "percent_statements_covered": 100.0, "percent_statements_covered_display": "100", "num_branches": 0, "num_partial_branches": 0, "covered_branches": 0, "missing_branches": 0, "percent_branches_covered": 100.0, "percent_branches_covered_display": "100"}, "missing_lines": [], "excluded_lines": [], "start_line": 1, "executed_branches": [], "missing_branches": []}}, "classes": {"": {"executed_lines": [10, 15, 27, 97, 116, 117, 123, 135, 143], "summary": {"covered_lines": 9, "num_statements": 9, "percent_covered": 100.0, "percent_covered_display": "100", "missing_lines": 0, "excluded_lines": 0, "percent_statements_covered": 100.0, "percent_statements_covered_display": "100", "num_branches": 0, "num_partial_branches": 0, "covered_branches": 0, "missing_branches": 0, "percent_branches_covered": 100.0, "percent_branches_covered_display": "100"}, "missing_lines": [], "excluded_lines": [], "start_line": 1, "executed_branches": [], "missing_branches": []}}}, "dashboard\\normalize.py": {"executed_lines": [3, 5, 6, 9, 34, 38, 39, 42, 43, 44, 47, 55, 56, 57, 60, 62, 63, 64, 65, 66, 68, 69, 72, 73, 74, 75, 76, 77, 78, 81, 83, 84, 85, 86, 91, 96, 98, 104, 114, 115, 116, 117, 119, 120, 123, 126, 127, 130, 131, 132, 133, 134, 135, 136, 137, 138, 139], "summary": {"covered_lines": 57, "num_statements": 59, "percent_covered": 94.9367088607595, "percent_covered_display": "95", "missing_lines": 2, "excluded_lines": 0, "percent_statements_covered": 96.61016949152543, "percent_statements_covered_display": "97", "num_branches": 20, "num_partial_branches": 2, "covered_branches": 18, "missing_branches": 2, "percent_branches_covered": 90.0, "percent_branches_covered_display": "90"}, "missing_lines": [121, 128], "excluded_lines": [], "executed_branches": [[55, 56], [55, 57], [64, 65], [64, 66], [74, 75], [74, 76], [83, 84], [83, 85], [114, 115], [114, 116], [117, 119], [117, 123], [119, 120], [127, 130], [133, 134], [133, 139], [135, 136], [135, 137]], "missing_branches": [[119, 121], [127, 128]], "functions": {"_strip_accents": {"executed_lines": [43, 44], "summary": {"covered_lines": 2, "num_statements": 2, "percent_covered": 100.0, "percent_covered_display": "100", "missing_lines": 0, "excluded_lines": 0, "percent_statements_covered": 100.0, "percent_statements_covered_display": "100", "num_branches": 0, "num_partial_branches": 0, "covered_branches": 0, "missing_branches": 0, "percent_branches_covered": 100.0, "percent_branches_covered_display": "100"}, "missing_lines": [], "excluded_lines": [], "start_line": 42, "executed_branches": [], "missing_branches": []}, "normalize_company": {"executed_lines": [55, 56, 57, 60, 62, 63, 64, 65, 66, 68, 69, 72, 73, 74, 75, 76, 77, 78], "summary": {"covered_lines": 18, "num_statements": 18, "percent_covered": 100.0, "percent_covered_display": "100", "missing_lines": 0, "excluded_lines": 0, "percent_statements_covered": 100.0, "percent_statements_covered_display": "100", "num_branches": 6, "num_partial_branches": 0, "covered_branches": 6, "missing_branches": 0, "percent_branches_covered": 100.0, "percent_branches_covered_display": "100"}, "missing_lines": [], "excluded_lines": [], "start_line": 47, "executed_branches": [[55, 56], [55, 57], [64, 65], [64, 66], [74, 75], [74, 76]], "missing_branches": []}, "normalize_nif": {"executed_lines": [83, 84, 85, 86], "summary": {"covered_lines": 4, "num_statements": 4, "percent_covered": 100.0, "percent_covered_display": "100", "missing_lines": 0, "excluded_lines": 0, "percent_statements_covered": 100.0, "percent_statements_covered_display": "100", "num_branches": 2, "num_partial_branches": 0, "covered_branches": 2, "missing_branches": 0, "percent_branches_covered": 100.0, "percent_branches_covered_display": "100"}, "missing_lines": [], "excluded_lines": [], "start_line": 81, "executed_branches": [[83, 84], [83, 85]], "missing_branches": []}, "parse_ute_members": {"executed_lines": [114, 115, 116, 117, 119, 120, 123, 126, 127, 130, 131, 132, 133, 134, 135, 136, 137, 138, 139], "summary": {"covered_lines": 19, "num_statements": 21, "percent_covered": 87.87878787878788, "percent_covered_display": "88", "missing_lines": 2, "excluded_lines": 0, "percent_statements_covered": 90.47619047619048, "percent_statements_covered_display": "90", "num_branches": 12, "num_partial_branches": 2, "covered_branches": 10, "missing_branches": 2, "percent_branches_covered": 83.33333333333333, "percent_branches_covered_display": "83"}, "missing_lines": [121, 128], "excluded_lines": [], "start_line": 104, "executed_branches": [[114, 115], [114, 116], [117, 119], [117, 123], [119, 120], [127, 130], [133, 134], [133, 139], [135, 136], [135, 137]], "missing_branches": [[119, 121], [127, 128]]}, "": {"executed_lines": [3, 5, 6, 9, 34, 38, 39, 42, 47, 81, 91, 96, 98, 104], "summary": {"covered_lines": 14, "num_statements": 14, "percent_covered": 100.0, "percent_covered_display": "100", "missing_lines": 0, "excluded_lines": 0, "percent_statements_covered": 100.0, "percent_statements_covered_display": "100", "num_branches": 0, "num_partial_branches": 0, "covered_branches": 0, "missing_branches": 0, "percent_branches_covered": 100.0, "percent_branches_covered_display": "100"}, "missing_lines": [], "excluded_lines": [], "start_line": 1, "executed_branches": [], "missing_branches": []}}, "classes": {"": {"executed_lines": [3, 5, 6, 9, 34, 38, 39, 42, 43, 44, 47, 55, 56, 57, 60, 62, 63, 64, 65, 66, 68, 69, 72, 73, 74, 75, 76, 77, 78, 81, 83, 84, 85, 86, 91, 96, 98, 104, 114, 115, 116, 117, 119, 120, 123, 126, 127, 130, 131, 132, 133, 134, 135, 136, 137, 138, 139], "summary": {"covered_lines": 57, "num_statements": 59, "percent_covered": 94.9367088607595, "percent_covered_display": "95", "missing_lines": 2, "excluded_lines": 0, "percent_statements_covered": 96.61016949152543, "percent_statements_covered_display": "97", "num_branches": 20, "num_partial_branches": 2, "covered_branches": 18, "missing_branches": 2, "percent_branches_covered": 90.0, "percent_branches_covered_display": "90"}, "missing_lines": [121, 128], "excluded_lines": [], "start_line": 1, "executed_branches": [[55, 56], [55, 57], [64, 65], [64, 66], [74, 75], [74, 76], [83, 84], [83, 85], [114, 115], [114, 116], [117, 119], [117, 123], [119, 120], [127, 130], [133, 134], [133, 139], [135, 136], [135, 137]], "missing_branches": [[119, 121], [127, 128]]}}}, "dashboard\\session_keys.py": {"executed_lines": [15, 17, 20, 21, 22, 23, 24, 25, 26, 27, 28, 29, 32, 46, 47, 48, 51, 52, 53, 56, 57, 58, 59, 62], "summary": {"covered_lines": 24, "num_statements": 24, "percent_covered": 100.0, "percent_covered_display": "100", "missing_lines": 0, "excluded_lines": 0, "percent_statements_covered": 100.0, "percent_statements_covered_display": "100", "num_branches": 0, "num_partial_branches": 0, "covered_branches": 0, "missing_branches": 0, "percent_branches_covered": 100.0, "percent_branches_covered_display": "100"}, "missing_lines": [], "excluded_lines": [], "executed_branches": [], "missing_branches": [], "functions": {"": {"executed_lines": [15, 17, 20, 21, 22, 23, 24, 25, 26, 27, 28, 29, 32, 46, 47, 48, 51, 52, 53, 56, 57, 58, 59, 62], "summary": {"covered_lines": 24, "num_statements": 24, "percent_covered": 100.0, "percent_covered_display": "100", "missing_lines": 0, "excluded_lines": 0, "percent_statements_covered": 100.0, "percent_statements_covered_display": "100", "num_branches": 0, "num_partial_branches": 0, "covered_branches": 0, "missing_branches": 0, "percent_branches_covered": 100.0, "percent_branches_covered_display": "100"}, "missing_lines": [], "excluded_lines": [], "start_line": 1, "executed_branches": [], "missing_branches": []}}, "classes": {"": {"executed_lines": [15, 17, 20, 21, 22, 23, 24, 25, 26, 27, 28, 29, 32, 46, 47, 48, 51, 52, 53, 56, 57, 58, 59, 62], "summary": {"covered_lines": 24, "num_statements": 24, "percent_covered": 100.0, "percent_covered_display": "100", "missing_lines": 0, "excluded_lines": 0, "percent_statements_covered": 100.0, "percent_statements_covered_display": "100", "num_branches": 0, "num_partial_branches": 0, "covered_branches": 0, "missing_branches": 0, "percent_branches_covered": 100.0, "percent_branches_covered_display": "100"}, "missing_lines": [], "excluded_lines": [], "start_line": 1, "executed_branches": [], "missing_branches": []}}}, "dashboard\\stats\\__init__.py": {"executed_lines": [16, 56], "summary": {"covered_lines": 2, "num_statements": 2, "percent_covered": 100.0, "percent_covered_display": "100", "missing_lines": 0, "excluded_lines": 0, "percent_statements_covered": 100.0, "percent_statements_covered_display": "100", "num_branches": 0, "num_partial_branches": 0, "covered_branches": 0, "missing_branches": 0, "percent_branches_covered": 100.0, "percent_branches_covered_display": "100"}, "missing_lines": [], "excluded_lines": [], "executed_branches": [], "missing_branches": [], "functions": {"": {"executed_lines": [16, 56], "summary": {"covered_lines": 2, "num_statements": 2, "percent_covered": 100.0, "percent_covered_display": "100", "missing_lines": 0, "excluded_lines": 0, "percent_statements_covered": 100.0, "percent_statements_covered_display": "100", "num_branches": 0, "num_partial_branches": 0, "covered_branches": 0, "missing_branches": 0, "percent_branches_covered": 100.0, "percent_branches_covered_display": "100"}, "missing_lines": [], "excluded_lines": [], "start_line": 1, "executed_branches": [], "missing_branches": []}}, "classes": {"": {"executed_lines": [16, 56], "summary": {"covered_lines": 2, "num_statements": 2, "percent_covered": 100.0, "percent_covered_display": "100", "missing_lines": 0, "excluded_lines": 0, "percent_statements_covered": 100.0, "percent_statements_covered_display": "100", "num_branches": 0, "num_partial_branches": 0, "covered_branches": 0, "missing_branches": 0, "percent_branches_covered": 100.0, "percent_branches_covered_display": "100"}, "missing_lines": [], "excluded_lines": [], "start_line": 1, "executed_branches": [], "missing_branches": []}}}, "dashboard\\stats\\_base.py": {"executed_lines": [3, 5, 7, 8, 10, 13, 34, 35, 36, 37, 45, 46, 47, 48, 55, 58, 59, 60, 61, 68, 71, 72, 73, 74, 77, 78, 79, 80, 86, 93, 94, 95, 102, 103, 104, 105, 106, 107, 108, 109, 110, 111, 112, 113, 115, 117, 118, 121, 123, 124, 125, 126, 127, 130, 132, 133, 134, 135, 137, 138, 139, 140, 141, 142, 143, 146, 148, 149, 150, 151, 152, 153, 154, 161, 164, 166, 167, 168, 169, 170, 171, 172, 173, 176, 178, 179, 180, 181, 184, 186, 189, 195, 196, 197, 198, 199, 200, 201, 202, 203, 204, 205, 207, 210, 215, 216, 217, 218, 220, 221, 224, 230, 232, 235, 236, 237, 240, 242, 243, 244, 250, 252, 253, 260, 262, 263, 264, 265, 266, 268, 271, 273, 274, 275, 282, 284, 285, 292, 298, 299, 300, 301, 302, 303, 305, 306, 308, 311, 328, 329, 330, 331, 333, 334, 335, 337, 338, 339, 340, 341, 342, 345, 347, 350, 356, 358, 359, 360, 361, 362, 363, 364, 366, 367, 368, 374, 379, 380, 381, 382, 384, 395, 398, 403, 404, 405, 406, 407, 408, 409, 414, 415, 417, 421, 422, 425, 426, 427, 428, 429, 431, 433, 434, 436, 438, 439, 440, 448, 450, 451, 452, 453, 455, 456, 459, 465, 466, 468, 471, 472, 473, 474, 475, 477, 478, 479, 480, 483, 485, 487, 488, 491, 496, 498, 499, 500, 502, 503, 504, 506, 507, 509, 510, 514, 515, 519, 522, 524, 525, 526, 527, 529, 530, 531, 532, 533, 534, 540, 550, 551, 552, 555, 556, 557, 559, 563, 564, 566, 570, 576, 582, 585, 587, 588, 589, 590, 591, 592, 593, 596, 602, 603, 604, 605, 606, 607, 608, 609, 611, 620, 623, 629, 630, 631, 632, 637, 638, 640, 641, 642, 648, 654, 655, 656, 657, 658, 659, 660, 661, 666, 671, 679, 691, 692, 694, 695, 698, 703, 704, 709, 712, 713, 714, 719, 721, 722, 723, 731, 737, 740, 741, 742, 748, 749, 752, 758, 759, 761, 762, 765, 771, 772, 773, 778, 784, 808, 815, 816, 818, 819, 820, 822, 823, 826, 827, 830, 831, 832, 833, 834, 837, 840, 841, 842, 843, 845, 846, 847, 848, 850, 851, 855, 858, 861, 862, 871, 874, 875, 876, 879, 880, 881, 884, 885, 886, 887, 888, 893, 894, 895, 896, 902, 903, 906, 907, 908, 913, 914, 915, 917, 918, 921, 922, 923, 926, 927, 928, 929, 932, 935, 936, 946, 948, 954, 974, 983, 984, 986, 987, 988, 990, 991, 992, 993, 994, 996, 997, 999, 1000, 1003, 1004, 1005, 1006, 1007, 1008, 1009, 1014, 1015, 1016, 1018, 1024, 1034, 1035, 1036, 1038, 1039, 1041, 1042, 1043, 1044, 1045, 1046, 1047], "summary": {"covered_lines": 453, "num_statements": 506, "percent_covered": 85.0, "percent_covered_display": "85", "missing_lines": 53, "excluded_lines": 0, "percent_statements_covered": 89.52569169960475, "percent_statements_covered_display": "90", "num_branches": 214, "num_partial_branches": 47, "covered_branches": 159, "missing_branches": 55, "percent_branches_covered": 74.29906542056075, "percent_branches_covered_display": "74"}, "missing_lines": [19, 20, 21, 22, 23, 24, 25, 30, 31, 206, 231, 251, 267, 283, 304, 307, 332, 343, 357, 383, 418, 423, 437, 454, 469, 560, 567, 571, 572, 573, 577, 578, 579, 580, 612, 617, 618, 619, 639, 829, 836, 849, 853, 857, 863, 864, 870, 898, 900, 909, 910, 912, 930], "excluded_lines": [], "executed_branches": [[35, 36], [35, 37], [46, 47], [46, 48], [59, 60], [59, 61], [72, 73], [72, 74], [78, 79], [78, 80], [102, 103], [102, 105], [105, 106], [105, 108], [108, 109], [108, 111], [111, 112], [111, 115], [125, 126], [125, 127], [132, 133], [132, 134], [137, 138], [141, 142], [141, 143], [152, 153], [152, 161], [166, 167], [166, 168], [170, 171], [170, 172], [179, 180], [179, 181], [195, 196], [195, 197], [199, 200], [201, 202], [205, 207], [215, 216], [215, 217], [220, 221], [220, 224], [230, 232], [242, 243], [242, 244], [250, 252], [262, 263], [262, 264], [266, 268], [273, 274], [273, 275], [282, 284], [298, 299], [298, 300], [300, 301], [300, 302], [303, 305], [306, 308], [328, 329], [328, 330], [331, 333], [334, 335], [338, 339], [338, 340], [340, 341], [340, 342], [342, 345], [356, 358], [359, 360], [359, 361], [364, 366], [364, 367], [379, 380], [379, 381], [382, 384], [403, 404], [403, 405], [417, 421], [422, 425], [426, 427], [426, 436], [429, 431], [429, 433], [436, 438], [450, 451], [450, 452], [453, 455], [468, 471], [472, 473], [474, 475], [478, 479], [478, 480], [499, 500], [499, 502], [509, 510], [514, 515], [524, 525], [524, 526], [526, 527], [526, 530], [530, 531], [530, 532], [550, 551], [550, 552], [556, 557], [559, 563], [566, 570], [570, 576], [576, 582], [587, 588], [587, 589], [603, 604], [603, 611], [608, 609], [611, 620], [629, 630], [629, 631], [638, 640], [654, 655], [654, 656], [658, 659], [691, 692], [691, 694], [719, 721], [719, 761], [815, 816], [815, 818], [819, 820], [819, 822], [826, 827], [830, 831], [840, 841], [846, 847], [846, 848], [848, 850], [850, 851], [861, 862], [884, 885], [884, 902], [887, 888], [893, 894], [906, 907], [906, 917], [927, 928], [928, 927], [928, 929], [983, 984], [983, 986], [987, 988], [987, 990], [992, 993], [999, 1000], [1003, 1004], [1003, 1018], [1005, 1006], [1008, 1009], [1014, 1015], [1042, 1043], [1042, 1047]], "missing_branches": [[24, 25], [24, 31], [137, 139], [199, 201], [201, 203], [205, 206], [230, 231], [250, 251], [266, 267], [282, 283], [303, 304], [306, 307], [331, 332], [334, 337], [342, 343], [356, 357], [382, 383], [417, 418], [422, 423], [436, 437], [453, 454], [468, 469], [472, 474], [474, 477], [509, 514], [514, 519], [556, 559], [559, 560], [566, 567], [570, 571], [572, 573], [572, 576], [576, 577], [608, 611], [611, 612], [618, 619], [618, 620], [638, 639], [658, 660], [826, 829], [830, 836], [840, 857], [848, 849], [850, 853], [861, 863], [863, 864], [863, 870], [887, 900], [893, 898], [927, 930], [992, 999], [999, 1003], [1005, 1018], [1008, 1018], [1014, 1018]], "functions": {"load_dataframe": {"executed_lines": [], "summary": {"covered_lines": 0, "num_statements": 9, "percent_covered": 0.0, "percent_covered_display": "0", "missing_lines": 9, "excluded_lines": 0, "percent_statements_covered": 0.0, "percent_statements_covered_display": "0", "num_branches": 2, "num_partial_branches": 0, "covered_branches": 0, "missing_branches": 2, "percent_branches_covered": 0.0, "percent_branches_covered_display": "0"}, "missing_lines": [19, 20, 21, 22, 23, 24, 25, 30, 31], "excluded_lines": [], "start_line": 13, "executed_branches": [], "missing_branches": [[24, 25], [24, 31]]}, "kpis": {"executed_lines": [35, 36, 37], "summary": {"covered_lines": 3, "num_statements": 3, "percent_covered": 100.0, "percent_covered_display": "100", "missing_lines": 0, "excluded_lines": 0, "percent_statements_covered": 100.0, "percent_statements_covered_display": "100", "num_branches": 2, "num_partial_branches": 0, "covered_branches": 2, "missing_branches": 0, "percent_branches_covered": 100.0, "percent_branches_covered_display": "100"}, "missing_lines": [], "excluded_lines": [], "start_line": 34, "executed_branches": [[35, 36], [35, 37]], "missing_branches": []}, "por_mes": {"executed_lines": [46, 47, 48, 55], "summary": {"covered_lines": 4, "num_statements": 4, "percent_covered": 100.0, "percent_covered_display": "100", "missing_lines": 0, "excluded_lines": 0, "percent_statements_covered": 100.0, "percent_statements_covered_display": "100", "num_branches": 2, "num_partial_branches": 0, "covered_branches": 2, "missing_branches": 0, "percent_branches_covered": 100.0, "percent_branches_covered_display": "100"}, "missing_lines": [], "excluded_lines": [], "start_line": 45, "executed_branches": [[46, 47], [46, 48]], "missing_branches": []}, "top_organos": {"executed_lines": [59, 60, 61, 68], "summary": {"covered_lines": 4, "num_statements": 4, "percent_covered": 100.0, "percent_covered_display": "100", "missing_lines": 0, "excluded_lines": 0, "percent_statements_covered": 100.0, "percent_statements_covered_display": "100", "num_branches": 2, "num_partial_branches": 0, "covered_branches": 2, "missing_branches": 0, "percent_branches_covered": 100.0, "percent_branches_covered_display": "100"}, "missing_lines": [], "excluded_lines": [], "start_line": 58, "executed_branches": [[59, 60], [59, 61]], "missing_branches": []}, "por_estado": {"executed_lines": [72, 73, 74], "summary": {"covered_lines": 3, "num_statements": 3, "percent_covered": 100.0, "percent_covered_display": "100", "missing_lines": 0, "excluded_lines": 0, "percent_statements_covered": 100.0, "percent_statements_covered_display": "100", "num_branches": 2, "num_partial_branches": 0, "covered_branches": 2, "missing_branches": 0, "percent_branches_covered": 100.0, "percent_branches_covered_display": "100"}, "missing_lines": [], "excluded_lines": [], "start_line": 71, "executed_branches": [[72, 73], [72, 74]], "missing_branches": []}, "por_cpv": {"executed_lines": [78, 79, 80], "summary": {"covered_lines": 3, "num_statements": 3, "percent_covered": 100.0, "percent_covered_display": "100", "missing_lines": 0, "excluded_lines": 0, "percent_statements_covered": 100.0, "percent_statements_covered_display": "100", "num_branches": 2, "num_partial_branches": 0, "covered_branches": 2, "missing_branches": 0, "percent_branches_covered": 100.0, "percent_branches_covered_display": "100"}, "missing_lines": [], "excluded_lines": [], "start_line": 77, "executed_branches": [[78, 79], [78, 80]], "missing_branches": []}, "yoy_delta": {"executed_lines": [93, 94, 95, 102, 103, 104, 105, 106, 107, 108, 109, 110, 111, 112, 113, 115, 117, 118], "summary": {"covered_lines": 18, "num_statements": 18, "percent_covered": 100.0, "percent_covered_display": "100", "missing_lines": 0, "excluded_lines": 0, "percent_statements_covered": 100.0, "percent_statements_covered_display": "100", "num_branches": 8, "num_partial_branches": 0, "covered_branches": 8, "missing_branches": 0, "percent_branches_covered": 100.0, "percent_branches_covered_display": "100"}, "missing_lines": [], "excluded_lines": [], "start_line": 86, "executed_branches": [[102, 103], [102, 105], [105, 106], [105, 108], [108, 109], [108, 111], [111, 112], [111, 115]], "missing_branches": []}, "tasa_anulacion": {"executed_lines": [123, 124, 125, 126, 127], "summary": {"covered_lines": 5, "num_statements": 5, "percent_covered": 100.0, "percent_covered_display": "100", "missing_lines": 0, "excluded_lines": 0, "percent_statements_covered": 100.0, "percent_statements_covered_display": "100", "num_branches": 2, "num_partial_branches": 0, "covered_branches": 2, "missing_branches": 0, "percent_branches_covered": 100.0, "percent_branches_covered_display": "100"}, "missing_lines": [], "excluded_lines": [], "start_line": 121, "executed_branches": [[125, 126], [125, 127]], "missing_branches": []}, "lead_time_medio": {"executed_lines": [132, 133, 134, 135, 137, 138, 139, 140, 141, 142, 143], "summary": {"covered_lines": 11, "num_statements": 11, "percent_covered": 94.11764705882354, "percent_covered_display": "94", "missing_lines": 0, "excluded_lines": 0, "percent_statements_covered": 100.0, "percent_statements_covered_display": "100", "num_branches": 6, "num_partial_branches": 1, "covered_branches": 5, "missing_branches": 1, "percent_branches_covered": 83.33333333333333, "percent_branches_covered_display": "83"}, "missing_lines": [], "excluded_lines": [], "start_line": 130, "executed_branches": [[132, 133], [132, 134], [137, 138], [141, 142], [141, 143]], "missing_branches": [[137, 139]]}, "funnel_estados": {"executed_lines": [148, 149, 150, 151, 152, 153, 154, 161], "summary": {"covered_lines": 8, "num_statements": 8, "percent_covered": 100.0, "percent_covered_display": "100", "missing_lines": 0, "excluded_lines": 0, "percent_statements_covered": 100.0, "percent_statements_covered_display": "100", "num_branches": 2, "num_partial_branches": 0, "covered_branches": 2, "missing_branches": 0, "percent_branches_covered": 100.0, "percent_branches_covered_display": "100"}, "missing_lines": [], "excluded_lines": [], "start_line": 146, "executed_branches": [[152, 153], [152, 161]], "missing_branches": []}, "hhi_concentracion": {"executed_lines": [166, 167, 168, 169, 170, 171, 172, 173], "summary": {"covered_lines": 8, "num_statements": 8, "percent_covered": 100.0, "percent_covered_display": "100", "missing_lines": 0, "excluded_lines": 0, "percent_statements_covered": 100.0, "percent_statements_covered_display": "100", "num_branches": 4, "num_partial_branches": 0, "covered_branches": 4, "missing_branches": 0, "percent_branches_covered": 100.0, "percent_branches_covered_display": "100"}, "missing_lines": [], "excluded_lines": [], "start_line": 164, "executed_branches": [[166, 167], [166, 168], [170, 171], [170, 172]], "missing_branches": []}, "pct_oferta_unica": {"executed_lines": [178, 179, 180, 181], "summary": {"covered_lines": 4, "num_statements": 4, "percent_covered": 100.0, "percent_covered_display": "100", "missing_lines": 0, "excluded_lines": 0, "percent_statements_covered": 100.0, "percent_statements_covered_display": "100", "num_branches": 2, "num_partial_branches": 0, "covered_branches": 2, "missing_branches": 0, "percent_branches_covered": 100.0, "percent_branches_covered_display": "100"}, "missing_lines": [], "excluded_lines": [], "start_line": 176, "executed_branches": [[179, 180], [179, 181]], "missing_branches": []}, "media_movil": {"executed_lines": [186], "summary": {"covered_lines": 1, "num_statements": 1, "percent_covered": 100.0, "percent_covered_display": "100", "missing_lines": 0, "excluded_lines": 0, "percent_statements_covered": 100.0, "percent_statements_covered_display": "100", "num_branches": 0, "num_partial_branches": 0, "covered_branches": 0, "missing_branches": 0, "percent_branches_covered": 100.0, "percent_branches_covered_display": "100"}, "missing_lines": [], "excluded_lines": [], "start_line": 184, "executed_branches": [], "missing_branches": []}, "ventana_anticipacion": {"executed_lines": [195, 196, 197, 198, 199, 200, 201, 202, 203, 204, 205, 207], "summary": {"covered_lines": 12, "num_statements": 13, "percent_covered": 80.95238095238095, "percent_covered_display": "81", "missing_lines": 1, "excluded_lines": 0, "percent_statements_covered": 92.3076923076923, "percent_statements_covered_display": "92", "num_branches": 8, "num_partial_branches": 3, "covered_branches": 5, "missing_branches": 3, "percent_branches_covered": 62.5, "percent_branches_covered_display": "62"}, "missing_lines": [206], "excluded_lines": [], "start_line": 189, "executed_branches": [[195, 196], [195, 197], [199, 200], [201, 202], [205, 207]], "missing_branches": [[199, 201], [201, 203], [205, 206]]}, "indice_novedad": {"executed_lines": [215, 216, 217, 218, 220, 221, 224, 230, 232, 235, 236, 237], "summary": {"covered_lines": 12, "num_statements": 13, "percent_covered": 89.47368421052632, "percent_covered_display": "89", "missing_lines": 1, "excluded_lines": 0, "percent_statements_covered": 92.3076923076923, "percent_statements_covered_display": "92", "num_branches": 6, "num_partial_branches": 1, "covered_branches": 5, "missing_branches": 1, "percent_branches_covered": 83.33333333333333, "percent_branches_covered_display": "83"}, "missing_lines": [231], "excluded_lines": [], "start_line": 210, "executed_branches": [[215, 216], [215, 217], [220, 221], [220, 224], [230, 232]], "missing_branches": [[230, 231]]}, "ccaa_mas_activa": {"executed_lines": [242, 243, 244, 250, 252, 253], "summary": {"covered_lines": 6, "num_statements": 7, "percent_covered": 81.81818181818181, "percent_covered_display": "82", "missing_lines": 1, "excluded_lines": 0, "percent_statements_covered": 85.71428571428571, "percent_statements_covered_display": "86", "num_branches": 4, "num_partial_branches": 1, "covered_branches": 3, "missing_branches": 1, "percent_branches_covered": 75.0, "percent_branches_covered_display": "75"}, "missing_lines": [251], "excluded_lines": [], "start_line": 240, "executed_branches": [[242, 243], [242, 244], [250, 252]], "missing_branches": [[250, 251]]}, "concentracion_geografica": {"executed_lines": [262, 263, 264, 265, 266, 268], "summary": {"covered_lines": 6, "num_statements": 7, "percent_covered": 81.81818181818181, "percent_covered_display": "82", "missing_lines": 1, "excluded_lines": 0, "percent_statements_covered": 85.71428571428571, "percent_statements_covered_display": "86", "num_branches": 4, "num_partial_branches": 1, "covered_branches": 3, "missing_branches": 1, "percent_branches_covered": 75.0, "percent_branches_covered_display": "75"}, "missing_lines": [267], "excluded_lines": [], "start_line": 260, "executed_branches": [[262, 263], [262, 264], [266, 268]], "missing_branches": [[266, 267]]}, "mes_pico": {"executed_lines": [273, 274, 275, 282, 284, 285], "summary": {"covered_lines": 6, "num_statements": 7, "percent_covered": 81.81818181818181, "percent_covered_display": "82", "missing_lines": 1, "excluded_lines": 0, "percent_statements_covered": 85.71428571428571, "percent_statements_covered_display": "86", "num_branches": 4, "num_partial_branches": 1, "covered_branches": 3, "missing_branches": 1, "percent_branches_covered": 75.0, "percent_branches_covered_display": "75"}, "missing_lines": [283], "excluded_lines": [], "start_line": 271, "executed_branches": [[273, 274], [273, 275], [282, 284]], "missing_branches": [[282, 283]]}, "ratio_relicitacion": {"executed_lines": [298, 299, 300, 301, 302, 303, 305, 306, 308], "summary": {"covered_lines": 9, "num_statements": 11, "percent_covered": 78.94736842105263, "percent_covered_display": "79", "missing_lines": 2, "excluded_lines": 0, "percent_statements_covered": 81.81818181818181, "percent_statements_covered_display": "82", "num_branches": 8, "num_partial_branches": 2, "covered_branches": 6, "missing_branches": 2, "percent_branches_covered": 75.0, "percent_branches_covered_display": "75"}, "missing_lines": [304, 307], "excluded_lines": [], "start_line": 292, "executed_branches": [[298, 299], [298, 300], [300, 301], [300, 302], [303, 305], [306, 308]], "missing_branches": [[303, 304], [306, 307]]}, "kpi_sparkline_series": {"executed_lines": [328, 329, 330, 331, 333, 334, 335, 337, 338, 339, 340, 341, 342, 345, 347], "summary": {"covered_lines": 15, "num_statements": 17, "percent_covered": 82.75862068965517, "percent_covered_display": "83", "missing_lines": 2, "excluded_lines": 0, "percent_statements_covered": 88.23529411764706, "percent_statements_covered_display": "88", "num_branches": 12, "num_partial_branches": 3, "covered_branches": 9, "missing_branches": 3, "percent_branches_covered": 75.0, "percent_branches_covered_display": "75"}, "missing_lines": [332, 343], "excluded_lines": [], "start_line": 311, "executed_branches": [[328, 329], [328, 330], [331, 333], [334, 335], [338, 339], [338, 340], [340, 341], [340, 342], [342, 345]], "missing_branches": [[331, 332], [334, 337], [342, 343]]}, "is_anomaly": {"executed_lines": [356, 358, 359, 360, 361, 362, 363, 364, 366, 367, 368], "summary": {"covered_lines": 11, "num_statements": 12, "percent_covered": 88.88888888888889, "percent_covered_display": "89", "missing_lines": 1, "excluded_lines": 0, "percent_statements_covered": 91.66666666666667, "percent_statements_covered_display": "92", "num_branches": 6, "num_partial_branches": 1, "covered_branches": 5, "missing_branches": 1, "percent_branches_covered": 83.33333333333333, "percent_branches_covered_display": "83"}, "missing_lines": [357], "excluded_lines": [], "start_line": 350, "executed_branches": [[356, 358], [359, 360], [359, 361], [364, 366], [364, 367]], "missing_branches": [[356, 357]]}, "importe_medio_por_modulo": {"executed_lines": [379, 380, 381, 382, 384, 395], "summary": {"covered_lines": 6, "num_statements": 7, "percent_covered": 81.81818181818181, "percent_covered_display": "82", "missing_lines": 1, "excluded_lines": 0, "percent_statements_covered": 85.71428571428571, "percent_statements_covered_display": "86", "num_branches": 4, "num_partial_branches": 1, "covered_branches": 3, "missing_branches": 1, "percent_branches_covered": 75.0, "percent_branches_covered_display": "75"}, "missing_lines": [383], "excluded_lines": [], "start_line": 374, "executed_branches": [[379, 380], [379, 381], [382, 384]], "missing_branches": [[382, 383]]}, "top_modulo_yoy": {"executed_lines": [403, 404, 405, 406, 407, 408, 409, 414, 415, 417, 421, 422, 425, 426, 427, 428, 429, 431, 433, 434, 436, 438, 439, 440], "summary": {"covered_lines": 24, "num_statements": 27, "percent_covered": 84.61538461538461, "percent_covered_display": "85", "missing_lines": 3, "excluded_lines": 0, "percent_statements_covered": 88.88888888888889, "percent_statements_covered_display": "89", "num_branches": 12, "num_partial_branches": 3, "covered_branches": 9, "missing_branches": 3, "percent_branches_covered": 75.0, "percent_branches_covered_display": "75"}, "missing_lines": [418, 423, 437], "excluded_lines": [], "start_line": 398, "executed_branches": [[403, 404], [403, 405], [417, 421], [422, 425], [426, 427], [426, 436], [429, 431], [429, 433], [436, 438]], "missing_branches": [[417, 418], [422, 423], [436, 437]]}, "pct_multi_modulo": {"executed_lines": [450, 451, 452, 453, 455, 456], "summary": {"covered_lines": 6, "num_statements": 7, "percent_covered": 81.81818181818181, "percent_covered_display": "82", "missing_lines": 1, "excluded_lines": 0, "percent_statements_covered": 85.71428571428571, "percent_statements_covered_display": "86", "num_branches": 4, "num_partial_branches": 1, "covered_branches": 3, "missing_branches": 1, "percent_branches_covered": 75.0, "percent_branches_covered_display": "75"}, "missing_lines": [454], "excluded_lines": [], "start_line": 448, "executed_branches": [[450, 451], [450, 452], [453, 455]], "missing_branches": [[453, 454]]}, "_build_searchable_text": {"executed_lines": [465, 466, 468, 471, 472, 473, 474, 475, 477, 478, 479, 480], "summary": {"covered_lines": 12, "num_statements": 13, "percent_covered": 80.95238095238095, "percent_covered_display": "81", "missing_lines": 1, "excluded_lines": 0, "percent_statements_covered": 92.3076923076923, "percent_statements_covered_display": "92", "num_branches": 8, "num_partial_branches": 3, "covered_branches": 5, "missing_branches": 3, "percent_branches_covered": 62.5, "percent_branches_covered_display": "62"}, "missing_lines": [469], "excluded_lines": [], "start_line": 459, "executed_branches": [[468, 471], [472, 473], [474, 475], [478, 479], [478, 480]], "missing_branches": [[468, 469], [472, 474], [474, 477]]}, "_keywords_mask": {"executed_lines": [485, 487, 488], "summary": {"covered_lines": 3, "num_statements": 3, "percent_covered": 100.0, "percent_covered_display": "100", "missing_lines": 0, "excluded_lines": 0, "percent_statements_covered": 100.0, "percent_statements_covered_display": "100", "num_branches": 0, "num_partial_branches": 0, "covered_branches": 0, "missing_branches": 0, "percent_branches_covered": 100.0, "percent_branches_covered_display": "100"}, "missing_lines": [], "excluded_lines": [], "start_line": 483, "executed_branches": [], "missing_branches": []}, "ticket_medio_por_plataforma": {"executed_lines": [496, 498, 499, 500, 502, 503, 504, 506, 507, 509, 510, 514, 515, 519], "summary": {"covered_lines": 14, "num_statements": 14, "percent_covered": 90.0, "percent_covered_display": "90", "missing_lines": 0, "excluded_lines": 0, "percent_statements_covered": 100.0, "percent_statements_covered_display": "100", "num_branches": 6, "num_partial_branches": 2, "covered_branches": 4, "missing_branches": 2, "percent_branches_covered": 66.66666666666667, "percent_branches_covered_display": "67"}, "missing_lines": [], "excluded_lines": [], "start_line": 491, "executed_branches": [[499, 500], [499, 502], [509, 510], [514, 515]], "missing_branches": [[509, 514], [514, 519]]}, "portfolio_match": {"executed_lines": [524, 525, 526, 527, 529, 530, 531, 532, 533, 534], "summary": {"covered_lines": 10, "num_statements": 10, "percent_covered": 100.0, "percent_covered_display": "100", "missing_lines": 0, "excluded_lines": 0, "percent_statements_covered": 100.0, "percent_statements_covered_display": "100", "num_branches": 6, "num_partial_branches": 0, "covered_branches": 6, "missing_branches": 0, "percent_branches_covered": 100.0, "percent_branches_covered_display": "100"}, "missing_lines": [], "excluded_lines": [], "start_line": 522, "executed_branches": [[524, 525], [524, 526], [526, 527], [526, 530], [530, 531], [530, 532]], "missing_branches": []}, "calientes_hoy": {"executed_lines": [550, 551, 552, 555, 556, 557, 559, 563, 564, 566, 570, 576, 582], "summary": {"covered_lines": 13, "num_statements": 22, "percent_covered": 55.55555555555556, "percent_covered_display": "56", "missing_lines": 9, "excluded_lines": 0, "percent_statements_covered": 59.09090909090909, "percent_statements_covered_display": "59", "num_branches": 14, "num_partial_branches": 5, "covered_branches": 7, "missing_branches": 7, "percent_branches_covered": 50.0, "percent_branches_covered_display": "50"}, "missing_lines": [560, 567, 571, 572, 573, 577, 578, 579, 580], "excluded_lines": [], "start_line": 540, "executed_branches": [[550, 551], [550, 552], [556, 557], [559, 563], [566, 570], [570, 576], [576, 582]], "missing_branches": [[556, 559], [559, 560], [566, 567], [570, 571], [572, 573], [572, 576], [576, 577]]}, "vencen_en": {"executed_lines": [587, 588, 589, 590, 591, 592, 593], "summary": {"covered_lines": 7, "num_statements": 7, "percent_covered": 100.0, "percent_covered_display": "100", "missing_lines": 0, "excluded_lines": 0, "percent_statements_covered": 100.0, "percent_statements_covered_display": "100", "num_branches": 2, "num_partial_branches": 0, "covered_branches": 2, "missing_branches": 0, "percent_branches_covered": 100.0, "percent_branches_covered_display": "100"}, "missing_lines": [], "excluded_lines": [], "start_line": 585, "executed_branches": [[587, 588], [587, 589]], "missing_branches": []}, "velocity_funnel": {"executed_lines": [602, 603, 604, 605, 606, 607, 608, 609, 611, 620], "summary": {"covered_lines": 10, "num_statements": 14, "percent_covered": 63.63636363636363, "percent_covered_display": "64", "missing_lines": 4, "excluded_lines": 0, "percent_statements_covered": 71.42857142857143, "percent_statements_covered_display": "71", "num_branches": 8, "num_partial_branches": 2, "covered_branches": 4, "missing_branches": 4, "percent_branches_covered": 50.0, "percent_branches_covered_display": "50"}, "missing_lines": [612, 617, 618, 619], "excluded_lines": [], "start_line": 596, "executed_branches": [[603, 604], [603, 611], [608, 609], [611, 620]], "missing_branches": [[608, 611], [611, 612], [618, 619], [618, 620]]}, "tasa_conversion_organo": {"executed_lines": [629, 630, 631, 632, 637, 638, 640, 641, 642], "summary": {"covered_lines": 9, "num_statements": 10, "percent_covered": 85.71428571428571, "percent_covered_display": "86", "missing_lines": 1, "excluded_lines": 0, "percent_statements_covered": 90.0, "percent_statements_covered_display": "90", "num_branches": 4, "num_partial_branches": 1, "covered_branches": 3, "missing_branches": 1, "percent_branches_covered": 75.0, "percent_branches_covered_display": "75"}, "missing_lines": [639], "excluded_lines": [], "start_line": 623, "executed_branches": [[629, 630], [629, 631], [638, 640]], "missing_branches": [[638, 639]]}, "calidad_dato": {"executed_lines": [654, 655, 656, 657, 658, 659, 660, 661, 666, 671], "summary": {"covered_lines": 10, "num_statements": 10, "percent_covered": 92.85714285714286, "percent_covered_display": "93", "missing_lines": 0, "excluded_lines": 0, "percent_statements_covered": 100.0, "percent_statements_covered_display": "100", "num_branches": 4, "num_partial_branches": 1, "covered_branches": 3, "missing_branches": 1, "percent_branches_covered": 75.0, "percent_branches_covered_display": "75"}, "missing_lines": [], "excluded_lines": [], "start_line": 648, "executed_branches": [[654, 655], [654, 656], [658, 659]], "missing_branches": [[658, 660]]}, "risk_flags": {"executed_lines": [691, 692, 694, 695, 698, 703, 704, 709, 712, 713, 714, 719, 721, 722, 723, 731, 737, 740, 741, 742, 748, 749, 752, 758, 759, 761, 762, 765, 771, 772, 773, 778], "summary": {"covered_lines": 32, "num_statements": 32, "percent_covered": 100.0, "percent_covered_display": "100", "missing_lines": 0, "excluded_lines": 0, "percent_statements_covered": 100.0, "percent_statements_covered_display": "100", "num_branches": 4, "num_partial_branches": 0, "covered_branches": 4, "missing_branches": 0, "percent_branches_covered": 100.0, "percent_branches_covered_display": "100"}, "missing_lines": [], "excluded_lines": [], "start_line": 679, "executed_branches": [[691, 692], [691, 694], [719, 721], [719, 761]], "missing_branches": []}, "score_oportunidad": {"executed_lines": [808, 815, 816, 818, 819, 820, 822, 823, 826, 827, 830, 831, 832, 833, 834, 837, 840, 841, 842, 843, 845, 855, 858, 861, 862, 871, 874, 875, 876, 879, 880, 881, 884, 885, 886, 887, 888, 893, 894, 895, 896, 902, 903, 906, 907, 908, 913, 914, 915, 917, 918, 921, 922, 923, 926, 932, 935, 946, 948], "summary": {"covered_lines": 59, "num_statements": 70, "percent_covered": 79.34782608695652, "percent_covered_display": "79", "missing_lines": 11, "excluded_lines": 0, "percent_statements_covered": 84.28571428571429, "percent_statements_covered_display": "84", "num_branches": 22, "num_partial_branches": 6, "covered_branches": 14, "missing_branches": 8, "percent_branches_covered": 63.63636363636363, "percent_branches_covered_display": "64"}, "missing_lines": [829, 836, 857, 863, 864, 870, 898, 900, 909, 910, 912], "excluded_lines": [], "start_line": 784, "executed_branches": [[815, 816], [815, 818], [819, 820], [819, 822], [826, 827], [830, 831], [840, 841], [861, 862], [884, 885], [884, 902], [887, 888], [893, 894], [906, 907], [906, 917]], "missing_branches": [[826, 829], [830, 836], [840, 857], [861, 863], [863, 864], [863, 870], [887, 900], [893, 898]]}, "score_oportunidad._plazo_score": {"executed_lines": [846, 847, 848, 850, 851], "summary": {"covered_lines": 5, "num_statements": 7, "percent_covered": 69.23076923076923, "percent_covered_display": "69", "missing_lines": 2, "excluded_lines": 0, "percent_statements_covered": 71.42857142857143, "percent_statements_covered_display": "71", "num_branches": 6, "num_partial_branches": 2, "covered_branches": 4, "missing_branches": 2, "percent_branches_covered": 66.66666666666667, "percent_branches_covered_display": "67"}, "missing_lines": [849, 853], "excluded_lines": [], "start_line": 845, "executed_branches": [[846, 847], [846, 848], [848, 850], [850, 851]], "missing_branches": [[848, 849], [850, 853]]}, "score_oportunidad._banda": {"executed_lines": [927, 928, 929], "summary": {"covered_lines": 3, "num_statements": 4, "percent_covered": 75.0, "percent_covered_display": "75", "missing_lines": 1, "excluded_lines": 0, "percent_statements_covered": 75.0, "percent_statements_covered_display": "75", "num_branches": 4, "num_partial_branches": 1, "covered_branches": 3, "missing_branches": 1, "percent_branches_covered": 75.0, "percent_branches_covered_display": "75"}, "missing_lines": [930], "excluded_lines": [], "start_line": 926, "executed_branches": [[927, 928], [928, 927], [928, 929]], "missing_branches": [[927, 930]]}, "score_oportunidad._desglose": {"executed_lines": [936], "summary": {"covered_lines": 1, "num_statements": 1, "percent_covered": 100.0, "percent_covered_display": "100", "missing_lines": 0, "excluded_lines": 0, "percent_statements_covered": 100.0, "percent_statements_covered_display": "100", "num_branches": 0, "num_partial_branches": 0, "covered_branches": 0, "missing_branches": 0, "percent_branches_covered": 100.0, "percent_branches_covered_display": "100"}, "missing_lines": [], "excluded_lines": [], "start_line": 935, "executed_branches": [], "missing_branches": []}, "kpis_organo": {"executed_lines": [974, 983, 984, 986, 987, 988, 990, 991, 992, 993, 994, 996, 997, 999, 1000, 1003, 1004, 1005, 1006, 1007, 1008, 1009, 1014, 1015, 1016, 1018], "summary": {"covered_lines": 26, "num_statements": 26, "percent_covered": 88.0952380952381, "percent_covered_display": "88", "missing_lines": 0, "excluded_lines": 0, "percent_statements_covered": 100.0, "percent_statements_covered_display": "100", "num_branches": 16, "num_partial_branches": 5, "covered_branches": 11, "missing_branches": 5, "percent_branches_covered": 68.75, "percent_branches_covered_display": "69"}, "missing_lines": [], "excluded_lines": [], "start_line": 954, "executed_branches": [[983, 984], [983, 986], [987, 988], [987, 990], [992, 993], [999, 1000], [1003, 1004], [1003, 1018], [1005, 1006], [1008, 1009], [1014, 1015]], "missing_branches": [[992, 999], [999, 1003], [1005, 1018], [1008, 1018], [1014, 1018]]}, "compare_periods": {"executed_lines": [1034, 1035, 1036, 1038, 1039, 1041, 1042, 1043, 1044, 1045, 1046, 1047], "summary": {"covered_lines": 12, "num_statements": 12, "percent_covered": 100.0, "percent_covered_display": "100", "missing_lines": 0, "excluded_lines": 0, "percent_statements_covered": 100.0, "percent_statements_covered_display": "100", "num_branches": 2, "num_partial_branches": 0, "covered_branches": 2, "missing_branches": 0, "percent_branches_covered": 100.0, "percent_branches_covered_display": "100"}, "missing_lines": [], "excluded_lines": [], "start_line": 1024, "executed_branches": [[1042, 1043], [1042, 1047]], "missing_branches": []}, "": {"executed_lines": [3, 5, 7, 8, 10, 13, 34, 45, 58, 71, 77, 86, 121, 130, 146, 164, 176, 184, 189, 210, 240, 260, 271, 292, 311, 350, 374, 398, 448, 459, 483, 491, 522, 540, 585, 596, 623, 648, 679, 784, 954, 1024], "summary": {"covered_lines": 42, "num_statements": 42, "percent_covered": 100.0, "percent_covered_display": "100", "missing_lines": 0, "excluded_lines": 0, "percent_statements_covered": 100.0, "percent_statements_covered_display": "100", "num_branches": 0, "num_partial_branches": 0, "covered_branches": 0, "missing_branches": 0, "percent_branches_covered": 100.0, "percent_branches_covered_display": "100"}, "missing_lines": [], "excluded_lines": [], "start_line": 1, "executed_branches": [], "missing_branches": []}}, "classes": {"": {"executed_lines": [3, 5, 7, 8, 10, 13, 34, 35, 36, 37, 45, 46, 47, 48, 55, 58, 59, 60, 61, 68, 71, 72, 73, 74, 77, 78, 79, 80, 86, 93, 94, 95, 102, 103, 104, 105, 106, 107, 108, 109, 110, 111, 112, 113, 115, 117, 118, 121, 123, 124, 125, 126, 127, 130, 132, 133, 134, 135, 137, 138, 139, 140, 141, 142, 143, 146, 148, 149, 150, 151, 152, 153, 154, 161, 164, 166, 167, 168, 169, 170, 171, 172, 173, 176, 178, 179, 180, 181, 184, 186, 189, 195, 196, 197, 198, 199, 200, 201, 202, 203, 204, 205, 207, 210, 215, 216, 217, 218, 220, 221, 224, 230, 232, 235, 236, 237, 240, 242, 243, 244, 250, 252, 253, 260, 262, 263, 264, 265, 266, 268, 271, 273, 274, 275, 282, 284, 285, 292, 298, 299, 300, 301, 302, 303, 305, 306, 308, 311, 328, 329, 330, 331, 333, 334, 335, 337, 338, 339, 340, 341, 342, 345, 347, 350, 356, 358, 359, 360, 361, 362, 363, 364, 366, 367, 368, 374, 379, 380, 381, 382, 384, 395, 398, 403, 404, 405, 406, 407, 408, 409, 414, 415, 417, 421, 422, 425, 426, 427, 428, 429, 431, 433, 434, 436, 438, 439, 440, 448, 450, 451, 452, 453, 455, 456, 459, 465, 466, 468, 471, 472, 473, 474, 475, 477, 478, 479, 480, 483, 485, 487, 488, 491, 496, 498, 499, 500, 502, 503, 504, 506, 507, 509, 510, 514, 515, 519, 522, 524, 525, 526, 527, 529, 530, 531, 532, 533, 534, 540, 550, 551, 552, 555, 556, 557, 559, 563, 564, 566, 570, 576, 582, 585, 587, 588, 589, 590, 591, 592, 593, 596, 602, 603, 604, 605, 606, 607, 608, 609, 611, 620, 623, 629, 630, 631, 632, 637, 638, 640, 641, 642, 648, 654, 655, 656, 657, 658, 659, 660, 661, 666, 671, 679, 691, 692, 694, 695, 698, 703, 704, 709, 712, 713, 714, 719, 721, 722, 723, 731, 737, 740, 741, 742, 748, 749, 752, 758, 759, 761, 762, 765, 771, 772, 773, 778, 784, 808, 815, 816, 818, 819, 820, 822, 823, 826, 827, 830, 831, 832, 833, 834, 837, 840, 841, 842, 843, 845, 846, 847, 848, 850, 851, 855, 858, 861, 862, 871, 874, 875, 876, 879, 880, 881, 884, 885, 886, 887, 888, 893, 894, 895, 896, 902, 903, 906, 907, 908, 913, 914, 915, 917, 918, 921, 922, 923, 926, 927, 928, 929, 932, 935, 936, 946, 948, 954, 974, 983, 984, 986, 987, 988, 990, 991, 992, 993, 994, 996, 997, 999, 1000, 1003, 1004, 1005, 1006, 1007, 1008, 1009, 1014, 1015, 1016, 1018, 1024, 1034, 1035, 1036, 1038, 1039, 1041, 1042, 1043, 1044, 1045, 1046, 1047], "summary": {"covered_lines": 453, "num_statements": 506, "percent_covered": 85.0, "percent_covered_display": "85", "missing_lines": 53, "excluded_lines": 0, "percent_statements_covered": 89.52569169960475, "percent_statements_covered_display": "90", "num_branches": 214, "num_partial_branches": 47, "covered_branches": 159, "missing_branches": 55, "percent_branches_covered": 74.29906542056075, "percent_branches_covered_display": "74"}, "missing_lines": [19, 20, 21, 22, 23, 24, 25, 30, 31, 206, 231, 251, 267, 283, 304, 307, 332, 343, 357, 383, 418, 423, 437, 454, 469, 560, 567, 571, 572, 573, 577, 578, 579, 580, 612, 617, 618, 619, 639, 829, 836, 849, 853, 857, 863, 864, 870, 898, 900, 909, 910, 912, 930], "excluded_lines": [], "start_line": 1, "executed_branches": [[35, 36], [35, 37], [46, 47], [46, 48], [59, 60], [59, 61], [72, 73], [72, 74], [78, 79], [78, 80], [102, 103], [102, 105], [105, 106], [105, 108], [108, 109], [108, 111], [111, 112], [111, 115], [125, 126], [125, 127], [132, 133], [132, 134], [137, 138], [141, 142], [141, 143], [152, 153], [152, 161], [166, 167], [166, 168], [170, 171], [170, 172], [179, 180], [179, 181], [195, 196], [195, 197], [199, 200], [201, 202], [205, 207], [215, 216], [215, 217], [220, 221], [220, 224], [230, 232], [242, 243], [242, 244], [250, 252], [262, 263], [262, 264], [266, 268], [273, 274], [273, 275], [282, 284], [298, 299], [298, 300], [300, 301], [300, 302], [303, 305], [306, 308], [328, 329], [328, 330], [331, 333], [334, 335], [338, 339], [338, 340], [340, 341], [340, 342], [342, 345], [356, 358], [359, 360], [359, 361], [364, 366], [364, 367], [379, 380], [379, 381], [382, 384], [403, 404], [403, 405], [417, 421], [422, 425], [426, 427], [426, 436], [429, 431], [429, 433], [436, 438], [450, 451], [450, 452], [453, 455], [468, 471], [472, 473], [474, 475], [478, 479], [478, 480], [499, 500], [499, 502], [509, 510], [514, 515], [524, 525], [524, 526], [526, 527], [526, 530], [530, 531], [530, 532], [550, 551], [550, 552], [556, 557], [559, 563], [566, 570], [570, 576], [576, 582], [587, 588], [587, 589], [603, 604], [603, 611], [608, 609], [611, 620], [629, 630], [629, 631], [638, 640], [654, 655], [654, 656], [658, 659], [691, 692], [691, 694], [719, 721], [719, 761], [815, 816], [815, 818], [819, 820], [819, 822], [826, 827], [830, 831], [840, 841], [846, 847], [846, 848], [848, 850], [850, 851], [861, 862], [884, 885], [884, 902], [887, 888], [893, 894], [906, 907], [906, 917], [927, 928], [928, 927], [928, 929], [983, 984], [983, 986], [987, 988], [987, 990], [992, 993], [999, 1000], [1003, 1004], [1003, 1018], [1005, 1006], [1008, 1009], [1014, 1015], [1042, 1043], [1042, 1047]], "missing_branches": [[24, 25], [24, 31], [137, 139], [199, 201], [201, 203], [205, 206], [230, 231], [250, 251], [266, 267], [282, 283], [303, 304], [306, 307], [331, 332], [334, 337], [342, 343], [356, 357], [382, 383], [417, 418], [422, 423], [436, 437], [453, 454], [468, 469], [472, 474], [474, 477], [509, 514], [514, 519], [556, 559], [559, 560], [566, 567], [570, 571], [572, 573], [572, 576], [576, 577], [608, 611], [611, 612], [618, 619], [618, 620], [638, 639], [658, 660], [826, 829], [830, 836], [840, 857], [848, 849], [850, 853], [861, 863], [863, 864], [863, 870], [887, 900], [893, 898], [927, 930], [992, 999], [999, 1003], [1005, 1018], [1008, 1018], [1014, 1018]]}}}, "dashboard\\utils\\__init__.py": {"executed_lines": [1, 2, 3, 5], "summary": {"covered_lines": 4, "num_statements": 4, "percent_covered": 100.0, "percent_covered_display": "100", "missing_lines": 0, "excluded_lines": 0, "percent_statements_covered": 100.0, "percent_statements_covered_display": "100", "num_branches": 0, "num_partial_branches": 0, "covered_branches": 0, "missing_branches": 0, "percent_branches_covered": 100.0, "percent_branches_covered_display": "100"}, "missing_lines": [], "excluded_lines": [], "executed_branches": [], "missing_branches": [], "functions": {"": {"executed_lines": [1, 2, 3, 5], "summary": {"covered_lines": 4, "num_statements": 4, "percent_covered": 100.0, "percent_covered_display": "100", "missing_lines": 0, "excluded_lines": 0, "percent_statements_covered": 100.0, "percent_statements_covered_display": "100", "num_branches": 0, "num_partial_branches": 0, "covered_branches": 0, "missing_branches": 0, "percent_branches_covered": 100.0, "percent_branches_covered_display": "100"}, "missing_lines": [], "excluded_lines": [], "start_line": 1, "executed_branches": [], "missing_branches": []}}, "classes": {"": {"executed_lines": [1, 2, 3, 5], "summary": {"covered_lines": 4, "num_statements": 4, "percent_covered": 100.0, "percent_covered_display": "100", "missing_lines": 0, "excluded_lines": 0, "percent_statements_covered": 100.0, "percent_statements_covered_display": "100", "num_branches": 0, "num_partial_branches": 0, "covered_branches": 0, "missing_branches": 0, "percent_branches_covered": 100.0, "percent_branches_covered_display": "100"}, "missing_lines": [], "excluded_lines": [], "start_line": 1, "executed_branches": [], "missing_branches": []}}}, "dashboard\\utils\\chart_helpers.py": {"executed_lines": [], "summary": {"covered_lines": 0, "num_statements": 13, "percent_covered": 0.0, "percent_covered_display": "0", "missing_lines": 13, "excluded_lines": 0, "percent_statements_covered": 0.0, "percent_statements_covered_display": "0", "num_branches": 4, "num_partial_branches": 0, "covered_branches": 0, "missing_branches": 4, "percent_branches_covered": 0.0, "percent_branches_covered_display": "0"}, "missing_lines": [3, 5, 8, 10, 11, 12, 13, 14, 17, 19, 24, 29, 30], "excluded_lines": [], "executed_branches": [], "missing_branches": [[10, 11], [10, 12], [12, 13], [12, 14]], "functions": {"fmt_hover_eur": {"executed_lines": [], "summary": {"covered_lines": 0, "num_statements": 5, "percent_covered": 0.0, "percent_covered_display": "0", "missing_lines": 5, "excluded_lines": 0, "percent_statements_covered": 0.0, "percent_statements_covered_display": "0", "num_branches": 4, "num_partial_branches": 0, "covered_branches": 0, "missing_branches": 4, "percent_branches_covered": 0.0, "percent_branches_covered_display": "0"}, "missing_lines": [10, 11, 12, 13, 14], "excluded_lines": [], "start_line": 8, "executed_branches": [], "missing_branches": [[10, 11], [10, 12], [12, 13], [12, 14]]}, "apply_chart_defaults": {"executed_lines": [], "summary": {"covered_lines": 0, "num_statements": 4, "percent_covered": 0.0, "percent_covered_display": "0", "missing_lines": 4, "excluded_lines": 0, "percent_statements_covered": 0.0, "percent_statements_covered_display": "0", "num_branches": 0, "num_partial_branches": 0, "covered_branches": 0, "missing_branches": 0, "percent_branches_covered": 100.0, "percent_branches_covered_display": "100"}, "missing_lines": [19, 24, 29, 30], "excluded_lines": [], "start_line": 17, "ex
[...]
 187, 188, 189, 190, 192, 193, 194, 195, 197, 198, 200, 201, 202, 203, 204, 205, 206, 207, 208, 209, 210, 212, 213, 238, 239, 240, 241, 246, 249, 251, 252, 258, 279, 280, 281, 282, 283, 284, 285, 286, 287, 288, 293, 294, 295, 296, 301, 302, 303, 304, 305, 368, 369], "excluded_lines": [], "executed_branches": [[77, 78], [77, 80], [83, 84], [83, 95], [86, 83], [86, 87], [88, 86], [88, 89], [104, 105], [104, 112], [146, 147], [146, 161], [148, 149], [148, 155], [155, 156], [155, 158], [159, 146], [159, 160], [161, -144], [248, 270], [274, 275], [274, 291], [277, 274], [300, 308], [361, 362]], "missing_branches": [[161, 162], [172, 173], [172, 175], [181, 182], [181, 183], [183, 184], [183, 185], [193, 194], [193, 197], [204, 205], [204, 212], [248, 249], [251, 252], [251, 258], [277, 279], [279, 280], [279, 281], [283, 274], [283, 284], [300, 301], [361, 368]], "functions": {"process_month": {"executed_lines": [48, 49, 50, 52], "summary": {"covered_lines": 4, "num_statements": 4, "percent_covered": 100.0, "percent_covered_display": "100", "missing_lines": 0, "excluded_lines": 0, "percent_statements_covered": 100.0, "percent_statements_covered_display": "100", "num_branches": 0, "num_partial_branches": 0, "covered_branches": 0, "missing_branches": 0, "percent_branches_covered": 100.0, "percent_branches_covered_display": "100"}, "missing_lines": [], "excluded_lines": [], "start_line": 42, "executed_branches": [], "missing_branches": []}, "_process_month_impl": {"executed_lines": [59, 60, 61, 62, 63, 64, 71, 72, 73, 74, 75, 77, 78, 80, 81, 82, 83, 84, 85, 86, 87, 88, 89, 90, 91, 92, 93, 95, 96, 97, 98, 99, 100, 102, 103, 104, 105, 106, 107, 108, 109, 110, 112, 121, 122, 124, 125, 126, 127, 131], "summary": {"covered_lines": 50, "num_statements": 52, "percent_covered": 96.7741935483871, "percent_covered_display": "97", "missing_lines": 2, "excluded_lines": 0, "percent_statements_covered": 96.15384615384616, "percent_statements_covered_display": "96", "num_branches": 10, "num_partial_branches": 0, "covered_branches": 10, "missing_branches": 0, "percent_branches_covered": 100.0, "percent_branches_covered_display": "100"}, "missing_lines": [128, 129], "excluded_lines": [], "start_line": 55, "executed_branches": [[77, 78], [77, 80], [83, 84], [83, 95], [86, 83], [86, 87], [88, 86], [88, 89], [104, 105], [104, 112]], "missing_branches": []}, "_summarize": {"executed_lines": [145, 146, 147, 148, 149, 150, 151, 152, 153, 154, 155, 156, 158, 159, 160, 161], "summary": {"covered_lines": 16, "num_statements": 17, "percent_covered": 92.5925925925926, "percent_covered_display": "93", "missing_lines": 1, "excluded_lines": 0, "percent_statements_covered": 94.11764705882354, "percent_statements_covered_display": "94", "num_branches": 10, "num_partial_branches": 1, "covered_branches": 9, "missing_branches": 1, "percent_branches_covered": 90.0, "percent_branches_covered_display": "90"}, "missing_lines": [162], "excluded_lines": [], "start_line": 144, "executed_branches": [[146, 147], [146, 161], [148, 149], [148, 155], [155, 156], [155, 158], [159, 146], [159, 160], [161, -144]], "missing_branches": [[161, 162]]}, "update_recent": {"executed_lines": [], "summary": {"covered_lines": 0, "num_statements": 10, "percent_covered": 0.0, "percent_covered_display": "0", "missing_lines": 10, "excluded_lines": 0, "percent_statements_covered": 0.0, "percent_statements_covered_display": "0", "num_branches": 2, "num_partial_branches": 0, "covered_branches": 0, "missing_branches": 2, "percent_branches_covered": 0.0, "percent_branches_covered_display": "0"}, "missing_lines": [167, 168, 169, 170, 171, 172, 173, 174, 175, 176], "excluded_lines": [], "start_line": 165, "executed_branches": [], "missing_branches": [[172, 173], [172, 175]]}, "backfill": {"executed_lines": [], "summary": {"covered_lines": 0, "num_statements": 28, "percent_covered": 0.0, "percent_covered_display": "0", "missing_lines": 28, "excluded_lines": 0, "percent_statements_covered": 0.0, "percent_statements_covered_display": "0", "num_branches": 8, "num_partial_branches": 0, "covered_branches": 0, "missing_branches": 8, "percent_branches_covered": 0.0, "percent_branches_covered_display": "0"}, "missing_lines": [181, 182, 183, 184, 185, 187, 188, 189, 190, 192, 193, 194, 195, 197, 198, 200, 201, 202, 203, 204, 205, 206, 207, 208, 209, 210, 212, 213], "excluded_lines": [], "start_line": 179, "executed_branches": [], "missing_branches": [[181, 182], [181, 183], [183, 184], [183, 185], [193, 194], [193, 197], [204, 205], [204, 212]]}, "process_daily": {"executed_lines": [227, 229, 230, 233, 234, 236, 237, 248, 270, 271, 272, 274, 275, 276, 277, 291, 292, 299, 300, 308, 309, 317, 330, 341], "summary": {"covered_lines": 24, "num_statements": 52, "percent_covered": 43.93939393939394, "percent_covered_display": "44", "missing_lines": 28, "excluded_lines": 0, "percent_statements_covered": 46.15384615384615, "percent_statements_covered_display": "46", "num_branches": 14, "num_partial_branches": 3, "covered_branches": 5, "missing_branches": 9, "percent_branches_covered": 35.714285714285715, "percent_branches_covered_display": "36"}, "missing_lines": [238, 239, 240, 241, 246, 249, 251, 252, 258, 279, 280, 281, 282, 283, 284, 285, 286, 287, 288, 293, 294, 295, 296, 301, 302, 303, 304, 305], "excluded_lines": [], "start_line": 221, "executed_branches": [[248, 270], [274, 275], [274, 291], [277, 274], [300, 308]], "missing_branches": [[248, 249], [251, 252], [251, 258], [277, 279], [279, 280], [279, 281], [283, 274], [283, 284], [300, 301]]}, "update_daily": {"executed_lines": [357, 358, 359, 360, 361, 362, 363, 364, 370, 371], "summary": {"covered_lines": 10, "num_statements": 12, "percent_covered": 78.57142857142857, "percent_covered_display": "79", "missing_lines": 2, "excluded_lines": 0, "percent_statements_covered": 83.33333333333333, "percent_statements_covered_display": "83", "num_branches": 2, "num_partial_branches": 1, "covered_branches": 1, "missing_branches": 1, "percent_branches_covered": 50.0, "percent_branches_covered_display": "50"}, "missing_lines": [368, 369], "excluded_lines": [], "start_line": 355, "executed_branches": [[361, 362]], "missing_branches": [[361, 368]]}, "": {"executed_lines": [3, 5, 6, 7, 9, 11, 22, 23, 30, 35, 37, 39, 42, 55, 144, 165, 179, 221, 355], "summary": {"covered_lines": 19, "num_statements": 19, "percent_covered": 100.0, "percent_covered_display": "100", "missing_lines": 0, "excluded_lines": 0, "percent_statements_covered": 100.0, "percent_statements_covered_display": "100", "num_branches": 0, "num_partial_branches": 0, "covered_branches": 0, "missing_branches": 0, "percent_branches_covered": 100.0, "percent_branches_covered_display": "100"}, "missing_lines": [], "excluded_lines": [], "start_line": 1, "executed_branches": [], "missing_branches": []}}, "classes": {"": {"executed_lines": [3, 5, 6, 7, 9, 11, 22, 23, 30, 35, 37, 39, 42, 48, 49, 50, 52, 55, 59, 60, 61, 62, 63, 64, 71, 72, 73, 74, 75, 77, 78, 80, 81, 82, 83, 84, 85, 86, 87, 88, 89, 90, 91, 92, 93, 95, 96, 97, 98, 99, 100, 102, 103, 104, 105, 106, 107, 108, 109, 110, 112, 121, 122, 124, 125, 126, 127, 131, 144, 145, 146, 147, 148, 149, 150, 151, 152, 153, 154, 155, 156, 158, 159, 160, 161, 165, 179, 221, 227, 229, 230, 233, 234, 236, 237, 248, 270, 271, 272, 274, 275, 276, 277, 291, 292, 299, 300, 308, 309, 317, 330, 341, 355, 357, 358, 359, 360, 361, 362, 363, 364, 370, 371], "summary": {"covered_lines": 123, "num_statements": 194, "percent_covered": 61.666666666666664, "percent_covered_display": "62", "missing_lines": 71, "excluded_lines": 0, "percent_statements_covered": 63.402061855670105, "percent_statements_covered_display": "63", "num_branches": 46, "num_partial_branches": 5, "covered_branches": 25, "missing_branches": 21, "percent_branches_covered": 54.34782608695652, "percent_branches_covered_display": "54"}, "missing_lines": [128, 129, 162, 167, 168, 169, 170, 171, 172, 173, 174, 175, 176, 181, 182, 183, 184, 185, 187, 188, 189, 190, 192, 193, 194, 195, 197, 198, 200, 201, 202, 203, 204, 205, 206, 207, 208, 209, 210, 212, 213, 238, 239, 240, 241, 246, 249, 251, 252, 258, 279, 280, 281, 282, 283, 284, 285, 286, 287, 288, 293, 294, 295, 296, 301, 302, 303, 304, 305, 368, 369], "excluded_lines": [], "start_line": 1, "executed_branches": [[77, 78], [77, 80], [83, 84], [83, 95], [86, 83], [86, 87], [88, 86], [88, 89], [104, 105], [104, 112], [146, 147], [146, 161], [148, 149], [148, 155], [155, 156], [155, 158], [159, 146], [159, 160], [161, -144], [248, 270], [274, 275], [274, 291], [277, 274], [300, 308], [361, 362]], "missing_branches": [[161, 162], [172, 173], [172, 175], [181, 182], [181, 183], [183, 184], [183, 185], [193, 194], [193, 197], [204, 205], [204, 212], [248, 249], [251, 252], [251, 258], [277, 279], [279, 280], [279, 281], [283, 274], [283, 284], [300, 301], [361, 368]]}}}, "scraper\\resilience.py": {"executed_lines": [12, 14, 16, 17, 18, 26, 28, 31, 34, 36, 37, 38, 39, 40, 42, 43, 46, 55, 56, 70], "summary": {"covered_lines": 20, "num_statements": 22, "percent_covered": 89.28571428571429, "percent_covered_display": "89", "missing_lines": 2, "excluded_lines": 0, "percent_statements_covered": 90.9090909090909, "percent_statements_covered_display": "91", "num_branches": 6, "num_partial_branches": 1, "covered_branches": 5, "missing_branches": 1, "percent_branches_covered": 83.33333333333333, "percent_branches_covered_display": "83"}, "missing_lines": [41, 62], "excluded_lines": [], "executed_branches": [[36, 37], [36, 38], [38, 39], [38, 43], [40, 42]], "missing_branches": [[40, 41]], "functions": {"_is_transient": {"executed_lines": [36, 37, 38, 39, 40, 42, 43], "summary": {"covered_lines": 7, "num_statements": 8, "percent_covered": 85.71428571428571, "percent_covered_display": "86", "missing_lines": 1, "excluded_lines": 0, "percent_statements_covered": 87.5, "percent_statements_covered_display": "88", "num_branches": 6, "num_partial_branches": 1, "covered_branches": 5, "missing_branches": 1, "percent_branches_covered": 83.33333333333333, "percent_branches_covered_display": "83"}, "missing_lines": [41], "excluded_lines": [], "start_line": 34, "executed_branches": [[36, 37], [36, 38], [38, 39], [38, 43], [40, 42]], "missing_branches": [[40, 41]]}, "_BreakerLogger.state_change": {"executed_lines": [], "summary": {"covered_lines": 0, "num_statements": 1, "percent_covered": 0.0, "percent_covered_display": "0", "missing_lines": 1, "excluded_lines": 0, "percent_statements_covered": 0.0, "percent_statements_covered_display": "0", "num_branches": 0, "num_partial_branches": 0, "covered_branches": 0, "missing_branches": 0, "percent_branches_covered": 100.0, "percent_branches_covered_display": "100"}, "missing_lines": [62], "excluded_lines": [], "start_line": 56, "executed_branches": [], "missing_branches": []}, "": {"executed_lines": [12, 14, 16, 17, 18, 26, 28, 31, 34, 46, 55, 56, 70], "summary": {"covered_lines": 13, "num_statements": 13, "percent_covered": 100.0, "percent_covered_display": "100", "missing_lines": 0, "excluded_lines": 0, "percent_statements_covered": 100.0, "percent_statements_covered_display": "100", "num_branches": 0, "num_partial_branches": 0, "covered_branches": 0, "missing_branches": 0, "percent_branches_covered": 100.0, "percent_branches_covered_display": "100"}, "missing_lines": [], "excluded_lines": [], "start_line": 1, "executed_branches": [], "missing_branches": []}}, "classes": {"_BreakerLogger": {"executed_lines": [], "summary": {"covered_lines": 0, "num_statements": 1, "percent_covered": 0.0, "percent_covered_display": "0", "missing_lines": 1, "excluded_lines": 0, "percent_statements_covered": 0.0, "percent_statements_covered_display": "0", "num_branches": 0, "num_partial_branches": 0, "covered_branches": 0, "missing_branches": 0, "percent_branches_covered": 100.0, "percent_branches_covered_display": "100"}, "missing_lines": [62], "excluded_lines": [], "start_line": 55, "executed_branches": [], "missing_branches": []}, "": {"executed_lines": [12, 14, 16, 17, 18, 26, 28, 31, 34, 36, 37, 38, 39, 40, 42, 43, 46, 55, 56, 70], "summary": {"covered_lines": 20, "num_statements": 21, "percent_covered": 92.5925925925926, "percent_covered_display": "93", "missing_lines": 1, "excluded_lines": 0, "percent_statements_covered": 95.23809523809524, "percent_statements_covered_display": "95", "num_branches": 6, "num_partial_branches": 1, "covered_branches": 5, "missing_branches": 1, "percent_branches_covered": 83.33333333333333, "percent_branches_covered_display": "83"}, "missing_lines": [41], "excluded_lines": [], "start_line": 1, "executed_branches": [[36, 37], [36, 38], [38, 39], [38, 43], [40, 42]], "missing_branches": [[40, 41]]}}}, "shared\\__init__.py": {"executed_lines": [], "summary": {"covered_lines": 0, "num_statements": 0, "percent_covered": 100.0, "percent_covered_display": "100", "missing_lines": 0, "excluded_lines": 0, "percent_statements_covered": 100.0, "percent_statements_covered_display": "100", "num_branches": 0, "num_partial_branches": 0, "covered_branches": 0, "missing_branches": 0, "percent_branches_covered": 100.0, "percent_branches_covered_display": "100"}, "missing_lines": [], "excluded_lines": [], "executed_branches": [], "missing_branches": [], "functions": {"": {"executed_lines": [], "summary": {"covered_lines": 0, "num_statements": 0, "percent_covered": 100.0, "percent_covered_display": "100", "missing_lines": 0, "excluded_lines": 0, "percent_statements_covered": 100.0, "percent_statements_covered_display": "100", "num_branches": 0, "num_partial_branches": 0, "covered_branches": 0, "missing_branches": 0, "percent_branches_covered": 100.0, "percent_branches_covered_display": "100"}, "missing_lines": [], "excluded_lines": [], "start_line": 1, "executed_branches": [], "missing_branches": []}}, "classes": {"": {"executed_lines": [], "summary": {"covered_lines": 0, "num_statements": 0, "percent_covered": 100.0, "percent_covered_display": "100", "missing_lines": 0, "excluded_lines": 0, "percent_statements_covered": 100.0, "percent_statements_covered_display": "100", "num_branches": 0, "num_partial_branches": 0, "covered_branches": 0, "missing_branches": 0, "percent_branches_covered": 100.0, "percent_branches_covered_display": "100"}, "missing_lines": [], "excluded_lines": [], "start_line": 1, "executed_branches": [], "missing_branches": []}}}, "shared\\geo.py": {"executed_lines": [7, 11, 12, 43, 44, 45, 48, 58, 59, 60, 61, 62, 63, 69], "summary": {"covered_lines": 14, "num_statements": 18, "percent_covered": 71.875, "percent_covered_display": "72", "missing_lines": 4, "excluded_lines": 0, "percent_statements_covered": 77.77777777777777, "percent_statements_covered_display": "78", "num_branches": 14, "num_partial_branches": 1, "covered_branches": 9, "missing_branches": 5, "percent_branches_covered": 64.28571428571429, "percent_branches_covered_display": "64"}, "missing_lines": [65, 66, 67, 68], "excluded_lines": [], "executed_branches": [[43, 44], [43, 48], [44, 43], [44, 45], [58, 59], [58, 60], [61, 62], [61, 63], [63, 69]], "missing_branches": [[63, 65], [66, 67], [66, 69], [67, 66], [67, 68]], "functions": {"nuts_to_ccaa": {"executed_lines": [58, 59, 60, 61, 62, 63, 69], "summary": {"covered_lines": 7, "num_statements": 11, "percent_covered": 57.142857142857146, "percent_covered_display": "57", "missing_lines": 4, "excluded_lines": 0, "percent_statements_covered": 63.63636363636363, "percent_statements_covered_display": "64", "num_branches": 10, "num_partial_branches": 1, "covered_branches": 5, "missing_branches": 5, "percent_branches_covered": 50.0, "percent_branches_covered_display": "50"}, "missing_lines": [65, 66, 67, 68], "excluded_lines": [], "start_line": 48, "executed_branches": [[58, 59], [58, 60], [61, 62], [61, 63], [63, 69]], "missing_branches": [[63, 65], [66, 67], [66, 69], [67, 66], [67, 68]]}, "": {"executed_lines": [7, 11, 12, 43, 44, 45, 48], "summary": {"covered_lines": 7, "num_statements": 7, "percent_covered": 100.0, "percent_covered_display": "100", "missing_lines": 0, "excluded_lines": 0, "percent_statements_covered": 100.0, "percent_statements_covered_display": "100", "num_branches": 4, "num_partial_branches": 0, "covered_branches": 4, "missing_branches": 0, "percent_branches_covered": 100.0, "percent_branches_covered_display": "100"}, "missing_lines": [], "excluded_lines": [], "start_line": 1, "executed_branches": [[43, 44], [43, 48], [44, 43], [44, 45]], "missing_branches": []}}, "classes": {"": {"executed_lines": [7, 11, 12, 43, 44, 45, 48, 58, 59, 60, 61, 62, 63, 69], "summary": {"covered_lines": 14, "num_statements": 18, "percent_covered": 71.875, "percent_covered_display": "72", "missing_lines": 4, "excluded_lines": 0, "percent_statements_covered": 77.77777777777777, "percent_statements_covered_display": "78", "num_branches": 14, "num_partial_branches": 1, "covered_branches": 9, "missing_branches": 5, "percent_branches_covered": 64.28571428571429, "percent_branches_covered_display": "64"}, "missing_lines": [65, 66, 67, 68], "excluded_lines": [], "start_line": 1, "executed_branches": [[43, 44], [43, 48], [44, 43], [44, 45], [58, 59], [58, 60], [61, 62], [61, 63], [63, 69]], "missing_branches": [[63, 65], [66, 67], [66, 69], [67, 66], [67, 68]]}}}, "shared\\user_key.py": {"executed_lines": [3, 5, 6, 9, 14, 15], "summary": {"covered_lines": 6, "num_statements": 6, "percent_covered": 100.0, "percent_covered_display": "100", "missing_lines": 0, "excluded_lines": 0, "percent_statements_covered": 100.0, "percent_statements_covered_display": "100", "num_branches": 0, "num_partial_branches": 0, "covered_branches": 0, "missing_branches": 0, "percent_branches_covered": 100.0, "percent_branches_covered_display": "100"}, "missing_lines": [], "excluded_lines": [], "executed_branches": [], "missing_branches": [], "functions": {"user_key": {"executed_lines": [14, 15], "summary": {"covered_lines": 2, "num_statements": 2, "percent_covered": 100.0, "percent_covered_display": "100", "missing_lines": 0, "excluded_lines": 0, "percent_statements_covered": 100.0, "percent_statements_covered_display": "100", "num_branches": 0, "num_partial_branches": 0, "covered_branches": 0, "missing_branches": 0, "percent_branches_covered": 100.0, "percent_branches_covered_display": "100"}, "missing_lines": [], "excluded_lines": [], "start_line": 9, "executed_branches": [], "missing_branches": []}, "": {"executed_lines": [3, 5, 6, 9], "summary": {"covered_lines": 4, "num_statements": 4, "percent_covered": 100.0, "percent_covered_display": "100", "missing_lines": 0, "excluded_lines": 0, "percent_statements_covered": 100.0, "percent_statements_covered_display": "100", "num_branches": 0, "num_partial_branches": 0, "covered_branches": 0, "missing_branches": 0, "percent_branches_covered": 100.0, "percent_branches_covered_display": "100"}, "missing_lines": [], "excluded_lines": [], "start_line": 1, "executed_branches": [], "missing_branches": []}}, "classes": {"": {"executed_lines": [3, 5, 6, 9, 14, 15], "summary": {"covered_lines": 6, "num_statements": 6, "percent_covered": 100.0, "percent_covered_display": "100", "missing_lines": 0, "excluded_lines": 0, "percent_statements_covered": 100.0, "percent_statements_covered_display": "100", "num_branches": 0, "num_partial_branches": 0, "covered_branches": 0, "missing_branches": 0, "percent_branches_covered": 100.0, "percent_branches_covered_display": "100"}, "missing_lines": [], "excluded_lines": [], "start_line": 1, "executed_branches": [], "missing_branches": []}}}}, "totals": {"covered_lines": 2565, "num_statements": 3144, "percent_covered": 80.17156862745098, "percent_covered_display": "80", "missing_lines": 579, "excluded_lines": 66, "percent_statements_covered": 81.58396946564885, "percent_statements_covered_display": "82", "num_branches": 936, "num_partial_branches": 108, "covered_branches": 706, "missing_branches": 230, "percent_branches_covered": 75.42735042735043, "percent_branches_covered_display": "75"}}