============================= test session starts =============================
platform win32 -- Python 3.12.7, pytest-8.4.2, pluggy-1.6.0
rootdir: C:\Users\dkalitovicsdorta\AppData\Local\Temp\Licitaciones_sap_SP
configfile: pyproject.toml
plugins: anyio-4.13.0, hypothesis-6.152.6, cov-5.0.0
collected 639 items

tests\test_atom_live.py ..............                                   [  2%]
tests\test_auth.py ....................                                  [  5%]
tests\test_bulk_downloader.py ...................                        [  8%]
tests\test_classifiers.py ............................................   [ 15%]
tests\test_codice_parser.py ..........................                   [ 19%]
tests\test_concept_drift.py ..........                                   [ 20%]
tests\test_dashboard_pages.py F.FFF..FF                                  [ 22%]
tests\test_dashboard_smoke.py FFFFFFFFFF                                 [ 23%]
tests\test_database.py ..................                                [ 26%]
tests\test_dlq.py ........                                               [ 27%]
tests\test_embeddings.py ..........                                      [ 29%]
tests\test_filters.py ................                                   [ 31%]
tests\test_forecast.py .............................                     [ 36%]
tests\test_healthcheck.py ....                                           [ 37%]
tests\test_integration_e2e.py ................                           [ 39%]
tests\test_kpi_bar.py ...                                                [ 40%]
tests\test_kpi_precompute.py ............                                [ 41%]
tests\test_migration_rollbacks.py ..........................             [ 46%]
tests\test_migrations.py ....                                            [ 46%]
tests\test_ml_realistic.py FFFFFFF                                       [ 47%]
tests\test_normalize.py ................................                 [ 52%]
tests\test_observability_alerts.py ...................                   [ 55%]
tests\test_observability_logging.py .............                        [ 57%]
tests\test_observability_metrics.py .....                                [ 58%]
tests\test_pdf.py ....                                                   [ 59%]
tests\test_performance.py ....                                           [ 59%]
tests\test_pipeline.py ...............                                   [ 62%]
tests\test_property_based.py ............................                [ 66%]
tests\test_rate_limit.py ........                                        [ 67%]
tests\test_resilience.py .........                                       [ 69%]
tests\test_round2.py .............F                                      [ 71%]
tests\test_run_update.py ..........                                      [ 72%]
tests\test_security.py .................                                 [ 75%]
tests\test_stats.py .................................................... [ 83%]
........................................................                 [ 92%]
tests\test_turso_sync.py ....                                            [ 93%]
tests\test_users.py ...........                                          [ 94%]
tests\test_utils.py ...............                                      [ 97%]
tests\test_watchlist.py .......                                          [ 98%]
tests\test_watchlist_alerts.py ...........                               [100%]

================================== FAILURES ===================================
___________________ TestResumenPage.test_kpi_values_present ___________________
tests\test_dashboard_pages.py:97: in test_kpi_values_present
    assert len(df) == 10, f"Expected 10 licitaciones, got {len(df)}"
E   AssertionError: Expected 10 licitaciones, got 0
E   assert 0 == 10
E    +  where 0 = len(Empty DataFrame\nColumns: [id_externo, titulo, descripcion, organo_contratacion, importe, moneda, cpv, tipo_contrato, e...dad, fecha_inicio, fecha_fin, prorroga_descripcion, fecha_extraccion, fecha_actualizacion_fuente, tecnologia]\nIndex: [])
---------------------------- Captured stdout setup ----------------------------
2026-05-12 14:14:49 [info     ] migration_applying             description=baseline_and_run_metrics version=1
2026-05-12 14:14:49 [info     ] migration_applying             description=user_watchlist version=2
2026-05-12 14:14:49 [info     ] migration_applying             description=watchlist_last_notified version=3
2026-05-12 14:14:49 [info     ] migration_applying             description=watchlist_email version=4
2026-05-12 14:14:49 [info     ] migration_applying             description=ingestion_cursors_and_history version=5
2026-05-12 14:14:49 [info     ] migration_applying             description=licitaciones_extra_columns version=6
2026-05-12 14:14:49 [info     ] migration_applying             description=fts5_licitaciones version=7
2026-05-12 14:14:49 [info     ] migration_applying             description=users_and_watchlist_user_id version=8
2026-05-12 14:14:49 [info     ] migration_applying             description=access_log version=9
2026-05-12 14:14:49 [info     ] migration_applying             description=users_is_admin version=10
2026-05-12 14:14:49 [info     ] migration_applying             description=failed_extractions_dedup_index version=11
2026-05-12 14:14:49 [info     ] migration_applying             description=rate_limits_table version=12
2026-05-12 14:14:49 [info     ] migration_applying             description=kpi_snapshots_table version=13
2026-05-12 14:14:49 [info     ] migration_applying             description=add_tecnologia_column version=14
2026-05-12 14:14:49 [info     ] migrations_applied             versions=[1, 2, 3, 4, 5, 6, 7, 8, 9, 10, 11, 12, 13, 14]
---------------------------- Captured stderr call -----------------------------
2026-05-12 14:14:51.226 Thread 'MainThread': missing ScriptRunContext! This warning can be ignored when running in bare mode.
2026-05-12 14:14:51.371 No runtime found, using MemoryCacheStorageManager
2026-05-12 14:14:53.319 Thread 'MainThread': missing ScriptRunContext! This warning can be ignored when running in bare mode.
2026-05-12 14:14:53.320 Session state does not function when running a script without `streamlit run`
2026-05-12 14:14:53.320 Thread 'MainThread': missing ScriptRunContext! This warning can be ignored when running in bare mode.
2026-05-12 14:14:53.320 Thread 'MainThread': missing ScriptRunContext! This warning can be ignored when running in bare mode.
2026-05-12 14:14:53.321 Thread 'MainThread': missing ScriptRunContext! This warning can be ignored when running in bare mode.
_________________ TestDetallePage.test_all_records_accessible _________________
tests\test_dashboard_pages.py:116: in test_all_records_accessible
    assert len(estados) >= 4
E   assert 0 >= 4
E    +  where 0 = len(set())
---------------------------- Captured stdout setup ----------------------------
2026-05-12 14:14:53 [info     ] migration_applying             description=baseline_and_run_metrics version=1
2026-05-12 14:14:53 [info     ] migration_applying             description=user_watchlist version=2
2026-05-12 14:14:53 [info     ] migration_applying             description=watchlist_last_notified version=3
2026-05-12 14:14:53 [info     ] migration_applying             description=watchlist_email version=4
2026-05-12 14:14:53 [info     ] migration_applying             description=ingestion_cursors_and_history version=5
2026-05-12 14:14:53 [info     ] migration_applying             description=licitaciones_extra_columns version=6
2026-05-12 14:14:53 [info     ] migration_applying             description=fts5_licitaciones version=7
2026-05-12 14:14:53 [info     ] migration_applying             description=users_and_watchlist_user_id version=8
2026-05-12 14:14:53 [info     ] migration_applying             description=access_log version=9
2026-05-12 14:14:53 [info     ] migration_applying             description=users_is_admin version=10
2026-05-12 14:14:53 [info     ] migration_applying             description=failed_extractions_dedup_index version=11
2026-05-12 14:14:53 [info     ] migration_applying             description=rate_limits_table version=12
2026-05-12 14:14:53 [info     ] migration_applying             description=kpi_snapshots_table version=13
2026-05-12 14:14:53 [info     ] migration_applying             description=add_tecnologia_column version=14
2026-05-12 14:14:53 [info     ] migrations_applied             versions=[1, 2, 3, 4, 5, 6, 7, 8, 9, 10, 11, 12, 13, 14]
---------------------------- Captured stderr call -----------------------------
2026-05-12 14:14:53.533 Thread 'MainThread': missing ScriptRunContext! This warning can be ignored when running in bare mode.
__________________ TestDetallePage.test_filters_reduce_data ___________________
tests\test_dashboard_pages.py:124: in test_filters_reduce_data
    assert len(filtered) < len(df)
E   assert 0 < 0
E    +  where 0 = len(Empty DataFrame\nColumns: [id_externo, titulo, descripcion, organo_contratacion, importe, moneda, cpv, tipo_contrato, e...dad, fecha_inicio, fecha_fin, prorroga_descripcion, fecha_extraccion, fecha_actualizacion_fuente, tecnologia]\nIndex: [])
E    +  and   0 = len(Empty DataFrame\nColumns: [id_externo, titulo, descripcion, organo_contratacion, importe, moneda, cpv, tipo_contrato, e...dad, fecha_inicio, fecha_fin, prorroga_descripcion, fecha_extraccion, fecha_actualizacion_fuente, tecnologia]\nIndex: [])
---------------------------- Captured stdout setup ----------------------------
2026-05-12 14:14:53 [info     ] migration_applying             description=baseline_and_run_metrics version=1
2026-05-12 14:14:53 [info     ] migration_applying             description=user_watchlist version=2
2026-05-12 14:14:53 [info     ] migration_applying             description=watchlist_last_notified version=3
2026-05-12 14:14:53 [info     ] migration_applying             description=watchlist_email version=4
2026-05-12 14:14:53 [info     ] migration_applying             description=ingestion_cursors_and_history version=5
2026-05-12 14:14:53 [info     ] migration_applying             description=licitaciones_extra_columns version=6
2026-05-12 14:14:53 [info     ] migration_applying             description=fts5_licitaciones version=7
2026-05-12 14:14:53 [info     ] migration_applying             description=users_and_watchlist_user_id version=8
2026-05-12 14:14:53 [info     ] migration_applying             description=access_log version=9
2026-05-12 14:14:53 [info     ] migration_applying             description=users_is_admin version=10
2026-05-12 14:14:53 [info     ] migration_applying             description=failed_extractions_dedup_index version=11
2026-05-12 14:14:53 [info     ] migration_applying             description=rate_limits_table version=12
2026-05-12 14:14:53 [info     ] migration_applying             description=kpi_snapshots_table version=13
2026-05-12 14:14:53 [info     ] migration_applying             description=add_tecnologia_column version=14
2026-05-12 14:14:53 [info     ] migrations_applied             versions=[1, 2, 3, 4, 5, 6, 7, 8, 9, 10, 11, 12, 13, 14]
---------------------------- Captured stderr call -----------------------------
2026-05-12 14:14:53.634 Thread 'MainThread': missing ScriptRunContext! This warning can be ignored when running in bare mode.
__________________ TestGeografiaPage.test_ccaa_distribution ___________________
tests\test_dashboard_pages.py:136: in test_ccaa_distribution
    assert len(ccaa_counts) >= 4
E   assert 0 >= 4
E    +  where 0 = len(Series([], Name: count, dtype: int64))
---------------------------- Captured stdout setup ----------------------------
2026-05-12 14:14:53 [info     ] migration_applying             description=baseline_and_run_metrics version=1
2026-05-12 14:14:53 [info     ] migration_applying             description=user_watchlist version=2
2026-05-12 14:14:53 [info     ] migration_applying             description=watchlist_last_notified version=3
2026-05-12 14:14:53 [info     ] migration_applying             description=watchlist_email version=4
2026-05-12 14:14:53 [info     ] migration_applying             description=ingestion_cursors_and_history version=5
2026-05-12 14:14:53 [info     ] migration_applying             description=licitaciones_extra_columns version=6
2026-05-12 14:14:53 [info     ] migration_applying             description=fts5_licitaciones version=7
2026-05-12 14:14:53 [info     ] migration_applying             description=users_and_watchlist_user_id version=8
2026-05-12 14:14:53 [info     ] migration_applying             description=access_log version=9
2026-05-12 14:14:53 [info     ] migration_applying             description=users_is_admin version=10
2026-05-12 14:14:53 [info     ] migration_applying             description=failed_extractions_dedup_index version=11
2026-05-12 14:14:53 [info     ] migration_applying             description=rate_limits_table version=12
2026-05-12 14:14:53 [info     ] migration_applying             description=kpi_snapshots_table version=13
2026-05-12 14:14:53 [info     ] migration_applying             description=add_tecnologia_column version=14
2026-05-12 14:14:53 [info     ] migrations_applied             versions=[1, 2, 3, 4, 5, 6, 7, 8, 9, 10, 11, 12, 13, 14]
---------------------------- Captured stderr call -----------------------------
2026-05-12 14:14:53.732 Thread 'MainThread': missing ScriptRunContext! This warning can be ignored when running in bare mode.
_____________ TestTendenciasPage.test_fechas_publicacion_variadas _____________
tests\test_dashboard_pages.py:166: in test_fechas_publicacion_variadas
    assert len(fechas) >= 5, "Se necesitan varias fechas para gráfico de tendencias"
E   AssertionError: Se necesitan varias fechas para gráfico de tendencias
E   assert 0 >= 5
E    +  where 0 = len(array([], dtype=object))
---------------------------- Captured stdout setup ----------------------------
2026-05-12 14:14:53 [info     ] migration_applying             description=baseline_and_run_metrics version=1
2026-05-12 14:14:53 [info     ] migration_applying             description=user_watchlist version=2
2026-05-12 14:14:53 [info     ] migration_applying             description=watchlist_last_notified version=3
2026-05-12 14:14:53 [info     ] migration_applying             description=watchlist_email version=4
2026-05-12 14:14:53 [info     ] migration_applying             description=ingestion_cursors_and_history version=5
2026-05-12 14:14:53 [info     ] migration_applying             description=licitaciones_extra_columns version=6
2026-05-12 14:14:53 [info     ] migration_applying             description=fts5_licitaciones version=7
2026-05-12 14:14:53 [info     ] migration_applying             description=users_and_watchlist_user_id version=8
2026-05-12 14:14:53 [info     ] migration_applying             description=access_log version=9
2026-05-12 14:14:53 [info     ] migration_applying             description=users_is_admin version=10
2026-05-12 14:14:53 [info     ] migration_applying             description=failed_extractions_dedup_index version=11
2026-05-12 14:14:53 [info     ] migration_applying             description=rate_limits_table version=12
2026-05-12 14:14:53 [info     ] migration_applying             description=kpi_snapshots_table version=13
2026-05-12 14:14:53 [info     ] migration_applying             description=add_tecnologia_column version=14
2026-05-12 14:14:53 [info     ] migrations_applied             versions=[1, 2, 3, 4, 5, 6, 7, 8, 9, 10, 11, 12, 13, 14]
---------------------------- Captured stderr call -----------------------------
2026-05-12 14:14:53.994 Thread 'MainThread': missing ScriptRunContext! This warning can be ignored when running in bare mode.
_______________ TestTendenciasPage.test_importe_total_coherente _______________
tests\test_dashboard_pages.py:174: in test_importe_total_coherente
    assert total == pytest.approx(5_500_000.0)
E   assert 0 == 5500000.0 ± 5.5
E     
E     comparison failed
E     Obtained: 0
E     Expected: 5500000.0 ± 5.5
---------------------------- Captured stdout setup ----------------------------
2026-05-12 14:14:54 [info     ] migration_applying             description=baseline_and_run_metrics version=1
2026-05-12 14:14:54 [info     ] migration_applying             description=user_watchlist version=2
2026-05-12 14:14:54 [info     ] migration_applying             description=watchlist_last_notified version=3
2026-05-12 14:14:54 [info     ] migration_applying             description=watchlist_email version=4
2026-05-12 14:14:54 [info     ] migration_applying             description=ingestion_cursors_and_history version=5
2026-05-12 14:14:54 [info     ] migration_applying             description=licitaciones_extra_columns version=6
2026-05-12 14:14:54 [info     ] migration_applying             description=fts5_licitaciones version=7
2026-05-12 14:14:54 [info     ] migration_applying             description=users_and_watchlist_user_id version=8
2026-05-12 14:14:54 [info     ] migration_applying             description=access_log version=9
2026-05-12 14:14:54 [info     ] migration_applying             description=users_is_admin version=10
2026-05-12 14:14:54 [info     ] migration_applying             description=failed_extractions_dedup_index version=11
2026-05-12 14:14:54 [info     ] migration_applying             description=rate_limits_table version=12
2026-05-12 14:14:54 [info     ] migration_applying             description=kpi_snapshots_table version=13
2026-05-12 14:14:54 [info     ] migration_applying             description=add_tecnologia_column version=14
2026-05-12 14:14:54 [info     ] migrations_applied             versions=[1, 2, 3, 4, 5, 6, 7, 8, 9, 10, 11, 12, 13, 14]
---------------------------- Captured stderr call -----------------------------
2026-05-12 14:14:54.086 Thread 'MainThread': missing ScriptRunContext! This warning can be ignored when running in bare mode.
__________________ test_page_renders_without_error[Resumen] ___________________
tests\test_dashboard_smoke.py:104: in test_page_renders_without_error
    db_path = os.environ["DB_PATH"]
              ^^^^^^^^^^^^^^^^^^^^^
<frozen os>:714: in __getitem__
    ???
E   KeyError: 'DB_PATH'
---------------------------- Captured stdout setup ----------------------------
2026-05-12 14:14:54 [info     ] migration_applying             description=baseline_and_run_metrics version=1
2026-05-12 14:14:54 [info     ] migration_applying             description=user_watchlist version=2
2026-05-12 14:14:54 [info     ] migration_applying             description=watchlist_last_notified version=3
2026-05-12 14:14:54 [info     ] migration_applying             description=watchlist_email version=4
2026-05-12 14:14:54 [info     ] migration_applying             description=ingestion_cursors_and_history version=5
2026-05-12 14:14:54 [info     ] migration_applying             description=licitaciones_extra_columns version=6
2026-05-12 14:14:54 [info     ] migration_applying             description=fts5_licitaciones version=7
2026-05-12 14:14:54 [info     ] migration_applying             description=users_and_watchlist_user_id version=8
2026-05-12 14:14:54 [info     ] migration_applying             description=access_log version=9
2026-05-12 14:14:54 [info     ] migration_applying             description=users_is_admin version=10
2026-05-12 14:14:54 [info     ] migration_applying             description=failed_extractions_dedup_index version=11
2026-05-12 14:14:54 [info     ] migration_applying             description=rate_limits_table version=12
2026-05-12 14:14:54 [info     ] migration_applying             description=kpi_snapshots_table version=13
2026-05-12 14:14:54 [info     ] migration_applying             description=add_tecnologia_column version=14
2026-05-12 14:14:54 [info     ] migrations_applied             versions=[1, 2, 3, 4, 5, 6, 7, 8, 9, 10, 11, 12, 13, 14]
_________________ test_page_renders_without_error[Tendencias] _________________
tests\test_dashboard_smoke.py:104: in test_page_renders_without_error
    db_path = os.environ["DB_PATH"]
              ^^^^^^^^^^^^^^^^^^^^^
<frozen os>:714: in __getitem__
    ???
E   KeyError: 'DB_PATH'
---------------------------- Captured stdout setup ----------------------------
2026-05-12 14:14:54 [info     ] migration_applying             description=baseline_and_run_metrics version=1
2026-05-12 14:14:54 [info     ] migration_applying             description=user_watchlist version=2
2026-05-12 14:14:54 [info     ] migration_applying             description=watchlist_last_notified version=3
2026-05-12 14:14:54 [info     ] migration_applying             description=watchlist_email version=4
2026-05-12 14:14:54 [info     ] migration_applying             description=ingestion_cursors_and_history version=5
2026-05-12 14:14:54 [info     ] migration_applying             description=licitaciones_extra_columns version=6
2026-05-12 14:14:54 [info     ] migration_applying             description=fts5_licitaciones version=7
2026-05-12 14:14:54 [info     ] migration_applying             description=users_and_watchlist_user_id version=8
2026-05-12 14:14:54 [info     ] migration_applying             description=access_log version=9
2026-05-12 14:14:54 [info     ] migration_applying             description=users_is_admin version=10
2026-05-12 14:14:54 [info     ] migration_applying             description=failed_extractions_dedup_index version=11
2026-05-12 14:14:54 [info     ] migration_applying             description=rate_limits_table version=12
2026-05-12 14:14:54 [info     ] migration_applying             description=kpi_snapshots_table version=13
2026-05-12 14:14:54 [info     ] migration_applying             description=add_tecnologia_column version=14
2026-05-12 14:14:54 [info     ] migrations_applied             versions=[1, 2, 3, 4, 5, 6, 7, 8, 9, 10, 11, 12, 13, 14]
__________________ test_page_renders_without_error[Detalle] ___________________
tests\test_dashboard_smoke.py:104: in test_page_renders_without_error
    db_path = os.environ["DB_PATH"]
              ^^^^^^^^^^^^^^^^^^^^^
<frozen os>:714: in __getitem__
    ???
E   KeyError: 'DB_PATH'
---------------------------- Captured stdout setup ----------------------------
2026-05-12 14:14:54 [info     ] migration_applying             description=baseline_and_run_metrics version=1
2026-05-12 14:14:54 [info     ] migration_applying             description=user_watchlist version=2
2026-05-12 14:14:54 [info     ] migration_applying             description=watchlist_last_notified version=3
2026-05-12 14:14:54 [info     ] migration_applying             description=watchlist_email version=4
2026-05-12 14:14:54 [info     ] migration_applying             description=ingestion_cursors_and_history version=5
2026-05-12 14:14:54 [info     ] migration_applying             description=licitaciones_extra_columns version=6
2026-05-12 14:14:54 [info     ] migration_applying             description=fts5_licitaciones version=7
2026-05-12 14:14:54 [info     ] migration_applying             description=users_and_watchlist_user_id version=8
2026-05-12 14:14:54 [info     ] migration_applying             description=access_log version=9
2026-05-12 14:14:54 [info     ] migration_applying             description=users_is_admin version=10
2026-05-12 14:14:54 [info     ] migration_applying             description=failed_extractions_dedup_index version=11
2026-05-12 14:14:54 [info     ] migration_applying             description=rate_limits_table version=12
2026-05-12 14:14:54 [info     ] migration_applying             description=kpi_snapshots_table version=13
2026-05-12 14:14:54 [info     ] migration_applying             description=add_tecnologia_column version=14
2026-05-12 14:14:54 [info     ] migrations_applied             versions=[1, 2, 3, 4, 5, 6, 7, 8, 9, 10, 11, 12, 13, 14]
_________________ test_page_renders_without_error[\xd3rganos] _________________
tests\test_dashboard_smoke.py:104: in test_page_renders_without_error
    db_path = os.environ["DB_PATH"]
              ^^^^^^^^^^^^^^^^^^^^^
<frozen os>:714: in __getitem__
    ???
E   KeyError: 'DB_PATH'
---------------------------- Captured stdout setup ----------------------------
2026-05-12 14:14:54 [info     ] migration_applying             description=baseline_and_run_metrics version=1
2026-05-12 14:14:54 [info     ] migration_applying             description=user_watchlist version=2
2026-05-12 14:14:54 [info     ] migration_applying             description=watchlist_last_notified version=3
2026-05-12 14:14:54 [info     ] migration_applying             description=watchlist_email version=4
2026-05-12 14:14:54 [info     ] migration_applying             description=ingestion_cursors_and_history version=5
2026-05-12 14:14:54 [info     ] migration_applying             description=licitaciones_extra_columns version=6
2026-05-12 14:14:54 [info     ] migration_applying             description=fts5_licitaciones version=7
2026-05-12 14:14:54 [info     ] migration_applying             description=users_and_watchlist_user_id version=8
2026-05-12 14:14:54 [info     ] migration_applying             description=access_log version=9
2026-05-12 14:14:54 [info     ] migration_applying             description=users_is_admin version=10
2026-05-12 14:14:54 [info     ] migration_applying             description=failed_extractions_dedup_index version=11
2026-05-12 14:14:54 [info     ] migration_applying             description=rate_limits_table version=12
2026-05-12 14:14:54 [info     ] migration_applying             description=kpi_snapshots_table version=13
2026-05-12 14:14:54 [info     ] migration_applying             description=add_tecnologia_column version=14
2026-05-12 14:14:54 [info     ] migrations_applied             versions=[1, 2, 3, 4, 5, 6, 7, 8, 9, 10, 11, 12, 13, 14]
________________ test_page_renders_without_error[Geograf\xeda] ________________
tests\test_dashboard_smoke.py:104: in test_page_renders_without_error
    db_path = os.environ["DB_PATH"]
              ^^^^^^^^^^^^^^^^^^^^^
<frozen os>:714: in __getitem__
    ???
E   KeyError: 'DB_PATH'
---------------------------- Captured stdout setup ----------------------------
2026-05-12 14:14:54 [info     ] migration_applying             description=baseline_and_run_metrics version=1
2026-05-12 14:14:54 [info     ] migration_applying             description=user_watchlist version=2
2026-05-12 14:14:54 [info     ] migration_applying             description=watchlist_last_notified version=3
2026-05-12 14:14:54 [info     ] migration_applying             description=watchlist_email version=4
2026-05-12 14:14:54 [info     ] migration_applying             description=ingestion_cursors_and_history version=5
2026-05-12 14:14:54 [info     ] migration_applying             description=licitaciones_extra_columns version=6
2026-05-12 14:14:54 [info     ] migration_applying             description=fts5_licitaciones version=7
2026-05-12 14:14:54 [info     ] migration_applying             description=users_and_watchlist_user_id version=8
2026-05-12 14:14:54 [info     ] migration_applying             description=access_log version=9
2026-05-12 14:14:54 [info     ] migration_applying             description=users_is_admin version=10
2026-05-12 14:14:54 [info     ] migration_applying             description=failed_extractions_dedup_index version=11
2026-05-12 14:14:54 [info     ] migration_applying             description=rate_limits_table version=12
2026-05-12 14:14:54 [info     ] migration_applying             description=kpi_snapshots_table version=13
2026-05-12 14:14:54 [info     ] migration_applying             description=add_tecnologia_column version=14
2026-05-12 14:14:54 [info     ] migrations_applied             versions=[1, 2, 3, 4, 5, 6, 7, 8, 9, 10, 11, 12, 13, 14]
___________ test_page_renders_without_error[Proyectos & M\xf3dulos] ___________
tests\test_dashboard_smoke.py:104: in test_page_renders_without_error
    db_path = os.environ["DB_PATH"]
              ^^^^^^^^^^^^^^^^^^^^^
<frozen os>:714: in __getitem__
    ???
E   KeyError: 'DB_PATH'
---------------------------- Captured stdout setup ----------------------------
2026-05-12 14:14:54 [info     ] migration_applying             description=baseline_and_run_metrics version=1
2026-05-12 14:14:54 [info     ] migration_applying             description=user_watchlist version=2
2026-05-12 14:14:54 [info     ] migration_applying             description=watchlist_last_notified version=3
2026-05-12 14:14:54 [info     ] migration_applying             description=watchlist_email version=4
2026-05-12 14:14:54 [info     ] migration_applying             description=ingestion_cursors_and_history version=5
2026-05-12 14:14:54 [info     ] migration_applying             description=licitaciones_extra_columns version=6
2026-05-12 14:14:54 [info     ] migration_applying             description=fts5_licitaciones version=7
2026-05-12 14:14:54 [info     ] migration_applying             description=users_and_watchlist_user_id version=8
2026-05-12 14:14:54 [info     ] migration_applying             description=access_log version=9
2026-05-12 14:14:54 [info     ] migration_applying             description=users_is_admin version=10
2026-05-12 14:14:54 [info     ] migration_applying             description=failed_extractions_dedup_index version=11
2026-05-12 14:14:54 [info     ] migration_applying             description=rate_limits_table version=12
2026-05-12 14:14:54 [info     ] migration_applying             description=kpi_snapshots_table version=13
2026-05-12 14:14:54 [info     ] migration_applying             description=add_tecnologia_column version=14
2026-05-12 14:14:54 [info     ] migrations_applied             versions=[1, 2, 3, 4, 5, 6, 7, 8, 9, 10, 11, 12, 13, 14]
________________ test_page_renders_without_error[Competidores] ________________
tests\test_dashboard_smoke.py:104: in test_page_renders_without_error
    db_path = os.environ["DB_PATH"]
              ^^^^^^^^^^^^^^^^^^^^^
<frozen os>:714: in __getitem__
    ???
E   KeyError: 'DB_PATH'
---------------------------- Captured stdout setup ----------------------------
2026-05-12 14:14:54 [info     ] migration_applying             description=baseline_and_run_metrics version=1
2026-05-12 14:14:54 [info     ] migration_applying             description=user_watchlist version=2
2026-05-12 14:14:54 [info     ] migration_applying             description=watchlist_last_notified version=3
2026-05-12 14:14:54 [info     ] migration_applying             description=watchlist_email version=4
2026-05-12 14:14:54 [info     ] migration_applying             description=ingestion_cursors_and_history version=5
2026-05-12 14:14:54 [info     ] migration_applying             description=licitaciones_extra_columns version=6
2026-05-12 14:14:54 [info     ] migration_applying             description=fts5_licitaciones version=7
2026-05-12 14:14:54 [info     ] migration_applying             description=users_and_watchlist_user_id version=8
2026-05-12 14:14:54 [info     ] migration_applying             description=access_log version=9
2026-05-12 14:14:54 [info     ] migration_applying             description=users_is_admin version=10
2026-05-12 14:14:54 [info     ] migration_applying             description=failed_extractions_dedup_index version=11
2026-05-12 14:14:54 [info     ] migration_applying             description=rate_limits_table version=12
2026-05-12 14:14:54 [info     ] migration_applying             description=kpi_snapshots_table version=13
2026-05-12 14:14:54 [info     ] migration_applying             description=add_tecnologia_column version=14
2026-05-12 14:14:54 [info     ] migrations_applied             versions=[1, 2, 3, 4, 5, 6, 7, 8, 9, 10, 11, 12, 13, 14]
_____________ test_page_renders_without_error[Pipeline & Alertas] _____________
tests\test_dashboard_smoke.py:104: in test_page_renders_without_error
    db_path = os.environ["DB_PATH"]
              ^^^^^^^^^^^^^^^^^^^^^
<frozen os>:714: in __getitem__
    ???
E   KeyError: 'DB_PATH'
---------------------------- Captured stdout setup ----------------------------
2026-05-12 14:14:54 [info     ] migration_applying             description=baseline_and_run_metrics version=1
2026-05-12 14:14:54 [info     ] migration_applying             description=user_watchlist version=2
2026-05-12 14:14:54 [info     ] migration_applying             description=watchlist_last_notified version=3
2026-05-12 14:14:54 [info     ] migration_applying             description=watchlist_email version=4
2026-05-12 14:14:54 [info     ] migration_applying             description=ingestion_cursors_and_history version=5
2026-05-12 14:14:54 [info     ] migration_applying             description=licitaciones_extra_columns version=6
2026-05-12 14:14:54 [info     ] migration_applying             description=fts5_licitaciones version=7
2026-05-12 14:14:54 [info     ] migration_applying             description=users_and_watchlist_user_id version=8
2026-05-12 14:14:54 [info     ] migration_applying             description=access_log version=9
2026-05-12 14:14:54 [info     ] migration_applying             description=users_is_admin version=10
2026-05-12 14:14:54 [info     ] migration_applying             description=failed_extractions_dedup_index version=11
2026-05-12 14:14:54 [info     ] migration_applying             description=rate_limits_table version=12
2026-05-12 14:14:54 [info     ] migration_applying             description=kpi_snapshots_table version=13
2026-05-12 14:14:54 [info     ] migration_applying             description=add_tecnologia_column version=14
2026-05-12 14:14:54 [info     ] migrations_applied             versions=[1, 2, 3, 4, 5, 6, 7, 8, 9, 10, 11, 12, 13, 14]
________________ test_page_renders_without_error[Mi Watchlist] ________________
tests\test_dashboard_smoke.py:104: in test_page_renders_without_error
    db_path = os.environ["DB_PATH"]
              ^^^^^^^^^^^^^^^^^^^^^
<frozen os>:714: in __getitem__
    ???
E   KeyError: 'DB_PATH'
---------------------------- Captured stdout setup ----------------------------
2026-05-12 14:14:54 [info     ] migration_applying             description=baseline_and_run_metrics version=1
2026-05-12 14:14:54 [info     ] migration_applying             description=user_watchlist version=2
2026-05-12 14:14:54 [info     ] migration_applying             description=watchlist_last_notified version=3
2026-05-12 14:14:54 [info     ] migration_applying             description=watchlist_email version=4
2026-05-12 14:14:54 [info     ] migration_applying             description=ingestion_cursors_and_history version=5
2026-05-12 14:14:54 [info     ] migration_applying             description=licitaciones_extra_columns version=6
2026-05-12 14:14:54 [info     ] migration_applying             description=fts5_licitaciones version=7
2026-05-12 14:14:54 [info     ] migration_applying             description=users_and_watchlist_user_id version=8
2026-05-12 14:14:54 [info     ] migration_applying             description=access_log version=9
2026-05-12 14:14:54 [info     ] migration_applying             description=users_is_admin version=10
2026-05-12 14:14:54 [info     ] migration_applying             description=failed_extractions_dedup_index version=11
2026-05-12 14:14:54 [info     ] migration_applying             description=rate_limits_table version=12
2026-05-12 14:14:54 [info     ] migration_applying             description=kpi_snapshots_table version=13
2026-05-12 14:14:54 [info     ] migration_applying             description=add_tecnologia_column version=14
2026-05-12 14:14:54 [info     ] migrations_applied             versions=[1, 2, 3, 4, 5, 6, 7, 8, 9, 10, 11, 12, 13, 14]
_______________ test_page_renders_without_error[Observabilidad] _______________
tests\test_dashboard_smoke.py:104: in test_page_renders_without_error
    db_path = os.environ["DB_PATH"]
              ^^^^^^^^^^^^^^^^^^^^^
<frozen os>:714: in __getitem__
    ???
E   KeyError: 'DB_PATH'
---------------------------- Captured stdout setup ----------------------------
2026-05-12 14:14:54 [info     ] migration_applying             description=baseline_and_run_metrics version=1
2026-05-12 14:14:54 [info     ] migration_applying             description=user_watchlist version=2
2026-05-12 14:14:54 [info     ] migration_applying             description=watchlist_last_notified version=3
2026-05-12 14:14:54 [info     ] migration_applying             description=watchlist_email version=4
2026-05-12 14:14:54 [info     ] migration_applying             description=ingestion_cursors_and_history version=5
2026-05-12 14:14:54 [info     ] migration_applying             description=licitaciones_extra_columns version=6
2026-05-12 14:14:55 [info     ] migration_applying             description=fts5_licitaciones version=7
2026-05-12 14:14:55 [info     ] migration_applying             description=users_and_watchlist_user_id version=8
2026-05-12 14:14:55 [info     ] migration_applying             description=access_log version=9
2026-05-12 14:14:55 [info     ] migration_applying             description=users_is_admin version=10
2026-05-12 14:14:55 [info     ] migration_applying             description=failed_extractions_dedup_index version=11
2026-05-12 14:14:55 [info     ] migration_applying             description=rate_limits_table version=12
2026-05-12 14:14:55 [info     ] migration_applying             description=kpi_snapshots_table version=13
2026-05-12 14:14:55 [info     ] migration_applying             description=add_tecnologia_column version=14
2026-05-12 14:14:55 [info     ] migrations_applied             versions=[1, 2, 3, 4, 5, 6, 7, 8, 9, 10, 11, 12, 13, 14]
________________ TestMLAccuracy.test_accuracy_above_threshold _________________
tests\test_ml_realistic.py:43: in test_accuracy_above_threshold
    clf = SAPClassifier()
          ^^^^^^^^^^^^^^^
scraper\ml_classifier.py:47: in __init__
    from sklearn.feature_extraction.text import TfidfVectorizer
E   ModuleNotFoundError: No module named 'sklearn'
___________________ TestMLAccuracy.test_f1_above_threshold ____________________
tests\test_ml_realistic.py:53: in test_f1_above_threshold
    clf = SAPClassifier()
          ^^^^^^^^^^^^^^^
scraper\ml_classifier.py:47: in __init__
    from sklearn.feature_extraction.text import TfidfVectorizer
E   ModuleNotFoundError: No module named 'sklearn'
__________________ TestMLAccuracy.test_predictions_coherent ___________________
tests\test_ml_realistic.py:62: in test_predictions_coherent
    clf = SAPClassifier()
          ^^^^^^^^^^^^^^^
scraper\ml_classifier.py:47: in __init__
    from sklearn.feature_extraction.text import TfidfVectorizer
E   ModuleNotFoundError: No module named 'sklearn'
__________ TestMLSerialization.test_save_load_preserves_predictions ___________
tests\test_ml_realistic.py:86: in test_save_load_preserves_predictions
    clf = SAPClassifier()
          ^^^^^^^^^^^^^^^
scraper\ml_classifier.py:47: in __init__
    from sklearn.feature_extraction.text import TfidfVectorizer
E   ModuleNotFoundError: No module named 'sklearn'
______________ TestMLSerialization.test_sha256_checksum_created _______________
tests\test_ml_realistic.py:106: in test_sha256_checksum_created
    clf = SAPClassifier()
          ^^^^^^^^^^^^^^^
scraper\ml_classifier.py:47: in __init__
    from sklearn.feature_extraction.text import TfidfVectorizer
E   ModuleNotFoundError: No module named 'sklearn'
______________ TestMLSerialization.test_corrupted_model_rejected ______________
tests\test_ml_realistic.py:119: in test_corrupted_model_rejected
    clf = SAPClassifier()
          ^^^^^^^^^^^^^^^
scraper\ml_classifier.py:47: in __init__
    from sklearn.feature_extraction.text import TfidfVectorizer
E   ModuleNotFoundError: No module named 'sklearn'
____________ TestBatchPrediction.test_batch_returns_correct_length ____________
tests\test_ml_realistic.py:140: in test_batch_returns_correct_length
    clf = SAPClassifier()
          ^^^^^^^^^^^^^^^
scraper\ml_classifier.py:47: in __init__
    from sklearn.feature_extraction.text import TfidfVectorizer
E   ModuleNotFoundError: No module named 'sklearn'
____________ TestLoggingIdempotency.test_configure_only_runs_once _____________
tests\test_round2.py:212: in test_configure_only_runs_once
    assert log_mod._configured is True
E   AssertionError: assert False is True
E    +  where False = <module 'observability.logging' from 'C:\\Users\\dkalitovicsdorta\\AppData\\Local\\Temp\\Licitaciones_sap_SP\\observability\\logging.py'>._configured
============================== warnings summary ===============================
tests\test_ml_realistic.py:15
  C:\Users\dkalitovicsdorta\AppData\Local\Temp\Licitaciones_sap_SP\tests\test_ml_realistic.py:15: PytestUnknownMarkWarning: Unknown pytest.mark.slow - is this a typo?  You can register custom marks to avoid this warning - for details, see https://docs.pytest.org/en/stable/how-to/mark.html
    pytestmark = pytest.mark.slow

tests\test_performance.py:15
  C:\Users\dkalitovicsdorta\AppData\Local\Temp\Licitaciones_sap_SP\tests\test_performance.py:15: PytestUnknownMarkWarning: Unknown pytest.mark.slow - is this a typo?  You can register custom marks to avoid this warning - for details, see https://docs.pytest.org/en/stable/how-to/mark.html
    pytestmark = pytest.mark.slow

tests/test_stats.py::TestPorMes::test_groups_by_month
  C:\Users\dkalitovicsdorta\AppData\Local\Temp\Licitaciones_sap_SP\dashboard\stats\_base.py:50: UserWarning: Converting to PeriodArray/Index representation will drop timezone information.
    .assign(mes=lambda x: x["fecha_publicacion"].dt.to_period("M").dt.to_timestamp())

-- Docs: https://docs.pytest.org/en/stable/how-to/capture-warnings.html

---------- coverage: platform win32, python 3.12.7-final-0 -----------
Name                               Stmts   Miss Branch BrPart  Cover   Missing
------------------------------------------------------------------------------
dashboard\__init__.py                  0      0      0      0   100%
dashboard\classifiers.py              50      4     26      1    91%   70, 139-141
dashboard\embeddings.py               65     22     18      1    67%   31, 39-42, 59-70, 97-106, 145-148
dashboard\forecast.py                 65      0     24      2    98%   108->110, 121->126
dashboard\kpi_bar.py                  64     34     12      1    43%   61, 87-105, 111-163
dashboard\kpi_config.py                9      0      0      0   100%
dashboard\normalize.py                59      3     20      3    92%   76, 121, 128
dashboard\session_keys.py             24      0      0      0   100%
dashboard\stats\__init__.py            2      0      0      0   100%
dashboard\stats\_base.py             506     53    214     47    85%   19-31, 137->139, 199->201, 201->203, 206, 231, 251, 267, 283, 304, 307, 332, 334->337, 343, 357, 383, 418, 423, 437, 454, 469, 472->474, 474->477, 509->514, 514->519, 556->559, 560, 567, 571-573, 577-580, 608->611, 612-619, 639, 658->660, 829, 836, 849, 853, 857, 863-870, 898-900, 909-912, 930, 992->999, 999->1003, 1005->1018, 1008->1018, 1014->1018
dashboard\utils\__init__.py            4      0      0      0   100%
dashboard\utils\chart_helpers.py      13     13      4      0     0%   3-30
dashboard\utils\export.py             22      9      4      0    58%   33-42
dashboard\utils\format.py             24      9     14      0    61%   29-38
dashboard\utils\geo.py                24     13      2      0    42%   45, 57-71
dashboard\utils\lazy.py               15     15      6      0     0%   3-32
dashboard\utils\pdf.py                74      0     20      0   100%
dashboard\utils\rate_limit.py         36      0     10      1    98%   98->exit
dashboard\utils\security.py            8      0      4      0   100%
db\__init__.py                         0      0      0      0   100%
db\database.py                       273     37     48      5    86%   193, 210-211, 229->232, 237-240, 262-266, 276-277, 286-287, 297-299, 462, 478, 513, 559-563, 568-589
db\dlq.py                             28      2      2      0    93%   67-68
db\migrations.py                     132     27     64      8    78%   385, 446, 448->451, 460, 462->exit, 478->exit, 519, 537->539, 553-588
db\rate_limits.py                     72     20      6      1    73%   62-65, 91-93, 126, 128-130, 139-140, 154-162
db\users.py                           38      3     10      1    92%   31->44, 76-78
db\watchlist.py                       49      2     14      0    97%   114-115
observability\__init__.py              4      0      0      0   100%
observability\alerts.py               98      4     18      2    95%   224, 232, 264-265
observability\logging.py              82     30     28     13    50%   63, 68->69, 68->72, 70-71, 75, 85->86, 85->99, 87, 89, 91->85, 91->93, 95->94, 95->96, 97-98, 102, 107, 109-110, 125, 126->127, 139-140, 155-156, 164-166, 175-180, 189, 196-201
observability\metrics.py              49      2      2      0    96%   83-84
scheduler\__init__.py                  0      0      0      0   100%
scheduler\concept_drift.py            66      8     30      2    88%   160-170, 244->261, 251->249
scheduler\healthcheck.py              82     22     20      3    72%   29, 53-54, 82-84, 91-92, 120-145
scheduler\kpi_precompute.py           90      6     14      1    93%   220-223, 252-253
scheduler\run_update.py               57      2     10      0    97%   98-99
scheduler\watchlist_alerts.py         96      0     38      0   100%
scraper\__init__.py                    0      0      0      0   100%
scraper\atom_live.py                 106      6     42      4    93%   69, 88->87, 106-107, 119, 189-190
scraper\bulk_downloader.py            80     22     26     10    60%   48-50, 58->68, 60, 64-66, 69-73, 81->83, 85, 88->95, 89->90, 92, 97-99, 107-109, 115->exit, 116->115, 117-118, 126-127
scraper\codice_parser.py             180     42     50      4    77%   57, 96-97, 115, 129, 246->249, 296-353, 397-398
scraper\filters.py                    27      1     16      1    95%   57
scraper\ml_classifier.py             229    205     54      0     8%   48-78, 91-136, 147-152, 156-159, 165-179, 197-259, 269-299, 304, 316-338, 359-525, 535-550
scraper\pipeline.py                  194     83     46      4    55%   128-129, 162, 167-176, 181-213, 238-246, 251->258, 270-341, 368-369
scraper\resilience.py                 22      2      6      1    89%   41, 62
shared\__init__.py                     0      0      0      0   100%
shared\geo.py                         18      4     14      1    72%   65-68
shared\user_key.py                     6      0      0      0   100%
------------------------------------------------------------------------------
TOTAL                               3142    705    936    117    76%

FAIL Required test coverage of 80.0% not reached. Total coverage: 75.82%
=========================== short test summary info ===========================
FAILED tests/test_dashboard_pages.py::TestResumenPage::test_kpi_values_present
FAILED tests/test_dashboard_pages.py::TestDetallePage::test_all_records_accessible
FAILED tests/test_dashboard_pages.py::TestDetallePage::test_filters_reduce_data
FAILED tests/test_dashboard_pages.py::TestGeografiaPage::test_ccaa_distribution
FAILED tests/test_dashboard_pages.py::TestTendenciasPage::test_fechas_publicacion_variadas
FAILED tests/test_dashboard_pages.py::TestTendenciasPage::test_importe_total_coherente
FAILED tests/test_dashboard_smoke.py::test_page_renders_without_error[Resumen]
FAILED tests/test_dashboard_smoke.py::test_page_renders_without_error[Tendencias]
FAILED tests/test_dashboard_smoke.py::test_page_renders_without_error[Detalle]
FAILED tests/test_dashboard_smoke.py::test_page_renders_without_error[\xd3rganos]
FAILED tests/test_dashboard_smoke.py::test_page_renders_without_error[Geograf\xeda]
FAILED tests/test_dashboard_smoke.py::test_page_renders_without_error[Proyectos & M\xf3dulos]
FAILED tests/test_dashboard_smoke.py::test_page_renders_without_error[Competidores]
FAILED tests/test_dashboard_smoke.py::test_page_renders_without_error[Pipeline & Alertas]
FAILED tests/test_dashboard_smoke.py::test_page_renders_without_error[Mi Watchlist]
FAILED tests/test_dashboard_smoke.py::test_page_renders_without_error[Observabilidad]
FAILED tests/test_ml_realistic.py::TestMLAccuracy::test_accuracy_above_threshold
FAILED tests/test_ml_realistic.py::TestMLAccuracy::test_f1_above_threshold - ...
FAILED tests/test_ml_realistic.py::TestMLAccuracy::test_predictions_coherent
FAILED tests/test_ml_realistic.py::TestMLSerialization::test_save_load_preserves_predictions
FAILED tests/test_ml_realistic.py::TestMLSerialization::test_sha256_checksum_created
FAILED tests/test_ml_realistic.py::TestMLSerialization::test_corrupted_model_rejected
FAILED tests/test_ml_realistic.py::TestBatchPrediction::test_batch_returns_correct_length
FAILED tests/test_round2.py::TestLoggingIdempotency::test_configure_only_runs_once
=========== 24 failed, 615 passed, 3 warnings in 109.50s (0:01:49) ============
