============================= test session starts =============================
collecting ... collected 716 items

tests/test_atom_live.py::TestParseLinks::test_extracts_next PASSED       [  0%]
tests/test_atom_live.py::TestParseLinks::test_no_next PASSED             [  0%]
tests/test_atom_live.py::TestParseLinks::test_rejects_external_domain PASSED [  0%]
tests/test_atom_live.py::TestParseLinks::test_rejects_file_scheme PASSED [  0%]
tests/test_atom_live.py::TestEntryUpdated::test_extracts_updated PASSED  [  0%]
tests/test_atom_live.py::TestFetchAtomPage::test_normal_200 PASSED       [  0%]
tests/test_atom_live.py::TestFetchAtomPage::test_304_not_modified PASSED [  0%]
tests/test_atom_live.py::TestFetchAtomPage::test_sends_conditional_headers PASSED [  1%]
tests/test_atom_live.py::TestIterLiveEntries::test_bootstrap_only_first_page PASSED [  1%]
tests/test_atom_live.py::TestIterLiveEntries::test_cursor_stops_at_seen_updated PASSED [  1%]
tests/test_atom_live.py::TestIterLiveEntries::test_paginates_with_next_link PASSED [  1%]
tests/test_atom_live.py::TestIterLiveEntries::test_304_stops_immediately PASSED [  1%]
tests/test_atom_live.py::TestIterLiveEntries::test_max_pages_respected PASSED [  1%]
tests/test_atom_live.py::TestIterLiveEntries::test_newest_updated_tracked PASSED [  1%]
tests/test_auth.py::TestCheckPasswordNoAuth::test_sin_contraseña_devuelve_true PASSED [  2%]
tests/test_auth.py::TestSessionTimeout::test_sesion_reciente_no_expira PASSED [  2%]
tests/test_auth.py::TestSessionTimeout::test_sesion_expirada_limpia_estado PASSED [  2%]
tests/test_auth.py::TestRateLimiting::test_lockout_activo_llama_stop PASSED [  2%]
tests/test_auth.py::TestRateLimiting::test_lockout_expirado_no_bloquea PASSED [  2%]
tests/test_auth.py::TestRateLimiting::test_record_failed_attempt_incrementa_contador PASSED [  2%]
tests/test_auth.py::TestRateLimiting::test_lockout_activado_tras_umbral PASSED [  2%]
tests/test_auth.py::TestRateLimiting::test_lockout_progresivo_crece PASSED [  3%]
tests/test_auth.py::TestRateLimiting::test_lockout_maximo_no_supera_limite PASSED [  3%]
tests/test_auth.py::TestAdminEnforcement::test_no_user_in_session_no_admin PASSED [  3%]
tests/test_auth.py::TestAdminEnforcement::test_user_with_admin_flag_is_admin PASSED [  3%]
tests/test_auth.py::TestAdminEnforcement::test_user_without_admin_flag_not_admin PASSED [  3%]
tests/test_auth.py::TestAdminEnforcement::test_db_error_defaults_to_not_admin PASSED [  3%]
tests/test_auth.py::TestAdminEnforcement::test_require_admin_returns_true_for_admin PASSED [  3%]
tests/test_auth.py::TestAdminEnforcement::test_require_admin_shows_info_for_non_admin PASSED [  4%]
tests/test_auth.py::TestOAuthStateValidation::test_oauth_callback_missing_state_rejected PASSED [  4%]
tests/test_auth.py::TestOAuthStateValidation::test_oauth_callback_mismatched_state_rejected PASSED [  4%]
tests/test_auth.py::TestOAuthStateValidation::test_oauth_callback_expired_state_rejected PASSED [  4%]
tests/test_auth.py::TestOAuthStateValidation::test_show_oauth_button_generates_valid_signed_state PASSED [  4%]
tests/test_auth.py::TestOAuthStateValidation::test_oauth_state_cannot_be_reused PASSED [  4%]
tests/test_auth.py::TestOAuthStateValidation::test_oauth_email_allowlist_accepts_domain PASSED [  4%]
tests/test_auth.py::TestOAuthStateValidation::test_oauth_admin_email_list PASSED [  5%]
tests/test_auth.py::TestEmailVerification::test_oauth_unverified_email_rejected PASSED [  5%]
tests/test_bulk_downloader.py::TestIterXmlFiles::test_yields_xml_files PASSED [  5%]
tests/test_bulk_downloader.py::TestIterXmlFiles::test_yields_atom_files PASSED [  5%]
tests/test_bulk_downloader.py::TestIterXmlFiles::test_returns_bytes_content PASSED [  5%]
tests/test_bulk_downloader.py::TestIterXmlFiles::test_empty_zip_returns_nothing PASSED [  5%]
tests/test_bulk_downloader.py::TestIterXmlFiles::test_case_insensitive_extension PASSED [  5%]
tests/test_bulk_downloader.py::TestIterXmlFiles::test_multiple_xml_files_all_yielded PASSED [  6%]
tests/test_bulk_downloader.py::TestDownloadMonth::test_cache_hit_returns_existing_file PASSED [  6%]
tests/test_bulk_downloader.py::TestDownloadMonth::test_cache_hit_with_force_redownloads PASSED [  6%]
tests/test_bulk_downloader.py::TestDownloadMonth::test_404_returns_none PASSED [  6%]
tests/test_bulk_downloader.py::TestDownloadMonth::test_circuit_breaker_raises_circuit_open_error PASSED [  6%]
tests/test_bulk_downloader.py::TestDownloadMonth::test_corrupt_cache_is_removed_and_redownloaded PASSED [  6%]
tests/test_bulk_downloader.py::TestDownloadMonth::test_url_template_format PASSED [  6%]
tests/test_bulk_downloader.py::TestDownloadMonthValidation::test_invalid_month_zero_raises PASSED [  6%]
tests/test_bulk_downloader.py::TestDownloadMonthValidation::test_invalid_month_13_raises PASSED [  7%]
tests/test_bulk_downloader.py::TestDownloadMonthValidation::test_invalid_month_negative_raises PASSED [  7%]
tests/test_bulk_downloader.py::TestDownloadMonthValidation::test_invalid_year_raises PASSED [  7%]
tests/test_bulk_downloader.py::TestDownloadMonthValidation::test_valid_boundary_month_1 PASSED [  7%]
tests/test_bulk_downloader.py::TestDownloadMonthValidation::test_valid_boundary_month_12 PASSED [  7%]
tests/test_bulk_downloader.py::TestDownloadMonthValidation::test_valid_boundary_year_2000 PASSED [  7%]
tests/test_chart_helpers.py::TestFmtHoverEur::test_below_1000 PASSED     [  7%]
tests/test_chart_helpers.py::TestFmtHoverEur::test_exactly_1000 PASSED   [  8%]
tests/test_chart_helpers.py::TestFmtHoverEur::test_thousands PASSED      [  8%]
tests/test_chart_helpers.py::TestFmtHoverEur::test_millions PASSED       [  8%]
tests/test_chart_helpers.py::TestFmtHoverEur::test_exactly_1_million PASSED [  8%]
tests/test_chart_helpers.py::TestFmtHoverEur::test_zero PASSED           [  8%]
tests/test_chart_helpers.py::TestApplyChartDefaults::test_calls_update_layout PASSED [  8%]
tests/test_chart_helpers.py::TestApplyChartDefaults::test_calls_update_yaxes PASSED [  8%]
tests/test_chart_helpers.py::TestApplyChartDefaults::test_calls_update_xaxes PASSED [  9%]
tests/test_chart_helpers.py::TestApplyChartDefaults::test_custom_height_passed PASSED [  9%]
tests/test_classifiers.py::TestNutsToCcaa::test_codigo_nuts3_exacto PASSED [  9%]
tests/test_classifiers.py::TestNutsToCcaa::test_codigo_nuts3_pais_vasco PASSED [  9%]
tests/test_classifiers.py::TestNutsToCcaa::test_codigo_nuts3_andalucia PASSED [  9%]
tests/test_classifiers.py::TestNutsToCcaa::test_codigo_en_minusculas PASSED [  9%]
tests/test_classifiers.py::TestNutsToCcaa::test_codigo_con_espacios PASSED [  9%]
tests/test_classifiers.py::TestNutsToCcaa::test_none_devuelve_none PASSED [ 10%]
tests/test_classifiers.py::TestNutsToCcaa::test_codigo_inexistente_devuelve_none PASSED [ 10%]
tests/test_classifiers.py::TestNutsToCcaa::test_string_vacio_devuelve_none PASSED [ 10%]
tests/test_classifiers.py::TestNutsToCcaa::test_todos_los_nuts3_conocidos_mapeados PASSED [ 10%]
tests/test_classifiers.py::TestDetectModules::test_detecta_s4hana PASSED [ 10%]
tests/test_classifiers.py::TestDetectModules::test_detecta_fiori PASSED  [ 10%]
tests/test_classifiers.py::TestDetectModules::test_detecta_abap PASSED   [ 10%]
tests/test_classifiers.py::TestDetectModules::test_detecta_modulo_fi PASSED [ 11%]
tests/test_classifiers.py::TestDetectModules::test_detecta_modulo_mm PASSED [ 11%]
tests/test_classifiers.py::TestDetectModules::test_detecta_successfactors PASSED [ 11%]
tests/test_classifiers.py::TestDetectModules::test_texto_generico_sap_devuelve_sap_generico PASSED [ 11%]
tests/test_classifiers.py::TestDetectModules::test_texto_vacio_devuelve_lista_vacia PASSED [ 11%]
tests/test_classifiers.py::TestDetectModules::test_none_devuelve_lista_vacia PASSED [ 11%]
tests/test_classifiers.py::TestDetectModules::test_multiples_modulos_detectados PASSED [ 11%]
tests/test_classifiers.py::TestDetectProjectType::test_detecta_mantenimiento PASSED [ 12%]
tests/test_classifiers.py::TestDetectProjectType::test_detecta_soporte PASSED [ 12%]
tests/test_classifiers.py::TestDetectProjectType::test_detecta_implantacion PASSED [ 12%]
tests/test_classifiers.py::TestDetectProjectType::test_detecta_migracion PASSED [ 12%]
tests/test_classifiers.py::TestDetectProjectType::test_detecta_licencias PASSED [ 12%]
tests/test_classifiers.py::TestDetectProjectType::test_detecta_consultoria PASSED [ 12%]
tests/test_classifiers.py::TestDetectProjectType::test_detecta_desarrollo PASSED [ 12%]
tests/test_classifiers.py::TestDetectProjectType::test_detecta_formacion PASSED [ 12%]
tests/test_classifiers.py::TestDetectProjectType::test_texto_sin_tipo_devuelve_sin_clasificar PASSED [ 13%]
tests/test_classifiers.py::TestDetectProjectType::test_none_devuelve_sin_clasificar PASSED [ 13%]
tests/test_classifiers.py::TestDetectProjectType::test_vacio_devuelve_sin_clasificar PASSED [ 13%]
tests/test_classifiers.py::TestEstadoLabel::test_pub PASSED              [ 13%]
tests/test_classifiers.py::TestEstadoLabel::test_res PASSED              [ 13%]
tests/test_classifiers.py::TestEstadoLabel::test_adj PASSED              [ 13%]
tests/test_classifiers.py::TestEstadoLabel::test_codigo_desconocido_devuelve_codigo PASSED [ 13%]
tests/test_classifiers.py::TestEstadoLabel::test_none_devuelve_desconocido PASSED [ 14%]
tests/test_classifiers.py::TestEstadoLabel::test_con_espacios PASSED     [ 14%]
tests/test_classifiers.py::TestCpvLabel::test_codigo_exacto PASSED       [ 14%]
tests/test_classifiers.py::TestCpvLabel::test_codigo_none_devuelve_dash PASSED [ 14%]
tests/test_classifiers.py::TestCpvLabel::test_codigo_vacio_devuelve_dash PASSED [ 14%]
tests/test_classifiers.py::TestCpvLabel::test_codigo_desconocido_devuelve_codigo PASSED [ 14%]
tests/test_classifiers.py::TestTipoContratoLabel::test_servicios PASSED  [ 14%]
tests/test_classifiers.py::TestTipoContratoLabel::test_obras PASSED      [ 15%]
tests/test_classifiers.py::TestTipoContratoLabel::test_none_devuelve_dash PASSED [ 15%]
tests/test_classifiers.py::TestTipoContratoLabel::test_codigo_desconocido PASSED [ 15%]
tests/test_codice_parser.py::TestParseSummary::test_extrae_campos_basicos PASSED [ 15%]
tests/test_codice_parser.py::TestParseSummary::test_importe_con_coma_decimal PASSED [ 15%]
tests/test_codice_parser.py::TestParseSummary::test_none_devuelve_dict_vacio PASSED [ 15%]
tests/test_codice_parser.py::TestParseSummary::test_string_vacio_devuelve_dict_vacio PASSED [ 15%]
tests/test_codice_parser.py::TestParseSummary::test_summary_malformado_devuelve_dict_vacio PASSED [ 16%]
tests/test_codice_parser.py::TestParseSummary::test_moneda_ausente_usa_eur_por_defecto PASSED [ 16%]
tests/test_codice_parser.py::TestXmlHelpers::test_text_returns_value PASSED [ 16%]
tests/test_codice_parser.py::TestXmlHelpers::test_text_returns_none_when_missing PASSED [ 16%]
tests/test_codice_parser.py::TestXmlHelpers::test_text_with_none_elem_returns_none PASSED [ 16%]
tests/test_codice_parser.py::TestXmlHelpers::test_float_parses_value PASSED [ 16%]
tests/test_codice_parser.py::TestXmlHelpers::test_float_parses_comma_decimal PASSED [ 16%]
tests/test_codice_parser.py::TestXmlHelpers::test_float_returns_none_for_invalid PASSED [ 17%]
tests/test_codice_parser.py::TestXmlHelpers::test_int_parses_value PASSED [ 17%]
tests/test_codice_parser.py::TestXmlHelpers::test_int_returns_none_for_missing PASSED [ 17%]
tests/test_codice_parser.py::TestParseEntry::test_sap_entry_is_parsed PASSED [ 17%]
tests/test_codice_parser.py::TestParseEntry::test_non_sap_entry_returns_none PASSED [ 17%]
tests/test_codice_parser.py::TestParseEntry::test_entry_without_id_returns_none PASSED [ 17%]
tests/test_codice_parser.py::TestParseEntry::test_cpv_extracted_correctly PASSED [ 17%]
tests/test_codice_parser.py::TestParseEntry::test_duracion_parsed PASSED [ 18%]
tests/test_codice_parser.py::TestParseAdjudicaciones::test_extracts_adjudicacion PASSED [ 18%]
tests/test_codice_parser.py::TestParseAdjudicaciones::test_entry_without_tender_result_returns_empty PASSED [ 18%]
tests/test_codice_parser.py::TestParseAtomBytes::test_yields_sap_entries PASSED [ 18%]
tests/test_codice_parser.py::TestParseAtomBytes::test_skips_non_sap_entries PASSED [ 18%]
tests/test_codice_parser.py::TestParseAtomBytes::test_multiple_entries PASSED [ 18%]
tests/test_codice_parser.py::TestParseAtomBytes::test_raises_on_oversized_content PASSED [ 18%]
tests/test_codice_parser.py::TestParseAtomBytes::test_entry_with_adjudicaciones PASSED [ 18%]
tests/test_concept_drift.py::TestTokenize::test_basic_tokens PASSED      [ 19%]
tests/test_concept_drift.py::TestTokenize::test_filters_stop_words PASSED [ 19%]
tests/test_concept_drift.py::TestTokenize::test_short_words_excluded PASSED [ 19%]
tests/test_concept_drift.py::TestDetectDrift::test_detects_unknown_terms PASSED [ 19%]
tests/test_concept_drift.py::TestDetectDrift::test_excludes_known_terms PASSED [ 19%]
tests/test_concept_drift.py::TestDetectDrift::test_empty_texts PASSED    [ 19%]
tests/test_concept_drift.py::TestDetectDrift::test_top_n_limits PASSED   [ 19%]
tests/test_concept_drift.py::TestDetectDrift::test_doc_freq_returned PASSED [ 20%]
tests/test_concept_drift.py::TestRunDriftReport::test_sends_alert PASSED [ 20%]
tests/test_concept_drift.py::TestRunDriftReport::test_no_alert_when_empty PASSED [ 20%]
tests/test_dashboard_pages.py::TestResumenPage::test_kpi_values_present PASSED [ 20%]
tests/test_dashboard_pages.py::TestResumenPage::test_dataframe_has_required_columns PASSED [ 20%]
tests/test_dashboard_pages.py::TestDetallePage::test_all_records_accessible PASSED [ 20%]
tests/test_dashboard_pages.py::TestDetallePage::test_filters_reduce_data PASSED [ 20%]
tests/test_dashboard_pages.py::TestGeografiaPage::test_ccaa_distribution PASSED [ 21%]
tests/test_dashboard_pages.py::TestCompetidoresPage::test_adjudicaciones_loaded PASSED [ 21%]
tests/test_dashboard_pages.py::TestCompetidoresPage::test_empresas_distintas PASSED [ 21%]
tests/test_dashboard_pages.py::TestTendenciasPage::test_fechas_publicacion_variadas PASSED [ 21%]
tests/test_dashboard_pages.py::TestTendenciasPage::test_importe_total_coherente PASSED [ 21%]
tests/test_dashboard_smoke.py::test_page_renders_without_error[Resumen] PASSED [ 21%]
tests/test_dashboard_smoke.py::test_page_renders_without_error[Tendencias] PASSED [ 21%]
tests/test_dashboard_smoke.py::test_page_renders_without_error[Detalle] PASSED [ 22%]
tests/test_dashboard_smoke.py::test_page_renders_without_error[\xd3rganos] PASSED [ 22%]
tests/test_dashboard_smoke.py::test_page_renders_without_error[Geograf\xeda] PASSED [ 22%]
tests/test_dashboard_smoke.py::test_page_renders_without_error[Proyectos & M\xf3dulos] PASSED [ 22%]
tests/test_dashboard_smoke.py::test_page_renders_without_error[Competidores] PASSED [ 22%]
tests/test_dashboard_smoke.py::test_page_renders_without_error[Pipeline & Alertas] PASSED [ 22%]
tests/test_dashboard_smoke.py::test_page_renders_without_error[Mi Watchlist] PASSED [ 22%]
tests/test_dashboard_smoke.py::test_page_renders_without_error[Observabilidad] PASSED [ 23%]
tests/test_database.py::TestUpsertLicitaciones::test_inserta_nueva PASSED [ 23%]
tests/test_database.py::TestUpsertLicitaciones::test_idempotente_segunda_vez PASSED [ 23%]
tests/test_database.py::TestUpsertLicitaciones::test_actualiza_titulo PASSED [ 23%]
tests/test_database.py::TestUpsertLicitaciones::test_lista_vacia_no_falla PASSED [ 23%]
tests/test_database.py::TestUpsertLicitaciones::test_multiples_licitaciones PASSED [ 23%]
tests/test_database.py::TestReplaceAdjudicaciones::test_inserta_adjudicacion PASSED [ 23%]
tests/test_database.py::TestReplaceAdjudicaciones::test_reemplaza_adjudicaciones_existentes PASSED [ 24%]
tests/test_database.py::TestReplaceAdjudicaciones::test_idempotente PASSED [ 24%]
tests/test_database.py::TestReplaceAdjudicaciones::test_lista_vacia_elimina_adjudicaciones PASSED [ 24%]
tests/test_database.py::TestCursorHelpers::test_get_cursor_returns_none_initially PASSED [ 24%]
tests/test_database.py::TestCursorHelpers::test_set_and_get_cursor PASSED [ 24%]
tests/test_database.py::TestCursorHelpers::test_set_cursor_upserts PASSED [ 24%]
tests/test_database.py::TestUpsertWithHistory::test_insert_new_no_history PASSED [ 24%]
tests/test_database.py::TestUpsertWithHistory::test_same_data_no_history PASSED [ 25%]
tests/test_database.py::TestUpsertWithHistory::test_changed_importe_creates_history PASSED [ 25%]
tests/test_database.py::TestUpsertWithHistory::test_changed_estado_creates_history PASSED [ 25%]
tests/test_database.py::TestUpsertWithHistory::test_multiple_changes_tracked PASSED [ 25%]
tests/test_database.py::TestUpsertWithHistory::test_get_history_empty PASSED [ 25%]
tests/test_dates.py::test_month_start_handles_aware_datetimes_without_warning PASSED [ 25%]
tests/test_dates.py::test_quarter_start_handles_aware_datetimes_without_warning PASSED [ 25%]
tests/test_dates.py::test_month_period_returns_period_dtype PASSED       [ 25%]
tests/test_dates.py::test_month_period_handles_naive_datetimes PASSED    [ 26%]
tests/test_dates.py::test_month_start_naive_datetimes PASSED             [ 26%]
tests/test_dlq.py::test_record_and_list PASSED                           [ 26%]
tests/test_dlq.py::test_mark_resolved_removes_from_unresolved PASSED     [ 26%]
tests/test_dlq.py::test_increment_retry PASSED                           [ 26%]
tests/test_dlq.py::test_record_failure_truncates_long_message PASSED     [ 26%]
tests/test_dlq.py::test_record_failure_dedups_same_key_increments_retry PASSED [ 26%]
tests/test_dlq.py::test_record_failure_dedups_with_null_payload_ref PASSED [ 27%]
tests/test_dlq.py::test_record_failure_distinct_keys_create_separate_rows PASSED [ 27%]
tests/test_dlq.py::test_record_failure_resolved_does_not_block_new_entry PASSED [ 27%]
tests/test_dlq.py::test_unresolved_summary_groups_by_source_and_scope PASSED [ 27%]
tests/test_dlq.py::test_mark_matching_resolved_resolves_group PASSED     [ 27%]
tests/test_dlq_actions.py::test_retry_bulk_failure_resolves_on_ok PASSED [ 27%]
tests/test_dlq_actions.py::test_retry_bulk_failure_increments_retry_on_failure PASSED [ 27%]
tests/test_dlq_actions.py::test_retry_unknown_source_raises PASSED       [ 28%]
tests/test_embeddings.py::TestSubstringMatch::test_basic_match PASSED    [ 28%]
tests/test_embeddings.py::TestSubstringMatch::test_no_match PASSED       [ 28%]
tests/test_embeddings.py::TestSubstringMatch::test_empty_corpus PASSED   [ 28%]
tests/test_embeddings.py::TestSubstringMatch::test_empty_query PASSED    [ 28%]
tests/test_embeddings.py::TestSmartMatch::test_fallback_to_substring PASSED [ 28%]
tests/test_embeddings.py::TestSmartMatch::test_fallback_no_match PASSED  [ 28%]
tests/test_embeddings.py::TestEmbeddingsAvailable::test_returns_bool PASSED [ 29%]
tests/test_embeddings.py::TestCosineSimilarity::test_identical_vectors PASSED [ 29%]
tests/test_embeddings.py::TestCosineSimilarity::test_orthogonal_vectors PASSED [ 29%]
tests/test_embeddings.py::TestCosineSimilarity::test_batch PASSED        [ 29%]
tests/test_filters.py::TestMatchesSap::test_keyword_sap_basico PASSED    [ 29%]
tests/test_filters.py::TestMatchesSap::test_keyword_s4hana PASSED        [ 29%]
tests/test_filters.py::TestMatchesSap::test_keyword_abap PASSED          [ 29%]
tests/test_filters.py::TestMatchesSap::test_keyword_fiori PASSED         [ 30%]
tests/test_filters.py::TestMatchesSap::test_keyword_en_summary PASSED    [ 30%]
tests/test_filters.py::TestMatchesSap::test_multiples_keywords_devuelve_todas PASSED [ 30%]
tests/test_filters.py::TestMatchesSap::test_case_insensitive PASSED      [ 30%]
tests/test_filters.py::TestMatchesSap::test_no_falso_positivo_desaparecer PASSED [ 30%]
tests/test_filters.py::TestMatchesSap::test_no_falso_positivo_saping PASSED [ 30%]
tests/test_filters.py::TestMatchesSap::test_no_match_texto_irrelevante PASSED [ 30%]
tests/test_filters.py::TestMatchesSap::test_none_devuelve_false PASSED   [ 31%]
tests/test_filters.py::TestMatchesSap::test_string_vacio_devuelve_false PASSED [ 31%]
tests/test_filters.py::TestMatchesSap::test_multiples_none PASSED        [ 31%]
tests/test_filters.py::TestMatchesSap::test_primero_none_segundo_con_keyword PASSED [ 31%]
tests/test_filters.py::TestMatchesSap::test_keywords_devueltas_en_minusculas PASSED [ 31%]
tests/test_filters.py::TestMatchesSap::test_keywords_devueltas_sin_duplicados PASSED [ 31%]
tests/test_forecast.py::TestToMonths::test_anual_12_meses PASSED         [ 31%]
tests/test_forecast.py::TestToMonths::test_2_anios PASSED                [ 31%]
tests/test_forecast.py::TestToMonths::test_meses_directo PASSED          [ 32%]
tests/test_forecast.py::TestToMonths::test_dias_aproximacion PASSED      [ 32%]
tests/test_forecast.py::TestToMonths::test_semanas PASSED                [ 32%]
tests/test_forecast.py::TestToMonths::test_unidad_desconocida_devuelve_none PASSED [ 32%]
tests/test_forecast.py::TestToMonths::test_valor_none_devuelve_none PASSED [ 32%]
tests/test_forecast.py::TestToMonths::test_unidad_none_devuelve_none PASSED [ 32%]
tests/test_forecast.py::TestToMonths::test_valor_nan_devuelve_none PASSED [ 32%]
tests/test_forecast.py::TestToMonths::test_unidad_case_insensitive PASSED [ 33%]
tests/test_forecast.py::TestToMonths::test_valor_cero_devuelve_none PASSED [ 33%]
tests/test_forecast.py::TestToMonths::test_valor_negativo_devuelve_none PASSED [ 33%]
tests/test_forecast.py::TestToMonths::test_valor_no_numerico_devuelve_none PASSED [ 33%]
tests/test_forecast.py::TestEstimateEndDate::test_fecha_fin_explicita_tiene_prioridad PASSED [ 33%]
tests/test_forecast.py::TestEstimateEndDate::test_calcula_desde_inicio_y_duracion PASSED [ 33%]
tests/test_forecast.py::TestEstimateEndDate::test_start_none_devuelve_none PASSED [ 33%]
tests/test_forecast.py::TestEstimateEndDate::test_duracion_none_devuelve_none PASSED [ 34%]
tests/test_forecast.py::TestEstimateEndDate::test_duracion_cero_devuelve_none PASSED [ 34%]
tests/test_forecast.py::TestEstimateEndDate::test_duracion_negativa_devuelve_none PASSED [ 34%]
tests/test_forecast.py::TestEstimateEndDate::test_fecha_fin_nat_usa_calculo PASSED [ 34%]
tests/test_forecast.py::TestBuildForecastDf::test_empty_licitaciones_returns_empty PASSED [ 34%]
tests/test_forecast.py::TestBuildForecastDf::test_filters_mantenimiento_by_default PASSED [ 34%]
tests/test_forecast.py::TestBuildForecastDf::test_no_filter_when_solo_mantenimiento_false PASSED [ 34%]
tests/test_forecast.py::TestBuildForecastDf::test_columns_present PASSED [ 35%]
tests/test_forecast.py::TestBuildForecastDf::test_with_adjudicaciones_merges PASSED [ 35%]
tests/test_forecast.py::TestBuildForecastDf::test_empty_adjudicaciones_adds_nat_column PASSED [ 35%]
tests/test_forecast.py::TestBuildForecastDf::test_estado_forecast_categorizes_future PASSED [ 35%]
tests/test_forecast.py::TestBuildForecastDf::test_baja_pct_computed_when_adjudicacion_available PASSED [ 35%]
tests/test_forecast.py::TestBuildForecastDf::test_sorted_by_fecha_fin_estimada PASSED [ 35%]
tests/test_format_export.py::TestFmtEurFormat::test_none_returns_dash PASSED [ 35%]
tests/test_format_export.py::TestFmtEurFormat::test_nan_returns_dash PASSED [ 36%]
tests/test_format_export.py::TestFmtEurFormat::test_small_amount PASSED  [ 36%]
tests/test_format_export.py::TestFmtEurFormat::test_thousands PASSED     [ 36%]
tests/test_format_export.py::TestFmtEurFormat::test_millions PASSED      [ 36%]
tests/test_format_export.py::TestFmtEurFormat::test_billions PASSED      [ 36%]
tests/test_format_export.py::TestFmtEurFormat::test_negative_millions PASSED [ 36%]
tests/test_format_export.py::TestFmtEurFormat::test_zero PASSED          [ 36%]
tests/test_format_export.py::TestHighlightMatch::test_empty_query_returns_escaped PASSED [ 37%]
tests/test_format_export.py::TestHighlightMatch::test_whitespace_query_returns_escaped PASSED [ 37%]
tests/test_format_export.py::TestHighlightMatch::test_highlights_match PASSED [ 37%]
tests/test_format_export.py::TestHighlightMatch::test_case_insensitive PASSED [ 37%]
tests/test_format_export.py::TestHighlightMatch::test_single_char_token_not_highlighted PASSED [ 37%]
tests/test_format_export.py::TestHighlightMatch::test_escapes_html_in_text PASSED [ 37%]
tests/test_format_export.py::TestHighlightMatch::test_multi_token_query PASSED [ 37%]
tests/test_format_export.py::TestKpisSnapshotCsv::test_returns_bytes PASSED [ 37%]
tests/test_format_export.py::TestKpisSnapshotCsv::test_has_bom PASSED    [ 38%]
tests/test_format_export.py::TestKpisSnapshotCsv::test_contains_kpi_label PASSED [ 38%]
tests/test_format_export.py::TestKpisSnapshotCsv::test_custom_titulo PASSED [ 38%]
tests/test_format_export.py::TestKpisSnapshotCsv::test_empty_kpis PASSED [ 38%]
tests/test_format_export.py::TestNutsToCcaaShared::test_exact_nuts3 PASSED [ 38%]
tests/test_format_export.py::TestNutsToCcaaShared::test_case_insensitive PASSED [ 38%]
tests/test_format_export.py::TestNutsToCcaaShared::test_none_returns_none PASSED [ 38%]
tests/test_format_export.py::TestNutsToCcaaShared::test_empty_returns_none PASSED [ 39%]
tests/test_format_export.py::TestNutsToCcaaShared::test_unknown_returns_none PASSED [ 39%]
tests/test_format_export.py::TestNutsToCcaaShared::test_nuts2_prefix_fallback PASSED [ 39%]
tests/test_format_export.py::TestNutsToCcaaShared::test_nuts2_prefix_andalucia PASSED [ 39%]
tests/test_format_export.py::TestSafeUrlSecurity::test_http_accepted PASSED [ 39%]
tests/test_format_export.py::TestSafeUrlSecurity::test_https_accepted PASSED [ 39%]
tests/test_format_export.py::TestSafeUrlSecurity::test_javascript_rejected PASSED [ 39%]
tests/test_format_export.py::TestSafeUrlSecurity::test_data_uri_rejected PASSED [ 40%]
tests/test_format_export.py::TestSafeUrlSecurity::test_none_returns_none PASSED [ 40%]
tests/test_format_export.py::TestSafeUrlSecurity::test_non_string_returns_none PASSED [ 40%]
tests/test_format_export.py::TestSafeUrlSecurity::test_strips_whitespace PASSED [ 40%]
tests/test_healthcheck.py::test_healthcheck_critical_without_runs PASSED [ 40%]
tests/test_healthcheck.py::test_healthcheck_healthy_after_successful_run PASSED [ 40%]
tests/test_healthcheck.py::test_healthcheck_degraded_when_last_run_stale PASSED [ 40%]
tests/test_healthcheck.py::test_healthcheck_degraded_when_dlq_above_threshold PASSED [ 41%]
tests/test_healthcheck.py::test_healthcheck_main_returns_0_for_healthy PASSED [ 41%]
tests/test_healthcheck.py::test_healthcheck_main_returns_1_for_degraded PASSED [ 41%]
tests/test_healthcheck.py::test_healthcheck_main_alert_mode_returns_0 PASSED [ 41%]
tests/test_integration_e2e.py::TestE2EPipelineToDatabase::test_parse_and_persist_sap_licitacion PASSED [ 41%]
tests/test_integration_e2e.py::TestE2EPipelineToDatabase::test_non_sap_entry_filtered_out PASSED [ 41%]
tests/test_integration_e2e.py::TestE2EPipelineToDatabase::test_upsert_idempotente PASSED [ 41%]
tests/test_integration_e2e.py::TestE2EPipelineToDatabase::test_multiple_licitaciones PASSED [ 42%]
tests/test_integration_e2e.py::TestE2EHistoryTracking::test_cambio_importe_registrado_en_historia PASSED [ 42%]
tests/test_integration_e2e.py::TestE2EDataLoader::test_load_dataframe_returns_persisted_data PASSED [ 42%]
tests/test_integration_e2e.py::TestE2EFilters::test_matches_sap_con_keywords_directos PASSED [ 42%]
tests/test_integration_e2e.py::TestE2EFilters::test_matches_sap_sin_keywords PASSED [ 42%]
tests/test_integration_e2e.py::TestE2EFilters::test_matches_sap_case_insensitive PASSED [ 42%]
tests/test_integration_e2e.py::TestE2EFilters::test_no_falso_positivo_palabra_parcial PASSED [ 42%]
tests/test_integration_e2e.py::TestE2EKpiPrecompute::test_kpi_precompute_with_data PASSED [ 43%]
tests/test_integration_e2e.py::TestE2EKpiPrecompute::test_kpi_precompute_empty_db PASSED [ 43%]
tests/test_integration_e2e.py::TestE2ERateLimiting::test_login_lockout_persiste_entre_llamadas PASSED [ 43%]
tests/test_integration_e2e.py::TestE2ERateLimiting::test_clear_login_attempts PASSED [ 43%]
tests/test_integration_e2e.py::TestE2ERateLimiting::test_rate_limit_db_allows_within_limit PASSED [ 43%]
tests/test_integration_e2e.py::TestE2ERateLimiting::test_rate_limit_db_blocks_over_limit PASSED [ 43%]
tests/test_kpi_bar.py::test_compute_kpis_basic_totals PASSED             [ 43%]
tests/test_kpi_bar.py::test_compute_kpis_delta_positive PASSED           [ 43%]
tests/test_kpi_bar.py::test_compute_kpis_empty_df_is_safe PASSED         [ 44%]
tests/test_kpi_precompute.py::test_compute_all_kpis_returns_expected_metrics PASSED [ 44%]
tests/test_kpi_precompute.py::test_compute_all_kpis_all_have_computed_at PASSED [ 44%]
tests/test_kpi_precompute.py::test_compute_all_kpis_empty_db_returns_zeros PASSED [ 44%]
tests/test_kpi_precompute.py::test_compute_all_kpis_with_data PASSED     [ 44%]
tests/test_kpi_precompute.py::test_persist_snapshots_returns_count PASSED [ 44%]
tests/test_kpi_precompute.py::test_persist_snapshots_clears_previous PASSED [ 44%]
tests/test_kpi_precompute.py::test_run_kpi_precompute_returns_summary PASSED [ 45%]
tests/test_kpi_precompute.py::test_get_latest_snapshot_returns_none_when_empty PASSED [ 45%]
tests/test_kpi_precompute.py::test_get_latest_snapshot_returns_value_after_precompute PASSED [ 45%]
tests/test_kpi_precompute.py::test_get_all_latest_empty_db_returns_empty_dict PASSED [ 45%]
tests/test_kpi_precompute.py::test_get_all_latest_after_precompute_has_computed_at PASSED [ 45%]
tests/test_kpi_precompute.py::test_get_all_latest_licitaciones_por_ccaa_is_list PASSED [ 45%]
tests/test_loop.py::TestEnvInt::test_returns_default_when_not_set PASSED [ 45%]
tests/test_loop.py::TestEnvInt::test_returns_env_value PASSED            [ 46%]
tests/test_loop.py::TestEnvInt::test_invalid_value_returns_default PASSED [ 46%]
tests/test_loop.py::TestEnvInt::test_enforces_min_value PASSED           [ 46%]
tests/test_loop.py::TestEnvInt::test_negative_clamped_to_min PASSED      [ 46%]
tests/test_loop.py::TestRunJob::test_calls_function_and_logs PASSED      [ 46%]
tests/test_loop.py::TestRunJob::test_exception_is_caught_and_notified PASSED [ 46%]
tests/test_loop.py::TestRunDailyAtom::test_ok_result_runs_downstream PASSED [ 46%]
tests/test_loop.py::TestRunDailyAtom::test_non_ok_status_raises PASSED   [ 47%]
tests/test_loop.py::TestRunRecentBulk::test_all_ok_runs_downstream PASSED [ 47%]
tests/test_loop.py::TestRunRecentBulk::test_failed_month_raises PASSED   [ 47%]
tests/test_loop.py::TestMain::test_main_runs_one_iteration_then_stops PASSED [ 47%]
tests/test_migration_rollbacks.py::TestRollbackMechanics::test_raises_when_target_equals_current PASSED [ 47%]
tests/test_migration_rollbacks.py::TestRollbackMechanics::test_raises_when_target_above_current PASSED [ 47%]
tests/test_migration_rollbacks.py::TestRollbackMechanics::test_returns_list_of_reverted_versions FAILED [ 47%]
tests/test_migration_rollbacks.py::TestRollbackMechanics::test_removes_version_record_from_schema_version PASSED [ 48%]
tests/test_migration_rollbacks.py::TestRollbackMechanics::test_irreversible_versions_remain_in_schema_version_after_full_rollback PASSED [ 48%]
tests/test_migration_rollbacks.py::TestRollbackMechanics::test_reversible_versions_all_removed_after_full_rollback PASSED [ 48%]
tests/test_migration_rollbacks.py::test_rollback_removes_schema_objects[12-absent_tables0-absent_indexes0] PASSED [ 48%]
tests/test_migration_rollbacks.py::test_rollback_removes_schema_objects[11-absent_tables1-absent_indexes1] PASSED [ 48%]
tests/test_migration_rollbacks.py::test_rollback_removes_schema_objects[8-absent_tables2-absent_indexes2] PASSED [ 48%]
tests/test_migration_rollbacks.py::test_rollback_removes_schema_objects[7-absent_tables3-absent_indexes3] PASSED [ 48%]
tests/test_migration_rollbacks.py::test_rollback_removes_schema_objects[4-absent_tables4-absent_indexes4] PASSED [ 49%]
tests/test_migration_rollbacks.py::test_rollback_removes_schema_objects[1-absent_tables5-absent_indexes5] PASSED [ 49%]
tests/test_migration_rollbacks.py::test_rollback_removes_schema_objects[0-absent_tables6-absent_indexes6] PASSED [ 49%]
tests/test_migration_rollbacks.py::test_rollback_v11_removes_only_dedup_index PASSED [ 49%]
tests/test_migration_rollbacks.py::test_rollback_v7_succeeds_even_without_fts_table PASSED [ 49%]
tests/test_migration_rollbacks.py::test_partial_rollback_leaves_lower_versions_intact PASSED [ 49%]
tests/test_migration_rollbacks.py::test_full_rollback_removes_all_reversible_tables PASSED [ 49%]
tests/test_migration_rollbacks.py::test_table_exists_after_full_apply[extraction_runs] PASSED [ 50%]
tests/test_migration_rollbacks.py::test_table_exists_after_full_apply[failed_extractions] PASSED [ 50%]
tests/test_migration_rollbacks.py::test_table_exists_after_full_apply[watchlist_cpv] PASSED [ 50%]
tests/test_migration_rollbacks.py::test_table_exists_after_full_apply[ingestion_cursors] PASSED [ 50%]
tests/test_migration_rollbacks.py::test_table_exists_after_full_apply[licitaciones_history] PASSED [ 50%]
tests/test_migration_rollbacks.py::test_table_exists_after_full_apply[users] PASSED [ 50%]
tests/test_migration_rollbacks.py::test_table_exists_after_full_apply[access_log] PASSED [ 50%]
tests/test_migration_rollbacks.py::test_table_exists_after_full_apply[rate_limits] PASSED [ 50%]
tests/test_migration_rollbacks.py::test_table_exists_after_full_apply[kpi_snapshots] PASSED [ 51%]
tests/test_migrations.py::test_current_version_starts_at_zero PASSED     [ 51%]
tests/test_migrations.py::test_apply_pending_creates_all_migrations PASSED [ 51%]
tests/test_migrations.py::test_apply_pending_is_idempotent PASSED        [ 51%]
tests/test_migrations.py::test_expected_tables_exist PASSED              [ 51%]
tests/test_ml_realistic.py::TestMLAccuracy::test_accuracy_above_threshold PASSED [ 51%]
tests/test_ml_realistic.py::TestMLAccuracy::test_f1_above_threshold PASSED [ 51%]
tests/test_ml_realistic.py::TestMLAccuracy::test_predictions_coherent PASSED [ 52%]
tests/test_ml_realistic.py::TestMLSerialization::test_save_load_preserves_predictions PASSED [ 52%]
tests/test_ml_realistic.py::TestMLSerialization::test_sha256_checksum_created PASSED [ 52%]
tests/test_ml_realistic.py::TestMLSerialization::test_corrupted_model_rejected PASSED [ 52%]
tests/test_ml_realistic.py::TestBatchPrediction::test_batch_returns_correct_length PASSED [ 52%]
tests/test_normalize.py::TestNormalizeCompany::test_elimina_sa PASSED    [ 52%]
tests/test_normalize.py::TestNormalizeCompany::test_elimina_sl PASSED    [ 52%]
tests/test_normalize.py::TestNormalizeCompany::test_elimina_sau PASSED   [ 53%]
tests/test_normalize.py::TestNormalizeCompany::test_elimina_slu PASSED   [ 53%]
tests/test_normalize.py::TestNormalizeCompany::test_elimina_sociedad_anonima PASSED [ 53%]
tests/test_normalize.py::TestNormalizeCompany::test_elimina_gmbh PASSED  [ 53%]
tests/test_normalize.py::TestNormalizeCompany::test_elimina_ltd PASSED   [ 53%]
tests/test_normalize.py::TestNormalizeCompany::test_mayusculas PASSED    [ 53%]
tests/test_normalize.py::TestNormalizeCompany::test_sin_tildes PASSED    [ 53%]
tests/test_normalize.py::TestNormalizeCompany::test_misma_empresa_variantes PASSED [ 54%]
tests/test_normalize.py::TestNormalizeCompany::test_misma_empresa_con_y_sin_puntos PASSED [ 54%]
tests/test_normalize.py::TestNormalizeCompany::test_none_devuelve_none PASSED [ 54%]
tests/test_normalize.py::TestNormalizeCompany::test_string_vacio_devuelve_none PASSED [ 54%]
tests/test_normalize.py::TestNormalizeCompany::test_solo_sufijo_devuelve_none PASSED [ 54%]
tests/test_normalize.py::TestNormalizeCompany::test_no_string_devuelve_none PASSED [ 54%]
tests/test_normalize.py::TestNormalizeNif::test_elimina_espacios PASSED  [ 54%]
tests/test_normalize.py::TestNormalizeNif::test_elimina_guiones PASSED   [ 55%]
tests/test_normalize.py::TestNormalizeNif::test_elimina_puntos PASSED    [ 55%]
tests/test_normalize.py::TestNormalizeNif::test_mayusculas PASSED        [ 55%]
tests/test_normalize.py::TestNormalizeNif::test_combina_transformaciones PASSED [ 55%]
tests/test_normalize.py::TestNormalizeNif::test_mismo_nif_formatos_distintos PASSED [ 55%]
tests/test_normalize.py::TestNormalizeNif::test_none_devuelve_none PASSED [ 55%]
tests/test_normalize.py::TestNormalizeNif::test_vacio_devuelve_none PASSED [ 55%]
tests/test_normalize.py::TestNormalizeNif::test_solo_separadores_devuelve_none PASSED [ 56%]
tests/test_normalize.py::TestParseUteMembers::test_no_es_ute PASSED      [ 56%]
tests/test_normalize.py::TestParseUteMembers::test_none PASSED           [ 56%]
tests/test_normalize.py::TestParseUteMembers::test_ute_dos_miembros_guion PASSED [ 56%]
tests/test_normalize.py::TestParseUteMembers::test_ute_puntos PASSED     [ 56%]
tests/test_normalize.py::TestParseUteMembers::test_ute_compacto_guion PASSED [ 56%]
tests/test_normalize.py::TestParseUteMembers::test_ute_con_lote_paren PASSED [ 56%]
tests/test_normalize.py::TestParseUteMembers::test_ute_y_separador PASSED [ 56%]
tests/test_normalize.py::TestParseUteMembers::test_dedupe PASSED         [ 57%]
tests/test_observability_alerts.py::test_notify_below_min_level_is_noop PASSED [ 57%]
tests/test_observability_alerts.py::test_notify_above_min_level_calls_smtp PASSED [ 57%]
tests/test_observability_alerts.py::test_notify_critical_always_dispatched PASSED [ 57%]
tests/test_observability_alerts.py::test_notify_accepts_string_level PASSED [ 57%]
tests/test_observability_alerts.py::test_notify_unknown_string_level_defaults_to_warn PASSED [ 57%]
tests/test_observability_alerts.py::test_alert_level_ordering PASSED     [ 57%]
tests/test_observability_alerts.py::test_send_smtp_skips_when_not_configured PASSED [ 58%]
tests/test_observability_alerts.py::test_send_smtp_connects_and_sends PASSED [ 58%]
tests/test_observability_alerts.py::test_build_html_contains_title_and_body PASSED [ 58%]
tests/test_observability_alerts.py::test_build_html_uses_level_color PASSED [ 58%]
tests/test_observability_alerts.py::test_send_smtp_logs_on_smtp_exception PASSED [ 58%]
tests/test_observability_alerts.py::test_send_smtp_logs_on_os_error PASSED [ 58%]
tests/test_observability_alerts.py::test_check_daily_lag_no_cursor_is_noop PASSED [ 58%]
tests/test_observability_alerts.py::test_check_daily_lag_fresh_cursor_no_alert PASSED [ 59%]
tests/test_observability_alerts.py::test_check_daily_lag_stale_cursor_sends_alert PASSED [ 59%]
tests/test_observability_alerts.py::test_check_daily_lag_invalid_timestamp_no_crash PASSED [ 59%]
tests/test_observability_alerts.py::test_check_consecutive_failures_not_enough_rows PASSED [ 59%]
tests/test_observability_alerts.py::test_check_consecutive_failures_sends_alert PASSED [ 59%]
tests/test_observability_alerts.py::test_check_consecutive_failures_mixed_status_no_alert PASSED [ 59%]
tests/test_observability_logging.py::test_configure_logging_is_idempotent PASSED [ 59%]
tests/test_observability_logging.py::test_get_logger_returns_bound_logger PASSED [ 60%]
tests/test_observability_logging.py::test_bind_run_context_generates_run_id PASSED [ 60%]
tests/test_observability_logging.py::test_bind_run_context_respects_explicit_id PASSED [ 60%]
tests/test_observability_logging.py::test_json_logs_contain_run_id PASSED [ 60%]
tests/test_observability_logging.py::test_redact_keys_with_sensitive_names PASSED [ 60%]
tests/test_observability_logging.py::test_redact_env_secret_value PASSED [ 60%]
tests/test_observability_logging.py::test_short_env_secret_not_redacted PASSED [ 60%]
tests/test_observability_logging.py::test_bind_session_context_returns_none_outside_streamlit PASSED [ 61%]
tests/test_observability_logging.py::test_bind_session_context_returns_none_when_ctx_unavailable PASSED [ 61%]
tests/test_observability_logging.py::test_bind_session_context_binds_session_id_to_contextvars PASSED [ 61%]
tests/test_observability_logging.py::test_bind_session_context_handles_empty_session_id PASSED [ 61%]
tests/test_observability_logging.py::test_bind_session_context_suppresses_import_error PASSED [ 61%]
tests/test_observability_metrics.py::test_run_metrics_defaults PASSED    [ 61%]
tests/test_observability_metrics.py::test_to_dict_roundtrip PASSED       [ 61%]
tests/test_observability_metrics.py::test_record_run_persists_success PASSED [ 62%]
tests/test_observability_metrics.py::test_record_run_marks_partial PASSED [ 62%]
tests/test_observability_metrics.py::test_record_run_marks_error_on_exception PASSED [ 62%]
tests/test_pdf.py::test_generate_pdf_basic PASSED                        [ 62%]
tests/test_pdf.py::test_generate_pdf_empty_data PASSED                   [ 62%]
tests/test_pdf.py::test_generate_pdf_many_kpis PASSED                    [ 62%]
tests/test_pdf.py::test_generate_pdf_with_chart PASSED                   [ 62%]
tests/test_performance.py::TestUpsertPerformance::test_upsert_10k_records PASSED [ 62%]
tests/test_performance.py::TestUpsertPerformance::test_upsert_idempotent_10k PASSED [ 63%]
tests/test_performance.py::TestQueryPerformance::test_aggregate_query_on_10k PASSED [ 63%]
tests/test_performance.py::TestXMLParsingPerformance::test_parse_large_xml PASSED [ 63%]
tests/test_pipeline.py::TestSummarize::test_ok_result PASSED             [ 63%]
tests/test_pipeline.py::TestSummarize::test_no_publicado_counts_as_ok PASSED [ 63%]
tests/test_pipeline.py::TestSummarize::test_circuit_open_counts_as_failed PASSED [ 63%]
tests/test_pipeline.py::TestSummarize::test_error_descarga_increments_counter PASSED [ 63%]
tests/test_pipeline.py::TestSummarize::test_error_persistencia_counts_as_failed PASSED [ 64%]
tests/test_pipeline.py::TestSummarize::test_mixed_results PASSED         [ 64%]
tests/test_pipeline.py::TestProcessMonth::test_happy_path_returns_ok PASSED [ 64%]
tests/test_pipeline.py::TestProcessMonth::test_zip_none_returns_no_publicado PASSED [ 64%]
tests/test_pipeline.py::TestProcessMonth::test_circuit_open_returns_circuit_open PASSED [ 64%]
tests/test_pipeline.py::TestProcessMonth::test_download_exception_returns_error_descarga PASSED [ 64%]
tests/test_pipeline.py::TestProcessMonth::test_persist_exception_returns_error_persistencia PASSED [ 64%]
tests/test_pipeline.py::TestProcessMonth::test_sap_entries_are_counted PASSED [ 65%]
tests/test_pipeline.py::TestProcessMonth::test_adjudicaciones_are_persisted PASSED [ 65%]
tests/test_pipeline.py::TestProcessMonth::test_xml_parse_error_increments_entries_error PASSED [ 65%]
tests/test_pipeline.py::TestProcessMonth::test_adj_persist_error_is_logged_but_doesnt_fail PASSED [ 65%]
tests/test_property_based.py::TestParseSummaryProperties::test_always_returns_dict PASSED [ 65%]
tests/test_property_based.py::TestParseSummaryProperties::test_keys_are_subset_of_expected PASSED [ 65%]
tests/test_property_based.py::TestParseSummaryProperties::test_empty_or_none_returns_empty_dict PASSED [ 65%]
tests/test_property_based.py::TestParseSummaryProperties::test_importe_is_float_when_present PASSED [ 66%]
tests/test_property_based.py::TestParseSummaryProperties::test_moneda_is_nonempty_string_when_present PASSED [ 66%]
tests/test_property_based.py::TestParseSummaryProperties::test_well_formed_summary_parsed_correctly PASSED [ 66%]
tests/test_property_based.py::TestSafeUrlProperties::test_returns_none_or_string PASSED [ 66%]
tests/test_property_based.py::TestSafeUrlProperties::test_non_http_returns_none PASSED [ 66%]
tests/test_property_based.py::TestSafeUrlProperties::test_http_url_accepted PASSED [ 66%]
tests/test_property_based.py::TestSafeUrlProperties::test_https_url_accepted PASSED [ 66%]
tests/test_property_based.py::TestSafeUrlProperties::test_https_case_insensitive PASSED [ 67%]
tests/test_property_based.py::TestSafeUrlProperties::test_dangerous_schemes_rejected PASSED [ 67%]
tests/test_property_based.py::TestSafeUrlProperties::test_non_string_returns_none PASSED [ 67%]
tests/test_property_based.py::TestSafeUrlProperties::test_none_returns_none PASSED [ 67%]
tests/test_property_based.py::TestNormalizeCompanyProperties::test_returns_none_or_nonempty_string PASSED [ 67%]
tests/test_property_based.py::TestNormalizeCompanyProperties::test_result_has_no_leading_trailing_whitespace PASSED [ 67%]
tests/test_property_based.py::TestNormalizeCompanyProperties::test_result_is_uppercase PASSED [ 67%]
tests/test_property_based.py::TestNormalizeCompanyProperties::test_idempotent PASSED [ 68%]
tests/test_property_based.py::TestNormalizeCompanyProperties::test_empty_or_none_returns_none PASSED [ 68%]
tests/test_property_based.py::TestNormalizeCompanyProperties::test_non_string_returns_none PASSED [ 68%]
tests/test_property_based.py::TestNormalizeCompanyProperties::test_result_has_no_extra_internal_whitespace PASSED [ 68%]
tests/test_property_based.py::TestMatchesSapProperties::test_returns_bool_and_list PASSED [ 68%]
tests/test_property_based.py::TestMatchesSapProperties::test_variadic_never_raises PASSED [ 68%]
tests/test_property_based.py::TestMatchesSapProperties::test_found_list_is_sorted PASSED [ 68%]
tests/test_property_based.py::TestMatchesSapProperties::test_found_items_are_lowercase PASSED [ 68%]
tests/test_property_based.py::TestMatchesSapProperties::test_bool_consistent_with_list PASSED [ 69%]
tests/test_property_based.py::TestMatchesSapProperties::test_empty_or_none_returns_false_empty PASSED [ 69%]
tests/test_property_based.py::TestMatchesSapProperties::test_known_keyword_matches PASSED [ 69%]
tests/test_rate_limit.py::test_check_rate_limit_allows_under_threshold PASSED [ 69%]
tests/test_rate_limit.py::test_check_rate_limit_blocks_over_threshold PASSED [ 69%]
tests/test_rate_limit.py::test_check_rate_limit_window_slides PASSED     [ 69%]
tests/test_rate_limit.py::test_get_call_count_reflects_calls PASSED      [ 69%]
tests/test_rate_limit.py::test_reset_clears_counter PASSED               [ 70%]
tests/test_rate_limit.py::test_distinct_keys_have_independent_counters PASSED [ 70%]
tests/test_rate_limit.py::test_throttled_returns_true_under_limit PASSED [ 70%]
tests/test_rate_limit.py::test_throttled_returns_false_over_limit PASSED [ 70%]
tests/test_rate_limit.py::test_db_rate_limit_cleanup_expired PASSED      [ 70%]
tests/test_rate_limit.py::test_db_is_login_locked_out_not_locked PASSED  [ 70%]
tests/test_rate_limit.py::test_db_record_failed_login_increments PASSED  [ 70%]
tests/test_rate_limit.py::test_db_clear_login_attempts_works PASSED      [ 71%]
tests/test_rate_limit.py::test_db_rate_limit_fail_open_on_bad_key PASSED [ 71%]
tests/test_resilience.py::test_is_transient_connection_error PASSED      [ 71%]
tests/test_resilience.py::test_is_transient_http_5xx PASSED              [ 71%]
tests/test_resilience.py::test_is_transient_http_429 PASSED              [ 71%]
tests/test_resilience.py::test_is_transient_http_4xx_not_retried PASSED  [ 71%]
tests/test_resilience.py::test_is_transient_random_error_not_retried PASSED [ 71%]
tests/test_resilience.py::test_http_retry_reraises_after_exhaustion PASSED [ 72%]
tests/test_resilience.py::test_http_retry_stops_on_non_transient PASSED  [ 72%]
tests/test_resilience.py::test_breaker_opens_after_consecutive_failures PASSED [ 72%]
tests/test_resilience.py::test_placsp_breaker_exported PASSED            [ 72%]
tests/test_round2.py::TestApplyFilters::test_regex_chars_do_not_crash PASSED [ 72%]
tests/test_round2.py::TestApplyFilters::test_query_searches_organo PASSED [ 72%]
tests/test_round2.py::TestApplyFilters::test_empty_state_returns_all PASSED [ 72%]
tests/test_round2.py::TestApplyFilters::test_combined_filters PASSED     [ 73%]
tests/test_round2.py::TestPdfHtmlEscape::test_html_in_filters_is_escaped PASSED [ 73%]
tests/test_round2.py::TestMatchesCcaaCaseInsensitive::test_case_mismatch_still_matches PASSED [ 73%]
tests/test_round2.py::TestMatchesCcaaCaseInsensitive::test_case_mismatch_reverse PASSED [ 73%]
tests/test_round2.py::TestFromQueryParamsInvertedDates::test_inverted_dates_are_corrected PASSED [ 73%]
tests/test_round2.py::TestFromQueryParamsInvertedDates::test_normal_order_unchanged PASSED [ 73%]
tests/test_round2.py::TestUserKey::test_returns_stable_hash PASSED       [ 73%]
tests/test_round2.py::TestUserKey::test_different_password_different_key PASSED [ 74%]
tests/test_round2.py::TestAtomicDownload::test_tmp_file_used_during_download PASSED [ 74%]
tests/test_round2.py::TestConnectAutoReconnect::test_connect_works_after_close_pool PASSED [ 74%]
tests/test_round2.py::TestLoggingIdempotency::test_configure_only_runs_once PASSED [ 74%]
tests/test_run_update.py::test_main_daily_returns_0_on_ok PASSED         [ 74%]
tests/test_run_update.py::test_main_daily_returns_1_on_error_status PASSED [ 74%]
tests/test_run_update.py::test_main_recent_ok_returns_0 PASSED           [ 74%]
tests/test_run_update.py::test_main_recent_with_failures_returns_1 PASSED [ 75%]
tests/test_run_update.py::test_main_fatal_exception_returns_1 PASSED     [ 75%]
tests/test_run_update.py::test_main_backfill_ok PASSED                   [ 75%]
tests/test_run_update.py::test_handle_daily_result_skips_on_non_ok PASSED [ 75%]
tests/test_run_update.py::test_handle_daily_result_notifies_on_modifications PASSED [ 75%]
tests/test_run_update.py::test_handle_daily_result_no_notify_when_no_modifications PASSED [ 75%]
tests/test_run_update.py::test_handle_daily_result_watchlist_exception_is_logged PASSED [ 75%]
tests/test_security.py::TestSafeUrl::test_http_valida PASSED             [ 75%]
tests/test_security.py::TestSafeUrl::test_https_valida PASSED            [ 76%]
tests/test_security.py::TestSafeUrl::test_https_con_query_params PASSED  [ 76%]
tests/test_security.py::TestSafeUrl::test_https_con_fragment PASSED      [ 76%]
tests/test_security.py::TestSafeUrl::test_url_con_espacios_iniciales PASSED [ 76%]
tests/test_security.py::TestSafeUrl::test_javascript_uri PASSED          [ 76%]
tests/test_security.py::TestSafeUrl::test_javascript_uri_mayusculas PASSED [ 76%]
tests/test_security.py::TestSafeUrl::test_javascript_con_espacios PASSED [ 76%]
tests/test_security.py::TestSafeUrl::test_data_uri PASSED                [ 77%]
tests/test_security.py::TestSafeUrl::test_vbscript_uri PASSED            [ 77%]
tests/test_security.py::TestSafeUrl::test_file_uri PASSED                [ 77%]
tests/test_security.py::TestSafeUrl::test_ruta_relativa PASSED           [ 77%]
tests/test_security.py::TestSafeUrl::test_hash_no_es_url_valida PASSED   [ 77%]
tests/test_security.py::TestSafeUrl::test_none_devuelve_none PASSED      [ 77%]
tests/test_security.py::TestSafeUrl::test_string_vacio_devuelve_none PASSED [ 77%]
tests/test_security.py::TestSafeUrl::test_no_string_devuelve_none PASSED [ 78%]
tests/test_security.py::TestSafeUrl::test_solo_espacios_devuelve_none PASSED [ 78%]
tests/test_stats.py::TestKpis::test_empty_returns_zeros PASSED           [ 78%]
tests/test_stats.py::TestKpis::test_non_empty_totals PASSED              [ 78%]
tests/test_stats.py::TestPorMes::test_empty_returns_empty_df PASSED      [ 78%]
tests/test_stats.py::TestPorMes::test_groups_by_month PASSED             [ 78%]
tests/test_stats.py::TestPorMes::test_all_nat_returns_empty PASSED       [ 78%]
tests/test_stats.py::TestTopOrganos::test_empty_returns_empty_df PASSED  [ 79%]
tests/test_stats.py::TestTopOrganos::test_returns_correct_columns PASSED [ 79%]
tests/test_stats.py::TestTopOrganos::test_sorted_descending PASSED       [ 79%]
tests/test_stats.py::TestPorEstado::test_empty_returns_empty_df PASSED   [ 79%]
tests/test_stats.py::TestPorEstado::test_counts_correctly PASSED         [ 79%]
tests/test_stats.py::TestPorCpv::test_empty_returns_empty_df PASSED      [ 79%]
tests/test_stats.py::TestPorCpv::test_top_n_limit PASSED                 [ 79%]
tests/test_stats.py::TestYoyDelta::test_count_agg PASSED                 [ 80%]
tests/test_stats.py::TestYoyDelta::test_sum_agg PASSED                   [ 80%]
tests/test_stats.py::TestYoyDelta::test_mean_agg PASSED                  [ 80%]
tests/test_stats.py::TestYoyDelta::test_nunique_agg PASSED               [ 80%]
tests/test_stats.py::TestYoyDelta::test_unknown_agg_returns_zeros PASSED [ 80%]
tests/test_stats.py::TestYoyDelta::test_no_prev_period_returns_pct_zero PASSED [ 80%]
tests/test_stats.py::TestTasaAnulacion::test_empty_returns_zero PASSED   [ 80%]
tests/test_stats.py::TestTasaAnulacion::test_no_anuladas_returns_zero PASSED [ 81%]
tests/test_stats.py::TestTasaAnulacion::test_all_anuladas_returns_100 PASSED [ 81%]
tests/test_stats.py::TestTasaAnulacion::test_partial_rate PASSED         [ 81%]
tests/test_stats.py::TestTasaAnulacion::test_records_outside_12_months_excluded PASSED [ 81%]
tests/test_stats.py::TestLeadTimeMedio::test_empty_returns_none PASSED   [ 81%]
tests/test_stats.py::TestLeadTimeMedio::test_returns_median_positive_days PASSED [ 81%]
tests/test_stats.py::TestLeadTimeMedio::test_negative_days_excluded PASSED [ 81%]
tests/test_stats.py::TestFunnelEstados::test_returns_all_order_rows PASSED [ 81%]
tests/test_stats.py::TestFunnelEstados::test_missing_estado_shows_zero PASSED [ 82%]
tests/test_stats.py::TestFunnelEstados::test_pct_sums_to_100_when_all_represented PASSED [ 82%]
tests/test_stats.py::TestHhiConcentracion::test_empty_returns_zero PASSED [ 82%]
tests/test_stats.py::TestHhiConcentracion::test_monopolio_cerca_de_10000 PASSED [ 82%]
tests/test_stats.py::TestHhiConcentracion::test_dos_iguales_son_5000 PASSED [ 82%]
tests/test_stats.py::TestHhiConcentracion::test_sin_columna_importe_adjudicado_returns_zero PASSED [ 82%]
tests/test_stats.py::TestHhiConcentracion::test_total_cero_returns_zero PASSED [ 82%]
tests/test_stats.py::TestPctOfertaUnica::test_empty_after_dropna_returns_zero PASSED [ 83%]
tests/test_stats.py::TestPctOfertaUnica::test_all_single_bids PASSED     [ 83%]
tests/test_stats.py::TestPctOfertaUnica::test_half_single_bids PASSED    [ 83%]
tests/test_stats.py::TestMediaMovil::test_window_3 PASSED                [ 83%]
tests/test_stats.py::TestMediaMovil::test_min_periods_1 PASSED           [ 83%]
tests/test_stats.py::TestRiskFlags::test_empty_lics_returns_empty PASSED [ 83%]
tests/test_stats.py::TestRiskFlags::test_no_adj_returns_no_monopolio_no_baja_competencia PASSED [ 83%]
tests/test_stats.py::TestRiskFlags::test_monopolio_flag_detected PASSED  [ 84%]
tests/test_stats.py::TestRiskFlags::test_baja_competencia_flag_detected PASSED [ 84%]
tests/test_stats.py::TestRiskFlags::test_alta_anulacion_flag_detected PASSED [ 84%]
tests/test_stats.py::TestRiskFlags::test_presupuesto_bajo_flag_detected PASSED [ 84%]
tests/test_stats.py::TestRiskFlags::test_score_reflects_flag_count PASSED [ 84%]
tests/test_stats.py::TestRiskFlags::test_clean_row_has_empty_flags PASSED [ 84%]
tests/test_stats.py::TestVentanaAnticipacion::test_empty_returns_none PASSED [ 84%]
tests/test_stats.py::TestVentanaAnticipacion::test_missing_column_returns_none PASSED [ 85%]
tests/test_stats.py::TestVentanaAnticipacion::test_returns_median_days PASSED [ 85%]
tests/test_stats.py::TestIndiceNovedad::test_empty_returns_zero PASSED   [ 85%]
tests/test_stats.py::TestIndiceNovedad::test_no_adj_returns_100 PASSED   [ 85%]
tests/test_stats.py::TestIndiceNovedad::test_half_novedad PASSED         [ 85%]
tests/test_stats.py::TestGeoKpis::test_ccaa_mas_activa_empty PASSED      [ 85%]
tests/test_stats.py::TestGeoKpis::test_ccaa_mas_activa_picks_top PASSED  [ 85%]
tests/test_stats.py::TestGeoKpis::test_concentracion_geografica_empty PASSED [ 86%]
tests/test_stats.py::TestGeoKpis::test_concentracion_geografica_top1_is_100 PASSED [ 86%]
tests/test_stats.py::TestGeoKpis::test_mes_pico_empty PASSED             [ 86%]
tests/test_stats.py::TestGeoKpis::test_mes_pico_returns_max_importe_month PASSED [ 86%]
tests/test_stats.py::TestRatioRelicitacion::test_empty_pipeline_returns_zero PASSED [ 86%]
tests/test_stats.py::TestRatioRelicitacion::test_empty_adj_returns_zero PASSED [ 86%]
tests/test_stats.py::TestRatioRelicitacion::test_half_relicitacion PASSED [ 86%]
tests/test_stats.py::TestRatioRelicitacion::test_all_relicitacion PASSED [ 87%]
tests/test_stats.py::TestSparklineSeries::test_empty_df PASSED           [ 87%]
tests/test_stats.py::TestSparklineSeries::test_returns_list_of_floats PASSED [ 87%]
tests/test_stats.py::TestSparklineSeries::test_sum_metric PASSED         [ 87%]
tests/test_stats.py::TestSparklineSeries::test_unknown_metric_returns_empty PASSED [ 87%]
tests/test_stats.py::TestAnomaly::test_not_enough_history PASSED         [ 87%]
tests/test_stats.py::TestAnomaly::test_no_anomaly_within_range PASSED    [ 87%]
tests/test_stats.py::TestAnomaly::test_anomaly_above_2_sigma PASSED      [ 87%]
tests/test_stats.py::TestAnomaly::test_constant_history_tolerance PASSED [ 88%]
tests/test_stats.py::TestImporteMedioModulo::test_empty PASSED           [ 88%]
tests/test_stats.py::TestImporteMedioModulo::test_groups_by_modulo PASSED [ 88%]
tests/test_stats.py::TestTopModuloYoy::test_empty_returns_none PASSED    [ 88%]
tests/test_stats.py::TestTopModuloYoy::test_picks_highest_growth PASSED  [ 88%]
tests/test_stats.py::TestPctMultiModulo::test_empty_returns_zero PASSED  [ 88%]
tests/test_stats.py::TestPctMultiModulo::test_half_multi PASSED          [ 88%]
tests/test_stats.py::TestTicketPorPlataforma::test_empty PASSED          [ 89%]
tests/test_stats.py::TestTicketPorPlataforma::test_detects_s4hana PASSED [ 89%]
tests/test_stats.py::TestPortfolioMatch::test_empty PASSED               [ 89%]
tests/test_stats.py::TestPortfolioMatch::test_custom_keywords PASSED     [ 89%]
tests/test_stats.py::TestPortfolioMatch::test_empty_keywords_returns_zero PASSED [ 89%]
tests/test_stats.py::TestCalientesHoy::test_empty_returns_empty PASSED   [ 89%]
tests/test_stats.py::TestCalientesHoy::test_filters_by_estado_and_p75 PASSED [ 89%]
tests/test_stats.py::TestVencenEn::test_empty PASSED                     [ 90%]
tests/test_stats.py::TestVencenEn::test_count_in_window PASSED           [ 90%]
tests/test_stats.py::TestVelocityFunnel::test_empty_no_keys PASSED       [ 90%]
tests/test_stats.py::TestVelocityFunnel::test_pub_a_fin_plazo PASSED     [ 90%]
tests/test_stats.py::TestTasaConversionOrgano::test_empty PASSED         [ 90%]
tests/test_stats.py::TestTasaConversionOrgano::test_min_5_lics_filter PASSED [ 90%]
tests/test_stats.py::TestCalidadDato::test_empty_returns_zeros PASSED    [ 90%]
tests/test_stats.py::TestCalidadDato::test_completitud PASSED            [ 91%]
tests/test_stats.py::TestScoreOportunidad::test_empty_df PASSED          [ 91%]
tests/test_stats.py::TestScoreOportunidad::test_returns_expected_columns PASSED [ 91%]
tests/test_stats.py::TestScoreOportunidad::test_scores_in_range_0_100 PASSED [ 91%]
tests/test_stats.py::TestScoreOportunidad::test_sap_project_scores_higher_than_office_supplies PASSED [ 91%]
tests/test_stats.py::TestScoreOportunidad::test_desglose_sums_approximately_to_score PASSED [ 91%]
tests/test_stats.py::TestScoreOportunidad::test_banda_assigned_from_score PASSED [ 91%]
tests/test_stats.py::TestScoreOportunidad::test_custom_weights_override PASSED [ 92%]
tests/test_stats.py::TestScoreOportunidad::test_expired_plazo_gets_zero_plazo_points PASSED [ 92%]
tests/test_stats.py::TestScoreOportunidad::test_with_adjudicaciones_adds_competencia_signal PASSED [ 92%]
tests/test_stats.py::TestKpisOrgano::test_empty_returns_zeros PASSED     [ 92%]
tests/test_stats.py::TestKpisOrgano::test_organo_no_existe_devuelve_zeros PASSED [ 92%]
tests/test_stats.py::TestKpisOrgano::test_basic_kpis_filtrando_por_organo PASSED [ 92%]
tests/test_stats.py::TestKpisOrgano::test_organo_none_usa_todo_el_df PASSED [ 92%]
tests/test_stats.py::TestKpisOrgano::test_top_adjudicatario_calculado PASSED [ 93%]
tests/test_stats.py::TestComparePeriods::test_basic_compare PASSED       [ 93%]
tests/test_stats.py::TestComparePeriods::test_empty_range_a PASSED       [ 93%]
tests/test_turso_sync.py::test_connect_and_migrate_on_sqlite_path PASSED [ 93%]
tests/test_turso_sync.py::test_upsert_then_readback_preserves_row PASSED [ 93%]
tests/test_turso_sync.py::test_schema_version_tracks_applied_migrations PASSED [ 93%]
tests/test_turso_sync.py::test_second_init_does_not_duplicate_schema_rows PASSED [ 93%]
tests/test_users.py::test_get_or_create_oauth_user PASSED                [ 93%]
tests/test_users.py::test_different_users_get_different_ids PASSED       [ 94%]
tests/test_users.py::test_get_user_by_id PASSED                          [ 94%]
tests/test_users.py::test_get_user_by_id_not_found PASSED                [ 94%]
tests/test_users.py::test_get_user_by_email PASSED                       [ 94%]
tests/test_users.py::test_get_user_by_email_not_found PASSED             [ 94%]
tests/test_users.py::test_existing_email_links_oauth PASSED              [ 94%]
tests/test_users.py::test_watchlist_with_user_id PASSED                  [ 94%]
tests/test_users.py::test_log_access_oauth PASSED                        [ 95%]
tests/test_users.py::test_log_access_password PASSED                     [ 95%]
tests/test_users.py::test_multiple_accesses_logged PASSED                [ 95%]
tests/test_utils.py::TestFmtEur::test_none_returns_dash PASSED           [ 95%]
tests/test_utils.py::TestFmtEur::test_nan_returns_dash PASSED            [ 95%]
tests/test_utils.py::TestFmtEur::test_small_amount PASSED                [ 95%]
tests/test_utils.py::TestFmtEur::test_thousands PASSED                   [ 95%]
tests/test_utils.py::TestFmtEur::test_millions PASSED                    [ 96%]
tests/test_utils.py::TestFmtEur::test_billions PASSED                    [ 96%]
tests/test_utils.py::TestFmtEur::test_zero PASSED                        [ 96%]
tests/test_utils.py::TestFmtEur::test_negative_small PASSED              [ 96%]
tests/test_utils.py::TestFmtEur::test_negative_millions PASSED           [ 96%]
tests/test_utils.py::TestFmtEur::test_exactly_1000 PASSED                [ 96%]
tests/test_utils.py::TestFmtEur::test_exactly_1_million PASSED           [ 96%]
tests/test_utils.py::TestFmtEur::test_exactly_1_billion PASSED           [ 97%]
tests/test_utils.py::TestToExcelBytes::test_returns_non_empty_bytes PASSED [ 97%]
tests/test_utils.py::TestToExcelBytes::test_excludes_modulos_column PASSED [ 97%]
tests/test_utils.py::TestToExcelBytes::test_handles_tz_aware_datetime PASSED [ 97%]
tests/test_watchlist.py::test_crud_lifecycle PASSED                      [ 97%]
tests/test_watchlist.py::test_add_entry_is_idempotent PASSED             [ 97%]
tests/test_watchlist.py::test_matches_licitacion_cpv_prefix PASSED       [ 97%]
tests/test_watchlist.py::test_matches_licitacion_keyword_case_insensitive PASSED [ 98%]
tests/test_watchlist.py::test_matches_licitacion_importe_filter PASSED   [ 98%]
tests/test_watchlist.py::test_matches_licitacion_ccaa_filter PASSED      [ 98%]
tests/test_watchlist.py::test_watchlist_matching_with_categorical_columns PASSED [ 98%]
tests/test_watchlist_alerts.py::test_user_key_uses_password PASSED       [ 98%]
tests/test_watchlist_alerts.py::test_user_key_fallback_to_computername PASSED [ 98%]
tests/test_watchlist_alerts.py::test_build_body_contains_count PASSED    [ 98%]
tests/test_watchlist_alerts.py::test_build_body_with_keyword_and_importe PASSED [ 99%]
tests/test_watchlist_alerts.py::test_build_body_truncates_at_10 PASSED   [ 99%]
tests/test_watchlist_alerts.py::test_build_body_no_importe_shows_dash PASSED [ 99%]
tests/test_watchlist_alerts.py::test_query_licitaciones_since_empty_db PASSED [ 99%]
tests/test_watchlist_alerts.py::test_check_and_notify_empty_watchlist_returns_zero PASSED [ 99%]
tests/test_watchlist_alerts.py::test_check_and_notify_no_email_no_notify PASSED [ 99%]
tests/test_watchlist_alerts.py::test_check_and_notify_with_matches_sends_alert FAILED [ 99%]
tests/test_watchlist_alerts.py::test_check_and_notify_with_email_no_matches_no_notify PASSED [100%]

================================== FAILURES ===================================
________ TestRollbackMechanics.test_returns_list_of_reverted_versions _________
tests\test_migration_rollbacks.py:72: in test_returns_list_of_reverted_versions
    assert reverted == [17, 16, 13]
E   AssertionError: assert [18, 17, 16, 13] == [17, 16, 13]
E     
E     At index 0 diff: 18 != 17
E     Left contains one more item: 13
E     
E     Full diff:
E       [
E     +     18,...
E     
E     ...Full output truncated (4 lines hidden), use '-vv' to show
---------------------------- Captured stderr call -----------------------------
{"version": 1, "description": "baseline_and_run_metrics", "event": "migration_applying", "level": "info", "logger": "db.migrations", "timestamp": "2026-05-13T16:29:33.795899Z"}
{"version": 2, "description": "user_watchlist", "event": "migration_applying", "level": "info", "logger": "db.migrations", "timestamp": "2026-05-13T16:29:33.796900Z"}
{"version": 3, "description": "watchlist_last_notified", "event": "migration_applying", "level": "info", "logger": "db.migrations", "timestamp": "2026-05-13T16:29:33.796900Z"}
{"version": 4, "description": "watchlist_email", "event": "migration_applying", "level": "info", "logger": "db.migrations", "timestamp": "2026-05-13T16:29:33.797900Z"}
{"version": 5, "description": "ingestion_cursors_and_history", "event": "migration_applying", "level": "info", "logger": "db.migrations", "timestamp": "2026-05-13T16:29:33.797900Z"}
{"version": 6, "description": "licitaciones_extra_columns", "event": "migration_applying", "level": "info", "logger": "db.migrations", "timestamp": "2026-05-13T16:29:33.797900Z"}
{"version": 7, "description": "fts5_licitaciones", "event": "migration_applying", "level": "info", "logger": "db.migrations", "timestamp": "2026-05-13T16:29:33.797900Z"}
{"version": 8, "description": "users_and_watchlist_user_id", "event": "migration_applying", "level": "info", "logger": "db.migrations", "timestamp": "2026-05-13T16:29:33.798899Z"}
{"version": 9, "description": "access_log", "event": "migration_applying", "level": "info", "logger": "db.migrations", "timestamp": "2026-05-13T16:29:33.798899Z"}
{"version": 10, "description": "users_is_admin", "event": "migration_applying", "level": "info", "logger": "db.migrations", "timestamp": "2026-05-13T16:29:33.798899Z"}
{"version": 11, "description": "failed_extractions_dedup_index", "event": "migration_applying", "level": "info", "logger": "db.migrations", "timestamp": "2026-05-13T16:29:33.799899Z"}
{"version": 12, "description": "rate_limits_table", "event": "migration_applying", "level": "info", "logger": "db.migrations", "timestamp": "2026-05-13T16:29:33.799899Z"}
{"version": 13, "description": "kpi_snapshots_table", "event": "migration_applying", "level": "info", "logger": "db.migrations", "timestamp": "2026-05-13T16:29:33.799899Z"}
{"version": 14, "description": "add_tecnologia_column", "event": "migration_applying", "level": "info", "logger": "db.migrations", "timestamp": "2026-05-13T16:29:33.799899Z"}
{"version": 15, "description": "watchlist_frequency", "event": "migration_applying", "level": "info", "logger": "db.migrations", "timestamp": "2026-05-13T16:29:33.800899Z"}
{"version": 16, "description": "saved_filters_table", "event": "migration_applying", "level": "info", "logger": "db.migrations", "timestamp": "2026-05-13T16:29:33.800899Z"}
{"version": 17, "description": "notification_reads_table", "event": "migration_applying", "level": "info", "logger": "db.migrations", "timestamp": "2026-05-13T16:29:33.800899Z"}
{"version": 18, "description": "pending_digests_and_audit_log", "event": "migration_applying", "level": "info", "logger": "db.migrations", "timestamp": "2026-05-13T16:29:33.801900Z"}
{"versions": [1, 2, 3, 4, 5, 6, 7, 8, 9, 10, 11, 12, 13, 14, 15, 16, 17, 18], "event": "migrations_applied", "level": "info", "logger": "db.migrations", "timestamp": "2026-05-13T16:29:33.801900Z"}
{"version": 18, "event": "migration_rollback", "level": "info", "logger": "db.migrations", "timestamp": "2026-05-13T16:29:33.801900Z"}
{"version": 17, "event": "migration_rollback", "level": "info", "logger": "db.migrations", "timestamp": "2026-05-13T16:29:33.802902Z"}
{"version": 16, "event": "migration_rollback", "level": "info", "logger": "db.migrations", "timestamp": "2026-05-13T16:29:33.802902Z"}
{"version": 13, "event": "migration_rollback", "level": "info", "logger": "db.migrations", "timestamp": "2026-05-13T16:29:33.802902Z"}
{"versions": [18, 17, 16, 13], "event": "migrations_rolled_back", "level": "info", "logger": "db.migrations", "timestamp": "2026-05-13T16:29:33.802902Z"}
------------------------------ Captured log call ------------------------------
INFO     db.migrations:migrations.py:421 {"version": 1, "description": "baseline_and_run_metrics", "event": "migration_applying", "level": "info", "logger": "db.migrations", "timestamp": "2026-05-13T16:29:33.795899Z"}
INFO     db.migrations:migrations.py:421 {"version": 2, "description": "user_watchlist", "event": "migration_applying", "level": "info", "logger": "db.migrations", "timestamp": "2026-05-13T16:29:33.796900Z"}
INFO     db.migrations:migrations.py:421 {"version": 3, "description": "watchlist_last_notified", "event": "migration_applying", "level": "info", "logger": "db.migrations", "timestamp": "2026-05-13T16:29:33.796900Z"}
INFO     db.migrations:migrations.py:421 {"version": 4, "description": "watchlist_email", "event": "migration_applying", "level": "info", "logger": "db.migrations", "timestamp": "2026-05-13T16:29:33.797900Z"}
INFO     db.migrations:migrations.py:421 {"version": 5, "description": "ingestion_cursors_and_history", "event": "migration_applying", "level": "info", "logger": "db.migrations", "timestamp": "2026-05-13T16:29:33.797900Z"}
INFO     db.migrations:migrations.py:421 {"version": 6, "description": "licitaciones_extra_columns", "event": "migration_applying", "level": "info", "logger": "db.migrations", "timestamp": "2026-05-13T16:29:33.797900Z"}
INFO     db.migrations:migrations.py:421 {"version": 7, "description": "fts5_licitaciones", "event": "migration_applying", "level": "info", "logger": "db.migrations", "timestamp": "2026-05-13T16:29:33.797900Z"}
INFO     db.migrations:migrations.py:421 {"version": 8, "description": "users_and_watchlist_user_id", "event": "migration_applying", "level": "info", "logger": "db.migrations", "timestamp": "2026-05-13T16:29:33.798899Z"}
INFO     db.migrations:migrations.py:421 {"version": 9, "description": "access_log", "event": "migration_applying", "level": "info", "logger": "db.migrations", "timestamp": "2026-05-13T16:29:33.798899Z"}
INFO     db.migrations:migrations.py:421 {"version": 10, "description": "users_is_admin", "event": "migration_applying", "level": "info", "logger": "db.migrations", "timestamp": "2026-05-13T16:29:33.798899Z"}
INFO     db.migrations:migrations.py:421 {"version": 11, "description": "failed_extractions_dedup_index", "event": "migration_applying", "level": "info", "logger": "db.migrations", "timestamp": "2026-05-13T16:29:33.799899Z"}
INFO     db.migrations:migrations.py:421 {"version": 12, "description": "rate_limits_table", "event": "migration_applying", "level": "info", "logger": "db.migrations", "timestamp": "2026-05-13T16:29:33.799899Z"}
INFO     db.migrations:migrations.py:421 {"version": 13, "description": "kpi_snapshots_table", "event": "migration_applying", "level": "info", "logger": "db.migrations", "timestamp": "2026-05-13T16:29:33.799899Z"}
INFO     db.migrations:migrations.py:421 {"version": 14, "description": "add_tecnologia_column", "event": "migration_applying", "level": "info", "logger": "db.migrations", "timestamp": "2026-05-13T16:29:33.799899Z"}
INFO     db.migrations:migrations.py:421 {"version": 15, "description": "watchlist_frequency", "event": "migration_applying", "level": "info", "logger": "db.migrations", "timestamp": "2026-05-13T16:29:33.800899Z"}
INFO     db.migrations:migrations.py:421 {"version": 16, "description": "saved_filters_table", "event": "migration_applying", "level": "info", "logger": "db.migrations", "timestamp": "2026-05-13T16:29:33.800899Z"}
INFO     db.migrations:migrations.py:421 {"version": 17, "description": "notification_reads_table", "event": "migration_applying", "level": "info", "logger": "db.migrations", "timestamp": "2026-05-13T16:29:33.800899Z"}
INFO     db.migrations:migrations.py:421 {"version": 18, "description": "pending_digests_and_audit_log", "event": "migration_applying", "level": "info", "logger": "db.migrations", "timestamp": "2026-05-13T16:29:33.801900Z"}
INFO     db.migrations:migrations.py:455 {"versions": [1, 2, 3, 4, 5, 6, 7, 8, 9, 10, 11, 12, 13, 14, 15, 16, 17, 18], "event": "migrations_applied", "level": "info", "logger": "db.migrations", "timestamp": "2026-05-13T16:29:33.801900Z"}
INFO     db.migrations:migrations.py:627 {"version": 18, "event": "migration_rollback", "level": "info", "logger": "db.migrations", "timestamp": "2026-05-13T16:29:33.801900Z"}
INFO     db.migrations:migrations.py:627 {"version": 17, "event": "migration_rollback", "level": "info", "logger": "db.migrations", "timestamp": "2026-05-13T16:29:33.802902Z"}
INFO     db.migrations:migrations.py:627 {"version": 16, "event": "migration_rollback", "level": "info", "logger": "db.migrations", "timestamp": "2026-05-13T16:29:33.802902Z"}
INFO     db.migrations:migrations.py:627 {"version": 13, "event": "migration_rollback", "level": "info", "logger": "db.migrations", "timestamp": "2026-05-13T16:29:33.802902Z"}
INFO     db.migrations:migrations.py:638 {"versions": [18, 17, 16, 13], "event": "migrations_rolled_back", "level": "info", "logger": "db.migrations", "timestamp": "2026-05-13T16:29:33.802902Z"}
_______________ test_check_and_notify_with_matches_sends_alert ________________
tests\test_watchlist_alerts.py:230: in test_check_and_notify_with_matches_sends_alert
    assert result == 1
E   assert 0 == 1
---------------------------- Captured stderr setup ----------------------------
{"version": 1, "description": "baseline_and_run_metrics", "event": "migration_applying", "run_id": "704b7ad6585b", "entrypoint": "update_daily", "level": "info", "logger": "db.migrations", "timestamp": "2026-05-13T16:30:42.291280Z"}
{"version": 2, "description": "user_watchlist", "event": "migration_applying", "run_id": "704b7ad6585b", "entrypoint": "update_daily", "level": "info", "logger": "db.migrations", "timestamp": "2026-05-13T16:30:42.298281Z"}
{"version": 3, "description": "watchlist_last_notified", "event": "migration_applying", "run_id": "704b7ad6585b", "entrypoint": "update_daily", "level": "info", "logger": "db.migrations", "timestamp": "2026-05-13T16:30:42.298281Z"}
{"version": 4, "description": "watchlist_email", "event": "migration_applying", "run_id": "704b7ad6585b", "entrypoint": "update_daily", "level": "info", "logger": "db.migrations", "timestamp": "2026-05-13T16:30:42.299791Z"}
{"version": 5, "description": "ingestion_cursors_and_history", "event": "migration_applying", "run_id": "704b7ad6585b", "entrypoint": "update_daily", "level": "info", "logger": "db.migrations", "timestamp": "2026-05-13T16:30:42.299791Z"}
{"version": 6, "description": "licitaciones_extra_columns", "event": "migration_applying", "run_id": "704b7ad6585b", "entrypoint": "update_daily", "level": "info", "logger": "db.migrations", "timestamp": "2026-05-13T16:30:42.301212Z"}
{"version": 7, "description": "fts5_licitaciones", "event": "migration_applying", "run_id": "704b7ad6585b", "entrypoint": "update_daily", "level": "info", "logger": "db.migrations", "timestamp": "2026-05-13T16:30:42.301973Z"}
{"version": 8, "description": "users_and_watchlist_user_id", "event": "migration_applying", "run_id": "704b7ad6585b", "entrypoint": "update_daily", "level": "info", "logger": "db.migrations", "timestamp": "2026-05-13T16:30:42.303982Z"}
{"version": 9, "description": "access_log", "event": "migration_applying", "run_id": "704b7ad6585b", "entrypoint": "update_daily", "level": "info", "logger": "db.migrations", "timestamp": "2026-05-13T16:30:42.304985Z"}
{"version": 10, "description": "users_is_admin", "event": "migration_applying", "run_id": "704b7ad6585b", "entrypoint": "update_daily", "level": "info", "logger": "db.migrations", "timestamp": "2026-05-13T16:30:42.305984Z"}
{"version": 11, "description": "failed_extractions_dedup_index", "event": "migration_applying", "run_id": "704b7ad6585b", "entrypoint": "update_daily", "level": "info", "logger": "db.migrations", "timestamp": "2026-05-13T16:30:42.307982Z"}
{"version": 12, "description": "rate_limits_table", "event": "migration_applying", "run_id": "704b7ad6585b", "entrypoint": "update_daily", "level": "info", "logger": "db.migrations", "timestamp": "2026-05-13T16:30:42.307982Z"}
{"version": 13, "description": "kpi_snapshots_table", "event": "migration_applying", "run_id": "704b7ad6585b", "entrypoint": "update_daily", "level": "info", "logger": "db.migrations", "timestamp": "2026-05-13T16:30:42.308981Z"}
{"version": 14, "description": "add_tecnologia_column", "event": "migration_applying", "run_id": "704b7ad6585b", "entrypoint": "update_daily", "level": "info", "logger": "db.migrations", "timestamp": "2026-05-13T16:30:42.309987Z"}
{"version": 15, "description": "watchlist_frequency", "event": "migration_applying", "run_id": "704b7ad6585b", "entrypoint": "update_daily", "level": "info", "logger": "db.migrations", "timestamp": "2026-05-13T16:30:42.311982Z"}
{"version": 16, "description": "saved_filters_table", "event": "migration_applying", "run_id": "704b7ad6585b", "entrypoint": "update_daily", "level": "info", "logger": "db.migrations", "timestamp": "2026-05-13T16:30:42.312488Z"}
{"version": 17, "description": "notification_reads_table", "event": "migration_applying", "run_id": "704b7ad6585b", "entrypoint": "update_daily", "level": "info", "logger": "db.migrations", "timestamp": "2026-05-13T16:30:42.313496Z"}
{"version": 18, "description": "pending_digests_and_audit_log", "event": "migration_applying", "run_id": "704b7ad6585b", "entrypoint": "update_daily", "level": "info", "logger": "db.migrations", "timestamp": "2026-05-13T16:30:42.314495Z"}
{"versions": [1, 2, 3, 4, 5, 6, 7, 8, 9, 10, 11, 12, 13, 14, 15, 16, 17, 18], "event": "migrations_applied", "run_id": "704b7ad6585b", "entrypoint": "update_daily", "level": "info", "logger": "db.migrations", "timestamp": "2026-05-13T16:30:42.315499Z"}
----------------------------- Captured log setup ------------------------------
INFO     db.migrations:migrations.py:421 {"version": 1, "description": "baseline_and_run_metrics", "event": "migration_applying", "run_id": "704b7ad6585b", "entrypoint": "update_daily", "level": "info", "logger": "db.migrations", "timestamp": "2026-05-13T16:30:42.291280Z"}
INFO     db.migrations:migrations.py:421 {"version": 2, "description": "user_watchlist", "event": "migration_applying", "run_id": "704b7ad6585b", "entrypoint": "update_daily", "level": "info", "logger": "db.migrations", "timestamp": "2026-05-13T16:30:42.298281Z"}
INFO     db.migrations:migrations.py:421 {"version": 3, "description": "watchlist_last_notified", "event": "migration_applying", "run_id": "704b7ad6585b", "entrypoint": "update_daily", "level": "info", "logger": "db.migrations", "timestamp": "2026-05-13T16:30:42.298281Z"}
INFO     db.migrations:migrations.py:421 {"version": 4, "description": "watchlist_email", "event": "migration_applying", "run_id": "704b7ad6585b", "entrypoint": "update_daily", "level": "info", "logger": "db.migrations", "timestamp": "2026-05-13T16:30:42.299791Z"}
INFO     db.migrations:migrations.py:421 {"version": 5, "description": "ingestion_cursors_and_history", "event": "migration_applying", "run_id": "704b7ad6585b", "entrypoint": "update_daily", "level": "info", "logger": "db.migrations", "timestamp": "2026-05-13T16:30:42.299791Z"}
INFO     db.migrations:migrations.py:421 {"version": 6, "description": "licitaciones_extra_columns", "event": "migration_applying", "run_id": "704b7ad6585b", "entrypoint": "update_daily", "level": "info", "logger": "db.migrations", "timestamp": "2026-05-13T16:30:42.301212Z"}
INFO     db.migrations:migrations.py:421 {"version": 7, "description": "fts5_licitaciones", "event": "migration_applying", "run_id": "704b7ad6585b", "entrypoint": "update_daily", "level": "info", "logger": "db.migrations", "timestamp": "2026-05-13T16:30:42.301973Z"}
INFO     db.migrations:migrations.py:421 {"version": 8, "description": "users_and_watchlist_user_id", "event": "migration_applying", "run_id": "704b7ad6585b", "entrypoint": "update_daily", "level": "info", "logger": "db.migrations", "timestamp": "2026-05-13T16:30:42.303982Z"}
INFO     db.migrations:migrations.py:421 {"version": 9, "description": "access_log", "event": "migration_applying", "run_id": "704b7ad6585b", "entrypoint": "update_daily", "level": "info", "logger": "db.migrations", "timestamp": "2026-05-13T16:30:42.304985Z"}
INFO     db.migrations:migrations.py:421 {"version": 10, "description": "users_is_admin", "event": "migration_applying", "run_id": "704b7ad6585b", "entrypoint": "update_daily", "level": "info", "logger": "db.migrations", "timestamp": "2026-05-13T16:30:42.305984Z"}
INFO     db.migrations:migrations.py:421 {"version": 11, "description": "failed_extractions_dedup_index", "event": "migration_applying", "run_id": "704b7ad6585b", "entrypoint": "update_daily", "level": "info", "logger": "db.migrations", "timestamp": "2026-05-13T16:30:42.307982Z"}
INFO     db.migrations:migrations.py:421 {"version": 12, "description": "rate_limits_table", "event": "migration_applying", "run_id": "704b7ad6585b", "entrypoint": "update_daily", "level": "info", "logger": "db.migrations", "timestamp": "2026-05-13T16:30:42.307982Z"}
INFO     db.migrations:migrations.py:421 {"version": 13, "description": "kpi_snapshots_table", "event": "migration_applying", "run_id": "704b7ad6585b", "entrypoint": "update_daily", "level": "info", "logger": "db.migrations", "timestamp": "2026-05-13T16:30:42.308981Z"}
INFO     db.migrations:migrations.py:421 {"version": 14, "description": "add_tecnologia_column", "event": "migration_applying", "run_id": "704b7ad6585b", "entrypoint": "update_daily", "level": "info", "logger": "db.migrations", "timestamp": "2026-05-13T16:30:42.309987Z"}
INFO     db.migrations:migrations.py:421 {"version": 15, "description": "watchlist_frequency", "event": "migration_applying", "run_id": "704b7ad6585b", "entrypoint": "update_daily", "level": "info", "logger": "db.migrations", "timestamp": "2026-05-13T16:30:42.311982Z"}
INFO     db.migrations:migrations.py:421 {"version": 16, "description": "saved_filters_table", "event": "migration_applying", "run_id": "704b7ad6585b", "entrypoint": "update_daily", "level": "info", "logger": "db.migrations", "timestamp": "2026-05-13T16:30:42.312488Z"}
INFO     db.migrations:migrations.py:421 {"version": 17, "description": "notification_reads_table", "event": "migration_applying", "run_id": "704b7ad6585b", "entrypoint": "update_daily", "level": "info", "logger": "db.migrations", "timestamp": "2026-05-13T16:30:42.313496Z"}
INFO     db.migrations:migrations.py:421 {"version": 18, "description": "pending_digests_and_audit_log", "event": "migration_applying", "run_id": "704b7ad6585b", "entrypoint": "update_daily", "level": "info", "logger": "db.migrations", "timestamp": "2026-05-13T16:30:42.314495Z"}
INFO     db.migrations:migrations.py:455 {"versions": [1, 2, 3, 4, 5, 6, 7, 8, 9, 10, 11, 12, 13, 14, 15, 16, 17, 18], "event": "migrations_applied", "run_id": "704b7ad6585b", "entrypoint": "update_daily", "level": "info", "logger": "db.migrations", "timestamp": "2026-05-13T16:30:42.315499Z"}
---------------------------- Captured stderr call -----------------------------
{"recipient": "test@example.com", "stored": 1, "frequency": "daily", "event": "watchlist_digest_queued", "run_id": "704b7ad6585b", "entrypoint": "update_daily", "level": "info", "logger": "scheduler.watchlist_alerts", "timestamp": "2026-05-13T16:30:42.327025Z"}
------------------------------ Captured log call ------------------------------
INFO     scheduler.watchlist_alerts:watchlist_alerts.py:261 {"recipient": "test@example.com", "stored": 1, "frequency": "daily", "event": "watchlist_digest_queued", "run_id": "704b7ad6585b", "entrypoint": "update_daily", "level": "info", "logger": "scheduler.watchlist_alerts", "timestamp": "2026-05-13T16:30:42.327025Z"}
============================== warnings summary ===============================
tests\test_ml_realistic.py:15
  C:\Users\dkalitovicsdorta\AppData\Local\Temp\Licitaciones_sap_SP\tests\test_ml_realistic.py:15: PytestUnknownMarkWarning: Unknown pytest.mark.slow - is this a typo?  You can register custom marks to avoid this warning - for details, see https://docs.pytest.org/en/stable/how-to/mark.html
    pytestmark = pytest.mark.slow

tests\test_performance.py:15
  C:\Users\dkalitovicsdorta\AppData\Local\Temp\Licitaciones_sap_SP\tests\test_performance.py:15: PytestUnknownMarkWarning: Unknown pytest.mark.slow - is this a typo?  You can register custom marks to avoid this warning - for details, see https://docs.pytest.org/en/stable/how-to/mark.html
    pytestmark = pytest.mark.slow

-- Docs: https://docs.pytest.org/en/stable/how-to/capture-warnings.html
=========================== short test summary info ===========================
FAILED tests/test_migration_rollbacks.py::TestRollbackMechanics::test_returns_list_of_reverted_versions
FAILED tests/test_watchlist_alerts.py::test_check_and_notify_with_matches_sends_alert
============ 2 failed, 714 passed, 2 warnings in 115.91s (0:01:55) ============
